GPU: NVIDIA GeForce RTX 5090  arch=deltanet
Loading tokeniser HuggingFaceTB/SmolLM2-135M ...
  vocab size: 49152
Loading dataset codeparrot/codeparrot-clean (streaming) ...
  no val/test split — using shuffled train tail as validation
  params: 217.3M  aux_dim=0  feedback=film@d=1
Loading frozen encoder for L_sem: /home/knielsen/ml/parallel-ss-dep/checkpoints/dn_baseline_30L_217M_for_oracle.pt
Loading oracle predictive head: /home/knielsen/ml/parallel-ss-dep/checkpoints/oracle_predictive_head_217M.pt
  encoder: 216.3M params, oracle: 8.13M params
  semantic_loss_beta = 0.3

  step     tok/s     tloss        ce      lsem   nstmt         lr
[transformers] Token indices sequence length is longer than the specified maximum sequence length for this model (93413 > 8192). Running this sequence through the model will result in indexing errors
<unknown>:119: SyntaxWarning: invalid escape sequence '\.'
<unknown>:281: SyntaxWarning: invalid escape sequence '\d'
<unknown>:292: SyntaxWarning: invalid escape sequence '\d'
<unknown>:91: SyntaxWarning: invalid escape sequence '\/'
<unknown>:112: SyntaxWarning: invalid escape sequence '\d'
[transformers] Token indices sequence length is longer than the specified maximum sequence length for this model (45285 > 8192). Running this sequence through the model will result in indexing errors
<unknown>:724: SyntaxWarning: invalid escape sequence '\s'
<unknown>:489: SyntaxWarning: invalid escape sequence '\*'
<unknown>:377: SyntaxWarning: invalid escape sequence '\/'
<unknown>:562: SyntaxWarning: invalid escape sequence '\S'
<unknown>:1547: SyntaxWarning: invalid escape sequence '\.'
<unknown>:1798: SyntaxWarning: invalid escape sequence '\.'
<unknown>:1803: SyntaxWarning: invalid escape sequence '\.'
<unknown>:1810: SyntaxWarning: invalid escape sequence '\.'
<unknown>:85: SyntaxWarning: invalid escape sequence '\.'
<unknown>:29: SyntaxWarning: invalid escape sequence '\w'
<unknown>:242: SyntaxWarning: invalid escape sequence '\s'
<unknown>:29: SyntaxWarning: invalid escape sequence '\d'
<unknown>:1111: SyntaxWarning: invalid escape sequence '\s'
<unknown>:1558: SyntaxWarning: invalid escape sequence '\>'
<unknown>:164: SyntaxWarning: invalid escape sequence '\w'
<unknown>:166: SyntaxWarning: invalid escape sequence '\w'
<unknown>:172: SyntaxWarning: invalid escape sequence '\s'
<unknown>:174: SyntaxWarning: invalid escape sequence '\s'
<unknown>:180: SyntaxWarning: invalid escape sequence '\s'
<unknown>:182: SyntaxWarning: invalid escape sequence '\s'
<unknown>:188: SyntaxWarning: invalid escape sequence '\s'
<unknown>:190: SyntaxWarning: invalid escape sequence '\s'
<unknown>:196: SyntaxWarning: invalid escape sequence '\s'
<unknown>:201: SyntaxWarning: invalid escape sequence '\s'
<unknown>:24: SyntaxWarning: invalid escape sequence '\.'
<unknown>:33: SyntaxWarning: invalid escape sequence '\s'
<unknown>:48: SyntaxWarning: invalid escape sequence '\d'
<unknown>:121: SyntaxWarning: invalid escape sequence '\w'
<unknown>:148: SyntaxWarning: invalid escape sequence '\d'
<unknown>:152: SyntaxWarning: invalid escape sequence '\d'
<unknown>:154: SyntaxWarning: invalid escape sequence '\d'
<unknown>:156: SyntaxWarning: invalid escape sequence '\w'
<unknown>:160: SyntaxWarning: invalid escape sequence '\w'
<unknown>:161: SyntaxWarning: invalid escape sequence '\w'
<unknown>:163: SyntaxWarning: invalid escape sequence '\d'
<unknown>:166: SyntaxWarning: invalid escape sequence '\d'
<unknown>:168: SyntaxWarning: invalid escape sequence '\d'
<unknown>:212: SyntaxWarning: invalid escape sequence '\d'
<unknown>:183: SyntaxWarning: invalid escape sequence '\s'
<unknown>:43: SyntaxWarning: invalid escape sequence '\d'
   200     15688    6.3874    6.3874    0.4225   119.1   2.99e-04  α=[2<-28:-0.036]
<unknown>:40: SyntaxWarning: invalid escape sequence '\s'
<unknown>:245: SyntaxWarning: invalid escape sequence '\('
<unknown>:448: SyntaxWarning: invalid escape sequence '\w'
<unknown>:538: SyntaxWarning: invalid escape sequence '\s'
<unknown>:539: SyntaxWarning: invalid escape sequence '\s'
<unknown>:540: SyntaxWarning: invalid escape sequence '\s'
<unknown>:541: SyntaxWarning: invalid escape sequence '\s'
<unknown>:542: SyntaxWarning: invalid escape sequence '\*'
<unknown>:544: SyntaxWarning: invalid escape sequence '\s'
<unknown>:545: SyntaxWarning: invalid escape sequence '\s'
<unknown>:546: SyntaxWarning: invalid escape sequence '\s'
<unknown>:547: SyntaxWarning: invalid escape sequence '\s'
<unknown>:548: SyntaxWarning: invalid escape sequence '\s'
<unknown>:549: SyntaxWarning: invalid escape sequence '\s'
<unknown>:636: SyntaxWarning: invalid escape sequence '\s'
<unknown>:637: SyntaxWarning: invalid escape sequence '\s'
<unknown>:638: SyntaxWarning: invalid escape sequence '\s'
<unknown>:639: SyntaxWarning: invalid escape sequence '\s'
<unknown>:640: SyntaxWarning: invalid escape sequence '\*'
<unknown>:642: SyntaxWarning: invalid escape sequence '\s'
<unknown>:643: SyntaxWarning: invalid escape sequence '\s'
<unknown>:644: SyntaxWarning: invalid escape sequence '\s'
<unknown>:645: SyntaxWarning: invalid escape sequence '\s'
<unknown>:646: SyntaxWarning: invalid escape sequence '\s'
<unknown>:647: SyntaxWarning: invalid escape sequence '\s'
<unknown>:1026: SyntaxWarning: invalid escape sequence '\['
<unknown>:1036: SyntaxWarning: invalid escape sequence '\['
<unknown>:1046: SyntaxWarning: invalid escape sequence '\['
<unknown>:29: SyntaxWarning: invalid escape sequence '\w'
<unknown>:20: SyntaxWarning: invalid escape sequence '\.'
<unknown>:400: SyntaxWarning: invalid escape sequence '\h'
<unknown>:422: SyntaxWarning: invalid escape sequence '\h'
<unknown>:224: SyntaxWarning: invalid escape sequence '\d'
<unknown>:272: SyntaxWarning: invalid escape sequence '\d'
<unknown>:284: SyntaxWarning: invalid escape sequence '\d'
<unknown>:318: SyntaxWarning: invalid escape sequence '\d'
<unknown>:331: SyntaxWarning: invalid escape sequence '\d'
<unknown>:1: SyntaxWarning: invalid escape sequence '\*'
<unknown>:123: SyntaxWarning: invalid escape sequence '\p'
<unknown>:129: SyntaxWarning: invalid escape sequence '\p'
<unknown>:147: SyntaxWarning: invalid escape sequence '\p'
<unknown>:153: SyntaxWarning: invalid escape sequence '\p'
<unknown>:231: SyntaxWarning: invalid escape sequence '\p'
<unknown>:237: SyntaxWarning: invalid escape sequence '\p'
<unknown>:500: SyntaxWarning: invalid escape sequence '\,'
<unknown>:1185: SyntaxWarning: invalid escape sequence '\,'
<unknown>:1193: SyntaxWarning: invalid escape sequence '\,'
<unknown>:1277: SyntaxWarning: invalid escape sequence '\p'
<unknown>:1285: SyntaxWarning: invalid escape sequence '\p'
<unknown>:1294: SyntaxWarning: invalid escape sequence '\p'
<unknown>:1302: SyntaxWarning: invalid escape sequence '\p'
<unknown>:1477: SyntaxWarning: invalid escape sequence '\p'
<unknown>:1564: SyntaxWarning: invalid escape sequence '\m'
<unknown>:42: SyntaxWarning: invalid escape sequence '\d'
   400     15678    5.1398    5.1398    0.3025   138.7   2.96e-04  α=[2<-28:-0.052]
<unknown>:16: SyntaxWarning: invalid escape sequence '\d'
<unknown>:55: SyntaxWarning: invalid escape sequence '\d'
<unknown>:43: SyntaxWarning: invalid escape sequence '\('
<unknown>:44: SyntaxWarning: invalid escape sequence '\('
<unknown>:46: SyntaxWarning: invalid escape sequence '\)'
<unknown>:56: SyntaxWarning: invalid escape sequence '\.'
<unknown>:25: SyntaxWarning: invalid escape sequence '\d'
<unknown>:698: SyntaxWarning: invalid escape sequence '\d'
<unknown>:1291: SyntaxWarning: invalid escape sequence '\d'
<unknown>:398: SyntaxWarning: invalid escape sequence '\s'
   600     13774    4.6524    4.6524    0.2587   123.8   2.91e-04  α=[2<-28:-0.059]
<unknown>:87: SyntaxWarning: invalid escape sequence '\l'
<unknown>:50: SyntaxWarning: invalid escape sequence '\d'
<unknown>:68: SyntaxWarning: invalid escape sequence '\/'
<unknown>:121: SyntaxWarning: invalid escape sequence '\/'
<unknown>:143: SyntaxWarning: invalid escape sequence '\S'
<unknown>:226: SyntaxWarning: invalid escape sequence '\S'
<unknown>:231: SyntaxWarning: invalid escape sequence '\S'
<unknown>:237: SyntaxWarning: invalid escape sequence '\S'
<unknown>:246: SyntaxWarning: invalid escape sequence '\S'
<unknown>:255: SyntaxWarning: invalid escape sequence '\S'
<unknown>:53: SyntaxWarning: invalid escape sequence '\-'
<unknown>:56: SyntaxWarning: invalid escape sequence '\s'
<unknown>:274: SyntaxWarning: invalid escape sequence '\*'
<unknown>:17: SyntaxWarning: invalid escape sequence '\.'
<unknown>:102: SyntaxWarning: invalid escape sequence '\s'
<unknown>:157: SyntaxWarning: invalid escape sequence '\s'
<unknown>:268: SyntaxWarning: invalid escape sequence '\s'
<unknown>:288: SyntaxWarning: invalid escape sequence '\s'
<unknown>:319: SyntaxWarning: invalid escape sequence '\s'
<unknown>:321: SyntaxWarning: invalid escape sequence '\d'
<unknown>:123: SyntaxWarning: invalid escape sequence '\w'
<unknown>:124: SyntaxWarning: invalid escape sequence '\w'
<unknown>:130: SyntaxWarning: invalid escape sequence '\w'
<unknown>:131: SyntaxWarning: invalid escape sequence '\w'
<unknown>:122: SyntaxWarning: invalid escape sequence '\s'
<unknown>:218: SyntaxWarning: invalid escape sequence '\-'
<unknown>:237: SyntaxWarning: invalid escape sequence '\-'
<unknown>:485: SyntaxWarning: invalid escape sequence '\w'
<unknown>:24: SyntaxWarning: invalid escape sequence '\d'
<unknown>:165: SyntaxWarning: invalid escape sequence '\S'
<unknown>:166: SyntaxWarning: invalid escape sequence '\['
<unknown>:207: SyntaxWarning: invalid escape sequence '\['
<unknown>:456: SyntaxWarning: invalid escape sequence '\S'
<unknown>:184: SyntaxWarning: invalid escape sequence '\.'
<unknown>:28: SyntaxWarning: invalid escape sequence '\w'
<unknown>:29: SyntaxWarning: invalid escape sequence '\.'
<unknown>:271: SyntaxWarning: invalid escape sequence '\('
<unknown>:292: SyntaxWarning: invalid escape sequence '\('
<unknown>:293: SyntaxWarning: invalid escape sequence '\('
<unknown>:294: SyntaxWarning: invalid escape sequence '\w'
<unknown>:295: SyntaxWarning: invalid escape sequence '\S'
<unknown>:296: SyntaxWarning: invalid escape sequence '\w'
<unknown>:410: SyntaxWarning: invalid escape sequence '\('
<unknown>:411: SyntaxWarning: invalid escape sequence '\s'
<unknown>:412: SyntaxWarning: invalid escape sequence '\s'
<unknown>:413: SyntaxWarning: invalid escape sequence '\s'
<unknown>:414: SyntaxWarning: invalid escape sequence '\s'
<unknown>:463: SyntaxWarning: invalid escape sequence '\S'
<unknown>:464: SyntaxWarning: invalid escape sequence '\('
<unknown>:480: SyntaxWarning: invalid escape sequence '\('
<unknown>:325: SyntaxWarning: invalid escape sequence '\w'
<unknown>:476: SyntaxWarning: invalid escape sequence '\.'
<unknown>:84: SyntaxWarning: invalid escape sequence '\:'
<unknown>:114: SyntaxWarning: invalid escape sequence '\s'
<unknown>:119: SyntaxWarning: invalid escape sequence '\w'
<unknown>:64: SyntaxWarning: invalid escape sequence '\s'
   800     15657    4.8196    4.8196    0.2323   135.5   2.83e-04  α=[2<-28:-0.062]
<unknown>:261: SyntaxWarning: invalid escape sequence '\d'
<unknown>:73: SyntaxWarning: invalid escape sequence '\s'
<unknown>:114: SyntaxWarning: invalid escape sequence '\/'
<unknown>:115: SyntaxWarning: invalid escape sequence '\/'
<unknown>:116: SyntaxWarning: invalid escape sequence '\e'
<unknown>:466: SyntaxWarning: invalid escape sequence '\*'
<unknown>:476: SyntaxWarning: invalid escape sequence '\*'
<unknown>:486: SyntaxWarning: invalid escape sequence '\*'
<unknown>:496: SyntaxWarning: invalid escape sequence '\*'
<unknown>:507: SyntaxWarning: invalid escape sequence '\*'
<unknown>:517: SyntaxWarning: invalid escape sequence '\*'
<unknown>:527: SyntaxWarning: invalid escape sequence '\*'
<unknown>:388: SyntaxWarning: invalid escape sequence '\ '
<unknown>:17: SyntaxWarning: invalid escape sequence '\-'
<unknown>:116: SyntaxWarning: invalid escape sequence '\+'
<unknown>:117: SyntaxWarning: invalid escape sequence '\-'
<unknown>:77: SyntaxWarning: invalid escape sequence '\]'
<unknown>:60: SyntaxWarning: invalid escape sequence '\.'
<unknown>:61: SyntaxWarning: invalid escape sequence '\('
  1000     15692    4.5017    4.5017    0.1986   142.6   2.74e-04  α=[2<-28:-0.065]
[transformers] Token indices sequence length is longer than the specified maximum sequence length for this model (23199 > 8192). Running this sequence through the model will result in indexing errors
<unknown>:1120: SyntaxWarning: invalid escape sequence '\h'
<unknown>:56: SyntaxWarning: invalid escape sequence '\P'
        VAL  loss=4.7304  ppl=113.35
<unknown>:1775: SyntaxWarning: invalid escape sequence '\['
<unknown>:400: SyntaxWarning: invalid escape sequence '\h'
<unknown>:422: SyntaxWarning: invalid escape sequence '\h'
<unknown>:83: SyntaxWarning: invalid escape sequence '\.'
<unknown>:131: SyntaxWarning: invalid escape sequence '\@'
<unknown>:140: SyntaxWarning: invalid escape sequence '\.'
<unknown>:28: SyntaxWarning: invalid escape sequence '\*'
<unknown>:118: SyntaxWarning: invalid escape sequence '\_'
<unknown>:643: SyntaxWarning: invalid escape sequence '\_'
<unknown>:2599: SyntaxWarning: invalid escape sequence '\*'
<unknown>:16: SyntaxWarning: invalid escape sequence '\d'
<unknown>:19: SyntaxWarning: invalid escape sequence '\s'
<unknown>:25: SyntaxWarning: invalid escape sequence '\d'
<unknown>:28: SyntaxWarning: invalid escape sequence '\|'
<unknown>:109: SyntaxWarning: invalid escape sequence '\/'
<unknown>:197: SyntaxWarning: invalid escape sequence '\w'
<unknown>:240: SyntaxWarning: invalid escape sequence '\d'
<unknown>:241: SyntaxWarning: invalid escape sequence '\d'
  1200     14670    4.3980    4.3980    0.1761   136.8   2.63e-04  α=[2<-28:-0.064]
<unknown>:55: SyntaxWarning: invalid escape sequence '\s'
<unknown>:58: SyntaxWarning: invalid escape sequence '\s'
<unknown>:48: SyntaxWarning: invalid escape sequence '\d'
<unknown>:48: SyntaxWarning: invalid escape sequence '\g'
<unknown>:24: SyntaxWarning: invalid escape sequence '\.'
<unknown>:34: SyntaxWarning: invalid escape sequence '\.'
<unknown>:44: SyntaxWarning: invalid escape sequence '\.'
<unknown>:54: SyntaxWarning: invalid escape sequence '\.'
<unknown>:272: SyntaxWarning: invalid escape sequence '\:'
<unknown>:344: SyntaxWarning: invalid escape sequence '\:'
<unknown>:189: SyntaxWarning: invalid escape sequence '\d'
<unknown>:19: SyntaxWarning: invalid escape sequence '\('
<unknown>:25: SyntaxWarning: invalid escape sequence '\('
<unknown>:45: SyntaxWarning: invalid escape sequence '\('
<unknown>:334: SyntaxWarning: invalid escape sequence '\d'
<unknown>:336: SyntaxWarning: invalid escape sequence '\d'
<unknown>:337: SyntaxWarning: invalid escape sequence '\s'
<unknown>:338: SyntaxWarning: invalid escape sequence '\d'
<unknown>:339: SyntaxWarning: invalid escape sequence '\d'
<unknown>:340: SyntaxWarning: invalid escape sequence '\.'
<unknown>:516: SyntaxWarning: invalid escape sequence '\*'
<unknown>:1262: SyntaxWarning: invalid escape sequence '\*'
<unknown>:1509: SyntaxWarning: invalid escape sequence '\d'
<unknown>:1717: SyntaxWarning: invalid escape sequence '\s'
<unknown>:1721: SyntaxWarning: invalid escape sequence '\s'
<unknown>:66: SyntaxWarning: invalid escape sequence '\.'
<unknown>:67: SyntaxWarning: invalid escape sequence '\('
<unknown>:68: SyntaxWarning: invalid escape sequence '\['
<unknown>:69: SyntaxWarning: invalid escape sequence '\{'
<unknown>:70: SyntaxWarning: invalid escape sequence '\s'
<unknown>:179: SyntaxWarning: invalid escape sequence '\d'
<unknown>:187: SyntaxWarning: invalid escape sequence '\d'
<unknown>:67: SyntaxWarning: invalid escape sequence '\s'
  1400     14890    3.9045    3.9045    0.1543   117.8   2.51e-04  α=[2<-28:-0.066]
<unknown>:146: SyntaxWarning: invalid escape sequence '\('
<unknown>:53: SyntaxWarning: invalid escape sequence '\O'
<unknown>:53: SyntaxWarning: invalid escape sequence '\O'
<unknown>:140: SyntaxWarning: invalid escape sequence '\d'
<unknown>:28: SyntaxWarning: invalid escape sequence '\.'
<unknown>:47: SyntaxWarning: invalid escape sequence '\.'
<unknown>:46: SyntaxWarning: invalid escape sequence '\*'
<unknown>:16: SyntaxWarning: invalid escape sequence '\W'
<unknown>:25: SyntaxWarning: invalid escape sequence '\S'
<unknown>:517: SyntaxWarning: invalid escape sequence '\-'
<unknown>:1672: SyntaxWarning: invalid escape sequence '\s'
<unknown>:895: SyntaxWarning: invalid escape sequence '\*'
<unknown>:1126: SyntaxWarning: invalid escape sequence '\*'
<unknown>:1391: SyntaxWarning: invalid escape sequence '\ '
  1600     15751    4.3062    4.3062    0.1504   137.0   2.37e-04  α=[2<-28:-0.066]
<unknown>:396: SyntaxWarning: invalid escape sequence '\.'
<unknown>:141: SyntaxWarning: invalid escape sequence '\|'
<unknown>:36: SyntaxWarning: invalid escape sequence '\d'
<unknown>:42: SyntaxWarning: invalid escape sequence '\['
<unknown>:54: SyntaxWarning: invalid escape sequence '\D'
<unknown>:122: SyntaxWarning: invalid escape sequence '\D'
<unknown>:178: SyntaxWarning: invalid escape sequence '\D'
<unknown>:203: SyntaxWarning: invalid escape sequence '\D'
<unknown>:24: SyntaxWarning: invalid escape sequence '\.'
<unknown>:33: SyntaxWarning: invalid escape sequence '\d'
<unknown>:425: SyntaxWarning: invalid escape sequence '\w'
<unknown>:20: SyntaxWarning: invalid escape sequence '\d'
<unknown>:33: SyntaxWarning: invalid escape sequence '\.'
<unknown>:45: SyntaxWarning: invalid escape sequence '\.'
<unknown>:55: SyntaxWarning: invalid escape sequence '\.'
<unknown>:64: SyntaxWarning: invalid escape sequence '\.'
<unknown>:75: SyntaxWarning: invalid escape sequence '\.'
<unknown>:47: SyntaxWarning: invalid escape sequence '\<'
<unknown>:190: SyntaxWarning: invalid escape sequence '\s'
<unknown>:278: SyntaxWarning: invalid escape sequence '\s'
<unknown>:302: SyntaxWarning: invalid escape sequence '\s'
<unknown>:24: SyntaxWarning: invalid escape sequence '\.'
<unknown>:39: SyntaxWarning: invalid escape sequence '\.'
<unknown>:46: SyntaxWarning: invalid escape sequence '\s'
<unknown>:201: SyntaxWarning: invalid escape sequence '\d'
  1800     15671    4.1786    4.1786    0.1339   132.0   2.22e-04  α=[2<-28:-0.063]
<unknown>:272: SyntaxWarning: invalid escape sequence '\k'
<unknown>:70: SyntaxWarning: invalid escape sequence '\('
<unknown>:88: SyntaxWarning: invalid escape sequence '\('
<unknown>:177: SyntaxWarning: invalid escape sequence '\d'
<unknown>:581: SyntaxWarning: invalid escape sequence '\$'
<unknown>:22: SyntaxWarning: invalid escape sequence '\.'
<unknown>:3719: SyntaxWarning: invalid escape sequence '\.'
<unknown>:3: SyntaxWarning: invalid escape sequence '\.'
<unknown>:213: SyntaxWarning: invalid escape sequence '\s'
<unknown>:289: SyntaxWarning: invalid escape sequence '\('
<unknown>:362: SyntaxWarning: invalid escape sequence '\s'
<unknown>:380: SyntaxWarning: invalid escape sequence '\w'
  2000     15618    4.1033    4.1033    0.1255   137.4   2.07e-04  α=[2<-28:-0.063]
[transformers] Token indices sequence length is longer than the specified maximum sequence length for this model (23199 > 8192). Running this sequence through the model will result in indexing errors
<unknown>:1120: SyntaxWarning: invalid escape sequence '\h'
<unknown>:56: SyntaxWarning: invalid escape sequence '\P'
        VAL  loss=4.4002  ppl=81.47
<unknown>:72: SyntaxWarning: invalid escape sequence '\['
<unknown>:110: SyntaxWarning: invalid escape sequence '\d'
<unknown>:169: SyntaxWarning: invalid escape sequence '\d'
<unknown>:172: SyntaxWarning: invalid escape sequence '\d'
<unknown>:1203: SyntaxWarning: invalid escape sequence '\ '
<unknown>:3: SyntaxWarning: invalid escape sequence '\ '
<unknown>:59: SyntaxWarning: invalid escape sequence '\d'
<unknown>:60: SyntaxWarning: invalid escape sequence '\d'
<unknown>:61: SyntaxWarning: invalid escape sequence '\d'
<unknown>:62: SyntaxWarning: invalid escape sequence '\;'
<unknown>:81: SyntaxWarning: invalid escape sequence '\d'
  2200     15119    3.9845    3.9845    0.0971   102.6   1.90e-04  α=[2<-28:-0.062]
<unknown>:223: SyntaxWarning: invalid escape sequence '\+'
<unknown>:224: SyntaxWarning: invalid escape sequence '\+'
<unknown>:226: SyntaxWarning: invalid escape sequence '\+'
<unknown>:146: SyntaxWarning: invalid escape sequence '\d'
<unknown>:155: SyntaxWarning: invalid escape sequence '\d'
<unknown>:132: SyntaxWarning: invalid escape sequence '\d'
<unknown>:64: SyntaxWarning: invalid escape sequence '\ '
<unknown>:26: SyntaxWarning: invalid escape sequence '\w'
<unknown>:166: SyntaxWarning: invalid escape sequence '\.'
<unknown>:591: SyntaxWarning: invalid escape sequence '\s'
<unknown>:221: SyntaxWarning: invalid escape sequence '\s'
<unknown>:543: SyntaxWarning: invalid escape sequence '\w'
<unknown>:69: SyntaxWarning: invalid escape sequence '\g'
<unknown>:101: SyntaxWarning: invalid escape sequence '\-'
<unknown>:282: SyntaxWarning: invalid escape sequence '\s'
<unknown>:2116: SyntaxWarning: invalid escape sequence '\u'
  2400     15398    3.9488    3.9488    0.1177   163.4   1.73e-04  α=[2<-28:-0.062]
<unknown>:46: SyntaxWarning: invalid escape sequence '\|'
<unknown>:187: SyntaxWarning: invalid escape sequence '\o'
<unknown>:204: SyntaxWarning: invalid escape sequence '\.'
<unknown>:75: SyntaxWarning: invalid escape sequence '\('
<unknown>:77: SyntaxWarning: invalid escape sequence '\s'
<unknown>:53: SyntaxWarning: invalid escape sequence '\d'
<unknown>:62: SyntaxWarning: invalid escape sequence '\.'
<unknown>:73: SyntaxWarning: invalid escape sequence '\_'
<unknown>:26: SyntaxWarning: invalid escape sequence '\.'
<unknown>:429: SyntaxWarning: invalid escape sequence '\h'
<unknown>:451: SyntaxWarning: invalid escape sequence '\h'
<unknown>:64: SyntaxWarning: invalid escape sequence '\['
<unknown>:52: SyntaxWarning: invalid escape sequence '\('
<unknown>:86: SyntaxWarning: invalid escape sequence '\w'
  2600     15783    3.7509    3.7509    0.0978   134.7   1.57e-04  α=[2<-28:-0.063]
<unknown>:272: SyntaxWarning: invalid escape sequence '\g'
<unknown>:124: SyntaxWarning: invalid escape sequence '\?'
<unknown>:17: SyntaxWarning: invalid escape sequence '\/'
<unknown>:1191: SyntaxWarning: invalid escape sequence '\s'
<unknown>:26: SyntaxWarning: invalid escape sequence '\.'
<unknown>:38: SyntaxWarning: invalid escape sequence '\.'
<unknown>:64: SyntaxWarning: invalid escape sequence '\d'
<unknown>:65: SyntaxWarning: invalid escape sequence '\s'
<unknown>:66: SyntaxWarning: invalid escape sequence '\s'
<unknown>:20: SyntaxWarning: invalid escape sequence '\?'
<unknown>:105: SyntaxWarning: invalid escape sequence '\*'
<unknown>:454: SyntaxWarning: invalid escape sequence '\*'
<unknown>:842: SyntaxWarning: invalid escape sequence '\*'
<unknown>:276: SyntaxWarning: invalid escape sequence '\ '
<unknown>:277: SyntaxWarning: invalid escape sequence '\ '
<unknown>:280: SyntaxWarning: invalid escape sequence '\ '
<unknown>:281: SyntaxWarning: invalid escape sequence '\ '
<unknown>:282: SyntaxWarning: invalid escape sequence '\ '
<unknown>:284: SyntaxWarning: invalid escape sequence '\_'
<unknown>:16: SyntaxWarning: invalid escape sequence '\s'
<unknown>:54: SyntaxWarning: invalid escape sequence '\#'
<unknown>:97: SyntaxWarning: invalid escape sequence '\/'
<unknown>:25: SyntaxWarning: invalid escape sequence '\*'
<unknown>:81: SyntaxWarning: invalid escape sequence '\('
<unknown>:482: SyntaxWarning: invalid escape sequence '\$'
<unknown>:140: SyntaxWarning: invalid escape sequence '\d'
<unknown>:279: SyntaxWarning: invalid escape sequence '\d'
<unknown>:60: SyntaxWarning: invalid escape sequence '\d'
<unknown>:81: SyntaxWarning: invalid escape sequence '\d'
<unknown>:188: SyntaxWarning: invalid escape sequence '\w'
<unknown>:191: SyntaxWarning: invalid escape sequence '\w'
  2800     10382    3.7920    3.7920    0.0987   152.7   1.40e-04  α=[2<-28:-0.060]
<unknown>:1017: SyntaxWarning: invalid escape sequence '\w'
<unknown>:107: SyntaxWarning: invalid escape sequence '\W'
<unknown>:108: SyntaxWarning: invalid escape sequence '\s'
<unknown>:207: SyntaxWarning: invalid escape sequence '\M'
<unknown>:57: SyntaxWarning: invalid escape sequence '\W'
<unknown>:106: SyntaxWarning: invalid escape sequence '\s'
<unknown>:39: SyntaxWarning: invalid escape sequence '\*'
<unknown>:66: SyntaxWarning: invalid escape sequence '\s'
<unknown>:72: SyntaxWarning: invalid escape sequence '\s'
<unknown>:96: SyntaxWarning: invalid escape sequence '\s'
<unknown>:137: SyntaxWarning: invalid escape sequence '\s'
<unknown>:219: SyntaxWarning: invalid escape sequence '\s'
<unknown>:258: SyntaxWarning: invalid escape sequence '\s'
<unknown>:267: SyntaxWarning: invalid escape sequence '\s'
<unknown>:1780: SyntaxWarning: invalid escape sequence '\_'
<unknown>:2160: SyntaxWarning: invalid escape sequence '\d'
<unknown>:13: SyntaxWarning: invalid escape sequence '\.'
<unknown>:29: SyntaxWarning: invalid escape sequence '\ '
<unknown>:38: SyntaxWarning: invalid escape sequence '\.'
<unknown>:212: SyntaxWarning: invalid escape sequence '\w'
<unknown>:431: SyntaxWarning: invalid escape sequence '\.'
<unknown>:1: SyntaxWarning: invalid escape sequence '\:'
<unknown>:126: SyntaxWarning: invalid escape sequence '\s'
<unknown>:127: SyntaxWarning: invalid escape sequence '\s'
<unknown>:500: SyntaxWarning: invalid escape sequence '\s'
  3000     15796    3.7764    3.7764    0.0916   149.2   1.23e-04  α=[2<-28:-0.059]
[transformers] Token indices sequence length is longer than the specified maximum sequence length for this model (23199 > 8192). Running this sequence through the model will result in indexing errors
<unknown>:1120: SyntaxWarning: invalid escape sequence '\h'
<unknown>:56: SyntaxWarning: invalid escape sequence '\P'
        VAL  loss=4.1142  ppl=61.20
<unknown>:30: SyntaxWarning: invalid escape sequence '\.'
<unknown>:40: SyntaxWarning: invalid escape sequence '\s'
<unknown>:26: SyntaxWarning: invalid escape sequence '\.'
<unknown>:301: SyntaxWarning: invalid escape sequence '\l'
<unknown>:353: SyntaxWarning: invalid escape sequence '\s'
<unknown>:499: SyntaxWarning: invalid escape sequence '\s'
<unknown>:503: SyntaxWarning: invalid escape sequence '\s'
<unknown>:531: SyntaxWarning: invalid escape sequence '\o'
<unknown>:129: SyntaxWarning: invalid escape sequence '\s'
<unknown>:143: SyntaxWarning: invalid escape sequence '\S'
<unknown>:17: SyntaxWarning: invalid escape sequence '\p'
<unknown>:18: SyntaxWarning: invalid escape sequence '\p'
<unknown>:19: SyntaxWarning: invalid escape sequence '\p'
<unknown>:497: SyntaxWarning: invalid escape sequence '\w'
<unknown>:641: SyntaxWarning: invalid escape sequence '\d'
<unknown>:144: SyntaxWarning: invalid escape sequence '\s'
<unknown>:256: SyntaxWarning: invalid escape sequence '\s'
<unknown>:263: SyntaxWarning: invalid escape sequence '\d'
<unknown>:1: SyntaxWarning: invalid escape sequence '\s'
<unknown>:231: SyntaxWarning: invalid escape sequence '\*'
<unknown>:322: SyntaxWarning: invalid escape sequence '\w'
<unknown>:93: SyntaxWarning: invalid escape sequence '\d'
<unknown>:5: SyntaxWarning: invalid escape sequence '\P'
<unknown>:623: SyntaxWarning: invalid escape sequence '\d'
<unknown>:232: SyntaxWarning: invalid escape sequence '\ '
<unknown>:233: SyntaxWarning: invalid escape sequence '\ '
  3200     13879    3.5039    3.5039    0.0917   147.4   1.08e-04  α=[2<-28:-0.060]
<unknown>:31: SyntaxWarning: invalid escape sequence '\e'
<unknown>:34: SyntaxWarning: invalid escape sequence '\.'
<unknown>:811: SyntaxWarning: invalid escape sequence '\s'
<unknown>:1027: SyntaxWarning: invalid escape sequence '\s'
<unknown>:202: SyntaxWarning: invalid escape sequence '\d'
<unknown>:207: SyntaxWarning: invalid escape sequence '\W'
<unknown>:15: SyntaxWarning: invalid escape sequence '\d'
<unknown>:29: SyntaxWarning: invalid escape sequence '\{'
<unknown>:36: SyntaxWarning: invalid escape sequence '\{'
<unknown>:250: SyntaxWarning: invalid escape sequence '\*'
<unknown>:60: SyntaxWarning: invalid escape sequence '\S'
<unknown>:170: SyntaxWarning: invalid escape sequence '\w'
<unknown>:29: SyntaxWarning: invalid escape sequence '\D'
<unknown>:74: SyntaxWarning: invalid escape sequence '\*'
  3400     15648    3.7557    3.7557    0.0835   141.4   9.27e-05  α=[2<-28:-0.058]
<unknown>:45: SyntaxWarning: invalid escape sequence '\('
<unknown>:45: SyntaxWarning: invalid escape sequence '\)'
<unknown>:67: SyntaxWarning: invalid escape sequence '\s'
<unknown>:25: SyntaxWarning: invalid escape sequence '\e'
<unknown>:81: SyntaxWarning: invalid escape sequence '\.'
<unknown>:81: SyntaxWarning: invalid escape sequence '\d'
<unknown>:61: SyntaxWarning: invalid escape sequence '\['
<unknown>:22: SyntaxWarning: invalid escape sequence '\.'
<unknown>:41: SyntaxWarning: invalid escape sequence '\.'
<unknown>:16: SyntaxWarning: invalid escape sequence '\d'
<unknown>:38: SyntaxWarning: invalid escape sequence '\M'
<unknown>:70: SyntaxWarning: invalid escape sequence '\M'
<unknown>:347: SyntaxWarning: invalid escape sequence '\s'
<unknown>:51: SyntaxWarning: invalid escape sequence '\s'
<unknown>:105: SyntaxWarning: invalid escape sequence '\s'
<unknown>:111: SyntaxWarning: invalid escape sequence '\s'
<unknown>:112: SyntaxWarning: invalid escape sequence '\s'
<unknown>:117: SyntaxWarning: invalid escape sequence '\s'
<unknown>:121: SyntaxWarning: invalid escape sequence '\w'
<unknown>:141: SyntaxWarning: invalid escape sequence '\('
<unknown>:142: SyntaxWarning: invalid escape sequence '\('
<unknown>:143: SyntaxWarning: invalid escape sequence '\('
<unknown>:144: SyntaxWarning: invalid escape sequence '\('
<unknown>:145: SyntaxWarning: invalid escape sequence '\('
<unknown>:146: SyntaxWarning: invalid escape sequence '\('
<unknown>:192: SyntaxWarning: invalid escape sequence '\w'
<unknown>:192: SyntaxWarning: invalid escape sequence '\w'
<unknown>:18: SyntaxWarning: invalid escape sequence '\.'
<unknown>:694: SyntaxWarning: invalid escape sequence '\s'
  3600     15574    3.4968    3.4968    0.0734   133.0   7.89e-05  α=[2<-28:-0.056]
<unknown>:41: SyntaxWarning: invalid escape sequence '\%'
<unknown>:45: SyntaxWarning: invalid escape sequence '\;'
<unknown>:104: SyntaxWarning: invalid escape sequence '\d'
<unknown>:67: SyntaxWarning: invalid escape sequence '\w'
<unknown>:196: SyntaxWarning: invalid escape sequence '\w'
<unknown>:155: SyntaxWarning: invalid escape sequence '\_'
<unknown>:156: SyntaxWarning: invalid escape sequence '\_'
<unknown>:157: SyntaxWarning: invalid escape sequence '\_'
<unknown>:29: SyntaxWarning: invalid escape sequence '\`'
<unknown>:156: SyntaxWarning: invalid escape sequence '\^'
<unknown>:157: SyntaxWarning: invalid escape sequence '\?'
<unknown>:49: SyntaxWarning: invalid escape sequence '\w'
<unknown>:59: SyntaxWarning: invalid escape sequence '\w'
<unknown>:70: SyntaxWarning: invalid escape sequence '\w'
<unknown>:81: SyntaxWarning: invalid escape sequence '\w'
<unknown>:96: SyntaxWarning: invalid escape sequence '\w'
<unknown>:118: SyntaxWarning: invalid escape sequence '\w'
<unknown>:23: SyntaxWarning: invalid escape sequence '\`'
<unknown>:46: SyntaxWarning: invalid escape sequence '\w'
<unknown>:63: SyntaxWarning: invalid escape sequence '\#'
<unknown>:64: SyntaxWarning: invalid escape sequence '\#'
<unknown>:65: SyntaxWarning: invalid escape sequence '\#'
<unknown>:21: SyntaxWarning: invalid escape sequence '\.'
  3800     15538    3.6878    3.6878    0.0827   142.5   6.66e-05  α=[2<-28:-0.056]
<unknown>:404: SyntaxWarning: invalid escape sequence '\s'
<unknown>:54: SyntaxWarning: invalid escape sequence '\D'
<unknown>:122: SyntaxWarning: invalid escape sequence '\D'
<unknown>:178: SyntaxWarning: invalid escape sequence '\D'
<unknown>:203: SyntaxWarning: invalid escape sequence '\D'
<unknown>:20: SyntaxWarning: invalid escape sequence '\s'
<unknown>:76: SyntaxWarning: invalid escape sequence '\d'
<unknown>:78: SyntaxWarning: invalid escape sequence '\w'
<unknown>:79: SyntaxWarning: invalid escape sequence '\d'
<unknown>:80: SyntaxWarning: invalid escape sequence '\d'
<unknown>:82: SyntaxWarning: invalid escape sequence '\d'
<unknown>:428: SyntaxWarning: invalid escape sequence '\%'
<unknown>:428: SyntaxWarning: invalid escape sequence '\_'
<unknown>:26: SyntaxWarning: invalid escape sequence '\%'
<unknown>:27: SyntaxWarning: invalid escape sequence '\:'
<unknown>:28: SyntaxWarning: invalid escape sequence '\?'
<unknown>:498: SyntaxWarning: invalid escape sequence '\c'
<unknown>:801: SyntaxWarning: invalid escape sequence '\*'
<unknown>:863: SyntaxWarning: invalid escape sequence '\*'
<unknown>:2041: SyntaxWarning: invalid escape sequence '\ '
<unknown>:2304: SyntaxWarning: invalid escape sequence '\*'
<unknown>:161: SyntaxWarning: invalid escape sequence '\|'
<unknown>:85: SyntaxWarning: invalid escape sequence '\|'
<unknown>:54: SyntaxWarning: invalid escape sequence '\_'
<unknown>:53: SyntaxWarning: invalid escape sequence '\|'
<unknown>:637: SyntaxWarning: invalid escape sequence '\d'
<unknown>:121: SyntaxWarning: invalid escape sequence '\_'
<unknown>:701: SyntaxWarning: invalid escape sequence '\_'
<unknown>:2878: SyntaxWarning: invalid escape sequence '\*'
<unknown>:83: SyntaxWarning: invalid escape sequence '\s'
<unknown>:102: SyntaxWarning: invalid escape sequence '\{'
<unknown>:2346: SyntaxWarning: invalid escape sequence '\^'
<unknown>:4568: SyntaxWarning: invalid escape sequence '\%'
<unknown>:4614: SyntaxWarning: invalid escape sequence '\%'
  4000     14503    3.7468    3.7468    0.0745   146.8   5.58e-05  α=[2<-28:-0.056]
[transformers] Token indices sequence length is longer than the specified maximum sequence length for this model (23199 > 8192). Running this sequence through the model will result in indexing errors
<unknown>:1120: SyntaxWarning: invalid escape sequence '\h'
<unknown>:56: SyntaxWarning: invalid escape sequence '\P'
        VAL  loss=3.9682  ppl=52.89
<unknown>:56: SyntaxWarning: invalid escape sequence '\-'
<unknown>:18: SyntaxWarning: invalid escape sequence '\.'
<unknown>:428: SyntaxWarning: invalid escape sequence '\s'
<unknown>:451: SyntaxWarning: invalid escape sequence '\['
<unknown>:456: SyntaxWarning: invalid escape sequence '\d'
<unknown>:62: SyntaxWarning: invalid escape sequence '\s'
<unknown>:65: SyntaxWarning: invalid escape sequence '\.'
<unknown>:67: SyntaxWarning: invalid escape sequence '\s'
<unknown>:69: SyntaxWarning: invalid escape sequence '\s'
<unknown>:71: SyntaxWarning: invalid escape sequence '\d'
<unknown>:76: SyntaxWarning: invalid escape sequence '\.'
<unknown>:77: SyntaxWarning: invalid escape sequence '\d'
<unknown>:78: SyntaxWarning: invalid escape sequence '\d'
<unknown>:79: SyntaxWarning: invalid escape sequence '\d'
<unknown>:105: SyntaxWarning: invalid escape sequence '\.'
<unknown>:161: SyntaxWarning: invalid escape sequence '\d'
<unknown>:214: SyntaxWarning: invalid escape sequence '\d'
<unknown>:215: SyntaxWarning: invalid escape sequence '\d'
<unknown>:286: SyntaxWarning: invalid escape sequence '\d'
<unknown>:287: SyntaxWarning: invalid escape sequence '\d'
<unknown>:359: SyntaxWarning: invalid escape sequence '\d'
<unknown>:454: SyntaxWarning: invalid escape sequence '\d'
<unknown>:456: SyntaxWarning: invalid escape sequence '\+'
<unknown>:79: SyntaxWarning: invalid escape sequence '\/'
<unknown>:142: SyntaxWarning: invalid escape sequence '\d'
<unknown>:112: SyntaxWarning: invalid escape sequence '\s'
<unknown>:63: SyntaxWarning: invalid escape sequence '\d'
<unknown>:76: SyntaxWarning: invalid escape sequence '\d'
<unknown>:146: SyntaxWarning: invalid escape sequence '\s'
<unknown>:79: SyntaxWarning: invalid escape sequence '\-'
<unknown>:160: SyntaxWarning: invalid escape sequence '\w'
<unknown>:165: SyntaxWarning: invalid escape sequence '\d'
<unknown>:368: SyntaxWarning: invalid escape sequence '\_'
<unknown>:505: SyntaxWarning: invalid escape sequence '\/'
<unknown>:41: SyntaxWarning: invalid escape sequence '\s'
<unknown>:49: SyntaxWarning: invalid escape sequence '\ '
<unknown>:92: SyntaxWarning: invalid escape sequence '\d'
<unknown>:105: SyntaxWarning: invalid escape sequence '\d'
<unknown>:209: SyntaxWarning: invalid escape sequence '\|'
<unknown>:40: SyntaxWarning: invalid escape sequence '\+'
<unknown>:41: SyntaxWarning: invalid escape sequence '\s'
<unknown>:42: SyntaxWarning: invalid escape sequence '\+'
<unknown>:43: SyntaxWarning: invalid escape sequence '\s'
  4200     15156    3.4271    3.4271    0.0571   107.2   4.67e-05  α=[2<-28:-0.054]
<unknown>:403: SyntaxWarning: invalid escape sequence '\]'
<unknown>:631: SyntaxWarning: invalid escape sequence '\d'
<unknown>:73: SyntaxWarning: invalid escape sequence '\d'
<unknown>:695: SyntaxWarning: invalid escape sequence '\s'
<unknown>:144: SyntaxWarning: invalid escape sequence '\s'
<unknown>:147: SyntaxWarning: invalid escape sequence '\='
<unknown>:148: SyntaxWarning: invalid escape sequence '\s'
<unknown>:149: SyntaxWarning: invalid escape sequence '\s'
<unknown>:150: SyntaxWarning: invalid escape sequence '\s'
<unknown>:155: SyntaxWarning: invalid escape sequence '\/'
<unknown>:159: SyntaxWarning: invalid escape sequence '\$'
<unknown>:1012: SyntaxWarning: invalid escape sequence '\s'
<unknown>:1510: SyntaxWarning: invalid escape sequence '\%'
  4400     14965    3.4394    3.4394    0.0648   113.5   3.95e-05  α=[2<-28:-0.054]
<unknown>:79: SyntaxWarning: invalid escape sequence '\*'
<unknown>:95: SyntaxWarning: invalid escape sequence '\*'
<unknown>:111: SyntaxWarning: invalid escape sequence '\*'
<unknown>:127: SyntaxWarning: invalid escape sequence '\*'
<unknown>:62: SyntaxWarning: invalid escape sequence '\-'
<unknown>:781: SyntaxWarning: invalid escape sequence '\s'
<unknown>:18: SyntaxWarning: invalid escape sequence '\)'
<unknown>:153: SyntaxWarning: invalid escape sequence '\]'
<unknown>:569: SyntaxWarning: invalid escape sequence '\_'
<unknown>:592: SyntaxWarning: invalid escape sequence '\_'
<unknown>:332: SyntaxWarning: invalid escape sequence '\_'
<unknown>:335: SyntaxWarning: invalid escape sequence '\_'
<unknown>:336: SyntaxWarning: invalid escape sequence '\_'
<unknown>:337: SyntaxWarning: invalid escape sequence '\_'
<unknown>:338: SyntaxWarning: invalid escape sequence '\['
<unknown>:342: SyntaxWarning: invalid escape sequence '\['
<unknown>:343: SyntaxWarning: invalid escape sequence '\_'
<unknown>:344: SyntaxWarning: invalid escape sequence '\:'
<unknown>:345: SyntaxWarning: invalid escape sequence '\/'
<unknown>:346: SyntaxWarning: invalid escape sequence '\s'
<unknown>:347: SyntaxWarning: invalid escape sequence '\s'
<unknown>:358: SyntaxWarning: invalid escape sequence '\['
  4600     15673    3.6313    3.6313    0.0666   135.3   3.42e-05  α=[2<-28:-0.053]
<unknown>:438: SyntaxWarning: invalid escape sequence '\.'
<unknown>:45: SyntaxWarning: invalid escape sequence '\('
<unknown>:45: SyntaxWarning: invalid escape sequence '\s'
<unknown>:183: SyntaxWarning: invalid escape sequence '\s'
<unknown>:206: SyntaxWarning: invalid escape sequence '\d'
<unknown>:266: SyntaxWarning: invalid escape sequence '\/'
<unknown>:326: SyntaxWarning: invalid escape sequence '\('
<unknown>:484: SyntaxWarning: invalid escape sequence '\w'
<unknown>:497: SyntaxWarning: invalid escape sequence '\)'
<unknown>:516: SyntaxWarning: invalid escape sequence '\w'
<unknown>:538: SyntaxWarning: invalid escape sequence '\w'
<unknown>:601: SyntaxWarning: invalid escape sequence '\s'
<unknown>:622: SyntaxWarning: invalid escape sequence '\w'
<unknown>:623: SyntaxWarning: invalid escape sequence '\w'
<unknown>:631: SyntaxWarning: invalid escape sequence '\s'
<unknown>:687: SyntaxWarning: invalid escape sequence '\w'
<unknown>:709: SyntaxWarning: invalid escape sequence '\w'
<unknown>:740: SyntaxWarning: invalid escape sequence '\s'
<unknown>:777: SyntaxWarning: invalid escape sequence '\d'
<unknown>:778: SyntaxWarning: invalid escape sequence '\d'
<unknown>:805: SyntaxWarning: invalid escape sequence '\d'
<unknown>:808: SyntaxWarning: invalid escape sequence '\d'
<unknown>:833: SyntaxWarning: invalid escape sequence '\d'
<unknown>:834: SyntaxWarning: invalid escape sequence '\d'
<unknown>:864: SyntaxWarning: invalid escape sequence '\w'
<unknown>:894: SyntaxWarning: invalid escape sequence '\w'
<unknown>:910: SyntaxWarning: invalid escape sequence '\)'
<unknown>:941: SyntaxWarning: invalid escape sequence '\s'
<unknown>:959: SyntaxWarning: invalid escape sequence '\w'
<unknown>:964: SyntaxWarning: invalid escape sequence '\)'
<unknown>:1021: SyntaxWarning: invalid escape sequence '\s'
<unknown>:1035: SyntaxWarning: invalid escape sequence '\d'
<unknown>:1071: SyntaxWarning: invalid escape sequence '\w'
<unknown>:1079: SyntaxWarning: invalid escape sequence '\)'
<unknown>:1098: SyntaxWarning: invalid escape sequence '\w'
<unknown>:1119: SyntaxWarning: invalid escape sequence '\w'
<unknown>:1133: SyntaxWarning: invalid escape sequence '\)'
<unknown>:1154: SyntaxWarning: invalid escape sequence '\w'
<unknown>:1239: SyntaxWarning: invalid escape sequence '\s'
<unknown>:1290: SyntaxWarning: invalid escape sequence '\)'
<unknown>:1333: SyntaxWarning: invalid escape sequence '\w'
<unknown>:1411: SyntaxWarning: invalid escape sequence '\w'
<unknown>:1443: SyntaxWarning: invalid escape sequence '\w'
<unknown>:1465: SyntaxWarning: invalid escape sequence '\w'
<unknown>:1470: SyntaxWarning: invalid escape sequence '\)'
<unknown>:1489: SyntaxWarning: invalid escape sequence '\w'
<unknown>:1496: SyntaxWarning: invalid escape sequence '\['
<unknown>:1517: SyntaxWarning: invalid escape sequence '\)'
<unknown>:1536: SyntaxWarning: invalid escape sequence '\w'
<unknown>:1544: SyntaxWarning: invalid escape sequence '\)'
<unknown>:1659: SyntaxWarning: invalid escape sequence '\s'
<unknown>:1728: SyntaxWarning: invalid escape sequence '\w'
<unknown>:1750: SyntaxWarning: invalid escape sequence '\w'
<unknown>:1776: SyntaxWarning: invalid escape sequence '\w'
<unknown>:1781: SyntaxWarning: invalid escape sequence '\)'
<unknown>:1802: SyntaxWarning: invalid escape sequence '\['
<unknown>:1882: SyntaxWarning: invalid escape sequence '\w'
<unknown>:1941: SyntaxWarning: invalid escape sequence '\w'
<unknown>:1946: SyntaxWarning: invalid escape sequence '\)'
<unknown>:1993: SyntaxWarning: invalid escape sequence '\w'
<unknown>:1998: SyntaxWarning: invalid escape sequence '\)'
<unknown>:16: SyntaxWarning: invalid escape sequence '\.'
<unknown>:1529: SyntaxWarning: invalid escape sequence '\p'
<unknown>:1572: SyntaxWarning: invalid escape sequence '\l'
<unknown>:1620: SyntaxWarning: invalid escape sequence '\s'
<unknown>:1686: SyntaxWarning: invalid escape sequence '\p'
<unknown>:1783: SyntaxWarning: invalid escape sequence '\s'
<unknown>:72: SyntaxWarning: invalid escape sequence '\d'
<unknown>:86: SyntaxWarning: invalid escape sequence '\.'
<unknown>:31: SyntaxWarning: invalid escape sequence '\.'
<unknown>:44: SyntaxWarning: invalid escape sequence '\.'
<unknown>:73: SyntaxWarning: invalid escape sequence '\.'
<unknown>:124: SyntaxWarning: invalid escape sequence '\.'
<unknown>:317: SyntaxWarning: invalid escape sequence '\{'
<unknown>:36: SyntaxWarning: invalid escape sequence '\$'
<unknown>:39: SyntaxWarning: invalid escape sequence '\.'
<unknown>:328: SyntaxWarning: invalid escape sequence '\*'
<unknown>:935: SyntaxWarning: invalid escape sequence '\S'
  4800     15723    3.5867    3.5867    0.0635   137.9   3.11e-05  α=[2<-28:-0.053]
<unknown>:89: SyntaxWarning: invalid escape sequence '\d'
<unknown>:496: SyntaxWarning: invalid escape sequence '\#'
<unknown>:88: SyntaxWarning: invalid escape sequence '\s'
<unknown>:228: SyntaxWarning: invalid escape sequence '\e'
<unknown>:31: SyntaxWarning: invalid escape sequence '\Z'
<unknown>:28: SyntaxWarning: invalid escape sequence '\|'
<unknown>:1552: SyntaxWarning: invalid escape sequence '\$'
<unknown>:70: SyntaxWarning: invalid escape sequence '\s'
<unknown>:71: SyntaxWarning: invalid escape sequence '\s'
<unknown>:72: SyntaxWarning: invalid escape sequence '\s'
<unknown>:73: SyntaxWarning: invalid escape sequence '\s'
<unknown>:74: SyntaxWarning: invalid escape sequence '\s'
<unknown>:75: SyntaxWarning: invalid escape sequence '\s'
<unknown>:76: SyntaxWarning: invalid escape sequence '\s'
<unknown>:77: SyntaxWarning: invalid escape sequence '\s'
<unknown>:69: SyntaxWarning: invalid escape sequence '\d'
<unknown>:18: SyntaxWarning: invalid escape sequence '\d'
<unknown>:25: SyntaxWarning: invalid escape sequence '\s'
<unknown>:10: SyntaxWarning: invalid escape sequence '\.'
<unknown>:474: SyntaxWarning: invalid escape sequence '\*'
<unknown>:484: SyntaxWarning: invalid escape sequence '\*'
<unknown>:494: SyntaxWarning: invalid escape sequence '\*'
<unknown>:504: SyntaxWarning: invalid escape sequence '\*'
<unknown>:515: SyntaxWarning: invalid escape sequence '\*'
<unknown>:525: SyntaxWarning: invalid escape sequence '\*'
<unknown>:535: SyntaxWarning: invalid escape sequence '\*'
  5000     15454    3.5423    3.5423    0.0608   133.0   3.00e-05  α=[2<-28:-0.052]
[transformers] Token indices sequence length is longer than the specified maximum sequence length for this model (23199 > 8192). Running this sequence through the model will result in indexing errors
<unknown>:1120: SyntaxWarning: invalid escape sequence '\h'
<unknown>:56: SyntaxWarning: invalid escape sequence '\P'
        VAL  loss=3.8796  ppl=48.40

Done in 1368s (274 ms/step avg).
Checkpoint saved to /home/knielsen/ml/parallel-ss-dep/checkpoints/film_self_k3_lsem_b03_2_28_30L_217M.pt
