GPU: NVIDIA GeForce RTX 5090
Loading encoder: /home/knielsen/ml/parallel-ss-dep/checkpoints/dn_baseline_30L_217M_for_oracle.pt
  encoder params: 216.3M, d_model=576
Oracle predictor: 8.13M params (d=576, h=8, layers=2)

Caching held-out val files (50 files) ...
[transformers] Token indices sequence length is longer than the specified maximum sequence length for this model (15558 > 8192). Running this sequence through the model will result in indexing errors
<unknown>:37: SyntaxWarning: invalid escape sequence '\s'
<unknown>:80: SyntaxWarning: invalid escape sequence '\>'
<unknown>:87: SyntaxWarning: invalid escape sequence '\!'
<unknown>:60: SyntaxWarning: invalid escape sequence '\/'
<unknown>:64: SyntaxWarning: invalid escape sequence '\/'
<unknown>:65: SyntaxWarning: invalid escape sequence '\/'
<unknown>:701: SyntaxWarning: invalid escape sequence '\_'
<unknown>:889: SyntaxWarning: invalid escape sequence '\_'
<unknown>:1244: SyntaxWarning: invalid escape sequence '\d'
<unknown>:1337: SyntaxWarning: invalid escape sequence '\('
<unknown>:2392: SyntaxWarning: invalid escape sequence '\_'
<unknown>:2443: SyntaxWarning: invalid escape sequence '\_'
<unknown>:2587: SyntaxWarning: invalid escape sequence '\_'
  cached 50 files

  step     tloss       cos         lr
<unknown>:233: SyntaxWarning: invalid escape sequence '\s'
<unknown>:52: SyntaxWarning: invalid escape sequence '\d'
<unknown>:240: SyntaxWarning: invalid escape sequence '\d'
<unknown>:272: SyntaxWarning: invalid escape sequence '\s'
<unknown>:46: SyntaxWarning: invalid escape sequence '\w'
<unknown>:48: SyntaxWarning: invalid escape sequence '\.'
<unknown>:50: SyntaxWarning: invalid escape sequence '\d'
<unknown>:235: SyntaxWarning: invalid escape sequence '\s'
   100    0.4349    0.5651   3.00e-04  (7.5 step/s)
<unknown>:163: SyntaxWarning: invalid escape sequence '\/'
<unknown>:273: SyntaxWarning: invalid escape sequence '\='
<unknown>:275: SyntaxWarning: invalid escape sequence '\,'
<unknown>:197: SyntaxWarning: invalid escape sequence '\o'
<unknown>:227: SyntaxWarning: invalid escape sequence '\o'
<unknown>:30: SyntaxWarning: invalid escape sequence '\?'
<unknown>:69: SyntaxWarning: invalid escape sequence '\{'
   200    0.3797    0.6203   3.00e-04  (11.9 step/s)
<unknown>:82: SyntaxWarning: invalid escape sequence '\d'
<unknown>:87: SyntaxWarning: invalid escape sequence '\d'
<unknown>:226: SyntaxWarning: invalid escape sequence '\d'
<unknown>:227: SyntaxWarning: invalid escape sequence '\g'
<unknown>:45: SyntaxWarning: invalid escape sequence '\.'
<unknown>:194: SyntaxWarning: invalid escape sequence '\.'
<unknown>:46: SyntaxWarning: invalid escape sequence '\s'
<unknown>:54: SyntaxWarning: invalid escape sequence '\s'
<unknown>:55: SyntaxWarning: invalid escape sequence '\s'
<unknown>:56: SyntaxWarning: invalid escape sequence '\s'
<unknown>:57: SyntaxWarning: invalid escape sequence '\.'
<unknown>:58: SyntaxWarning: invalid escape sequence '\.'
<unknown>:59: SyntaxWarning: invalid escape sequence '\.'
<unknown>:60: SyntaxWarning: invalid escape sequence '\.'
<unknown>:64: SyntaxWarning: invalid escape sequence '\*'
   300    0.3400    0.6600   2.99e-04  (13.8 step/s)
<unknown>:163: SyntaxWarning: invalid escape sequence '\.'
<unknown>:164: SyntaxWarning: invalid escape sequence '\.'
<unknown>:165: SyntaxWarning: invalid escape sequence '\d'
<unknown>:166: SyntaxWarning: invalid escape sequence '\s'
<unknown>:174: SyntaxWarning: invalid escape sequence '\s'
<unknown>:182: SyntaxWarning: invalid escape sequence '\d'
<unknown>:20: SyntaxWarning: invalid escape sequence '\.'
<unknown>:75: SyntaxWarning: invalid escape sequence '\d'
<unknown>:21: SyntaxWarning: invalid escape sequence '\T'
<unknown>:24: SyntaxWarning: invalid escape sequence '\%'
<unknown>:7630: SyntaxWarning: invalid escape sequence '\.'
<unknown>:7655: SyntaxWarning: invalid escape sequence '\.'
<unknown>:17: SyntaxWarning: invalid escape sequence '\s'
<unknown>:21: SyntaxWarning: invalid escape sequence '\s'
<unknown>:37: SyntaxWarning: invalid escape sequence '\['
<unknown>:58: SyntaxWarning: invalid escape sequence '\s'
<unknown>:58: SyntaxWarning: invalid escape sequence '\d'
   400    0.3424    0.6576   2.98e-04  (10.6 step/s)
<unknown>:62: SyntaxWarning: invalid escape sequence '\$'
<unknown>:67: SyntaxWarning: invalid escape sequence '\d'
   500    0.3481    0.6519   2.97e-04  (12.1 step/s)
        VAL  cos_dist=0.3512  cos=0.6488  (50 files)
   600    0.3355    0.6645   2.96e-04  (13.0 step/s)
<unknown>:159: SyntaxWarning: invalid escape sequence '\.'
<unknown>:28: SyntaxWarning: invalid escape sequence '\d'
<unknown>:1357: SyntaxWarning: invalid escape sequence '\d'
   700    0.3351    0.6649   2.95e-04  (13.7 step/s)
<unknown>:1: SyntaxWarning: invalid escape sequence '\ '
<unknown>:417: SyntaxWarning: invalid escape sequence '\.'
<unknown>:27: SyntaxWarning: invalid escape sequence '\d'
<unknown>:45: SyntaxWarning: invalid escape sequence '\d'
<unknown>:63: SyntaxWarning: invalid escape sequence '\d'
<unknown>:81: SyntaxWarning: invalid escape sequence '\g'
<unknown>:147: SyntaxWarning: invalid escape sequence '\d'
<unknown>:744: SyntaxWarning: invalid escape sequence '\d'
<unknown>:23: SyntaxWarning: invalid escape sequence '\g'
<unknown>:72: SyntaxWarning: invalid escape sequence '\g'
<unknown>:76: SyntaxWarning: invalid escape sequence '\['
   800    0.3284    0.6716   2.93e-04  (13.6 step/s)
<unknown>:113: SyntaxWarning: invalid escape sequence '\['
<unknown>:32: SyntaxWarning: invalid escape sequence '\o'
<unknown>:34: SyntaxWarning: invalid escape sequence '\i'
<unknown>:54: SyntaxWarning: invalid escape sequence '\i'
<unknown>:55: SyntaxWarning: invalid escape sequence '\o'
<unknown>:107: SyntaxWarning: invalid escape sequence '\s'
<unknown>:108: SyntaxWarning: invalid escape sequence '\s'
<unknown>:110: SyntaxWarning: invalid escape sequence '\s'
<unknown>:111: SyntaxWarning: invalid escape sequence '\s'
<unknown>:117: SyntaxWarning: invalid escape sequence '\s'
<unknown>:134: SyntaxWarning: invalid escape sequence '\S'
<unknown>:146: SyntaxWarning: invalid escape sequence '\S'
<unknown>:158: SyntaxWarning: invalid escape sequence '\s'
<unknown>:164: SyntaxWarning: invalid escape sequence '\S'
<unknown>:39: SyntaxWarning: invalid escape sequence '\m'
<unknown>:112: SyntaxWarning: invalid escape sequence '\m'
<unknown>:204: SyntaxWarning: invalid escape sequence '\m'
<unknown>:234: SyntaxWarning: invalid escape sequence '\m'
<unknown>:256: SyntaxWarning: invalid escape sequence '\m'
<unknown>:442: SyntaxWarning: invalid escape sequence '\m'
<unknown>:486: SyntaxWarning: invalid escape sequence '\m'
<unknown>:517: SyntaxWarning: invalid escape sequence '\m'
<unknown>:648: SyntaxWarning: invalid escape sequence '\m'
<unknown>:798: SyntaxWarning: invalid escape sequence '\m'
<unknown>:111: SyntaxWarning: invalid escape sequence '\d'
<unknown>:49: SyntaxWarning: invalid escape sequence '\d'
<unknown>:141: SyntaxWarning: invalid escape sequence '\W'
<unknown>:141: SyntaxWarning: invalid escape sequence '\W'
<unknown>:141: SyntaxWarning: invalid escape sequence '\W'
   900    0.3340    0.6660   2.92e-04  (13.9 step/s)
<unknown>:45: SyntaxWarning: invalid escape sequence '\.'
<unknown>:46: SyntaxWarning: invalid escape sequence '\.'
<unknown>:1: SyntaxWarning: invalid escape sequence '\P'
<unknown>:214: SyntaxWarning: invalid escape sequence '\ '
<unknown>:51: SyntaxWarning: invalid escape sequence '\s'
<unknown>:52: SyntaxWarning: invalid escape sequence '\s'
<unknown>:494: SyntaxWarning: invalid escape sequence '\/'
<unknown>:18: SyntaxWarning: invalid escape sequence '\V'
<unknown>:389: SyntaxWarning: invalid escape sequence '\M'
  1000    0.3226    0.6774   2.90e-04  (11.1 step/s)
        VAL  cos_dist=0.3414  cos=0.6586  (50 files)
<unknown>:227: SyntaxWarning: invalid escape sequence '\s'
<unknown>:36: SyntaxWarning: invalid escape sequence '\s'
  1100    0.3244    0.6756   2.88e-04  (11.5 step/s)
<unknown>:214: SyntaxWarning: invalid escape sequence '\s'
<unknown>:34: SyntaxWarning: invalid escape sequence '\E'
<unknown>:95: SyntaxWarning: invalid escape sequence '\l'
<unknown>:101: SyntaxWarning: invalid escape sequence '\E'
<unknown>:107: SyntaxWarning: invalid escape sequence '\L'
<unknown>:121: SyntaxWarning: invalid escape sequence '\L'
<unknown>:71: SyntaxWarning: invalid escape sequence '\('
<unknown>:103: SyntaxWarning: invalid escape sequence '\.'
<unknown>:104: SyntaxWarning: invalid escape sequence '\s'
<unknown>:104: SyntaxWarning: invalid escape sequence '\('
<unknown>:150: SyntaxWarning: invalid escape sequence '\s'
<unknown>:44: SyntaxWarning: invalid escape sequence '\d'
<unknown>:25: SyntaxWarning: invalid escape sequence '\d'
  1200    0.3208    0.6792   2.85e-04  (12.1 step/s)
<unknown>:795: SyntaxWarning: invalid escape sequence '\d'
<unknown>:1016: SyntaxWarning: invalid escape sequence '\d'
<unknown>:61: SyntaxWarning: invalid escape sequence '\ '
<unknown>:61: SyntaxWarning: invalid escape sequence '\ '
<unknown>:62: SyntaxWarning: invalid escape sequence '\ '
<unknown>:62: SyntaxWarning: invalid escape sequence '\ '
  1300    0.3263    0.6737   2.83e-04  (12.6 step/s)
<unknown>:44: SyntaxWarning: invalid escape sequence '\-'
<unknown>:47: SyntaxWarning: invalid escape sequence '\s'
<unknown>:48: SyntaxWarning: invalid escape sequence '\s'
<unknown>:55: SyntaxWarning: invalid escape sequence '\P'
<unknown>:58: SyntaxWarning: invalid escape sequence '\P'
<unknown>:57: SyntaxWarning: invalid escape sequence '\['
<unknown>:284: SyntaxWarning: invalid escape sequence '\d'
<unknown>:591: SyntaxWarning: invalid escape sequence '\d'
<unknown>:795: SyntaxWarning: invalid escape sequence '\/'
  1400    0.3249    0.6751   2.80e-04  (13.2 step/s)
<unknown>:21: SyntaxWarning: invalid escape sequence '\s'
<unknown>:19: SyntaxWarning: invalid escape sequence '\='
<unknown>:34: SyntaxWarning: invalid escape sequence '\S'
<unknown>:36: SyntaxWarning: invalid escape sequence '\S'
<unknown>:42: SyntaxWarning: invalid escape sequence '\*'
<unknown>:75: SyntaxWarning: invalid escape sequence '\S'
<unknown>:75: SyntaxWarning: invalid escape sequence '\.'
<unknown>:960: SyntaxWarning: invalid escape sequence '\.'
<unknown>:14: SyntaxWarning: invalid escape sequence '\W'
<unknown>:76: SyntaxWarning: invalid escape sequence '\%'
<unknown>:178: SyntaxWarning: invalid escape sequence '\C'
<unknown>:18: SyntaxWarning: invalid escape sequence '\j'
<unknown>:115: SyntaxWarning: invalid escape sequence '\ '
<unknown>:117: SyntaxWarning: invalid escape sequence '\ '
<unknown>:72: SyntaxWarning: invalid escape sequence '\.'
<unknown>:75: SyntaxWarning: invalid escape sequence '\.'
<unknown>:36: SyntaxWarning: invalid escape sequence '\d'
<unknown>:37: SyntaxWarning: invalid escape sequence '\d'
<unknown>:62: SyntaxWarning: invalid escape sequence '\s'
  1500    0.3265    0.6735   2.77e-04  (13.2 step/s)
        VAL  cos_dist=0.3372  cos=0.6628  (50 files)
<unknown>:51: SyntaxWarning: invalid escape sequence '\d'
<unknown>:52: SyntaxWarning: invalid escape sequence '\d'
<unknown>:1: SyntaxWarning: invalid escape sequence '\l'
<unknown>:163: SyntaxWarning: invalid escape sequence '\P'
<unknown>:164: SyntaxWarning: invalid escape sequence '\P'
<unknown>:165: SyntaxWarning: invalid escape sequence '\P'
<unknown>:166: SyntaxWarning: invalid escape sequence '\P'
<unknown>:167: SyntaxWarning: invalid escape sequence '\P'
<unknown>:421: SyntaxWarning: invalid escape sequence '\s'
<unknown>:55: SyntaxWarning: invalid escape sequence '\['
<unknown>:67: SyntaxWarning: invalid escape sequence '\['
<unknown>:68: SyntaxWarning: invalid escape sequence '\['
<unknown>:69: SyntaxWarning: invalid escape sequence '\.'
<unknown>:325: SyntaxWarning: invalid escape sequence '\m'
  1600    0.3215    0.6785   2.74e-04  (13.6 step/s)
<unknown>:157: SyntaxWarning: invalid escape sequence '\d'
<unknown>:418: SyntaxWarning: invalid escape sequence '\s'
<unknown>:8: SyntaxWarning: invalid escape sequence '\s'
<unknown>:657: SyntaxWarning: invalid escape sequence '\d'
<unknown>:659: SyntaxWarning: invalid escape sequence '\.'
<unknown>:661: SyntaxWarning: invalid escape sequence '\-'
<unknown>:663: SyntaxWarning: invalid escape sequence '\d'
<unknown>:686: SyntaxWarning: invalid escape sequence '\-'
<unknown>:688: SyntaxWarning: invalid escape sequence '\d'
<unknown>:211: SyntaxWarning: invalid escape sequence '\['
<unknown>:212: SyntaxWarning: invalid escape sequence '\]'
  1700    0.3212    0.6788   2.71e-04  (13.5 step/s)
<unknown>:87: SyntaxWarning: invalid escape sequence '\-'
  1800    0.3174    0.6826   2.68e-04  (13.8 step/s)
<unknown>:142: SyntaxWarning: invalid escape sequence '\A'
<unknown>:209: SyntaxWarning: invalid escape sequence '\A'
<unknown>:211: SyntaxWarning: invalid escape sequence '\A'
<unknown>:211: SyntaxWarning: invalid escape sequence '\/'
<unknown>:1357: SyntaxWarning: invalid escape sequence '\;'
<unknown>:1359: SyntaxWarning: invalid escape sequence '\;'
<unknown>:55: SyntaxWarning: invalid escape sequence '\d'
<unknown>:56: SyntaxWarning: invalid escape sequence '\d'
<unknown>:72: SyntaxWarning: invalid escape sequence '\d'
<unknown>:73: SyntaxWarning: invalid escape sequence '\d'
<unknown>:16: SyntaxWarning: invalid escape sequence '\d'
<unknown>:17: SyntaxWarning: invalid escape sequence '\d'
<unknown>:18: SyntaxWarning: invalid escape sequence '\d'
<unknown>:19: SyntaxWarning: invalid escape sequence '\d'
<unknown>:20: SyntaxWarning: invalid escape sequence '\d'
<unknown>:21: SyntaxWarning: invalid escape sequence '\d'
<unknown>:23: SyntaxWarning: invalid escape sequence '\d'
<unknown>:24: SyntaxWarning: invalid escape sequence '\d'
  1900    0.3108    0.6892   2.64e-04  (14.1 step/s)
<unknown>:633: SyntaxWarning: invalid escape sequence '\D'
<unknown>:1307: SyntaxWarning: invalid escape sequence '\%'
<unknown>:1729: SyntaxWarning: invalid escape sequence '\W'
<unknown>:1730: SyntaxWarning: invalid escape sequence '\*'
<unknown>:1960: SyntaxWarning: invalid escape sequence '\('
<unknown>:3657: SyntaxWarning: invalid escape sequence '\*'
<unknown>:2413: SyntaxWarning: invalid escape sequence '\#'
<unknown>:2861: SyntaxWarning: invalid escape sequence '\#'
  2000    0.3164    0.6836   2.60e-04  (14.2 step/s)
        VAL  cos_dist=0.3295  cos=0.6705  (50 files)
<unknown>:7: SyntaxWarning: invalid escape sequence '\i'
<unknown>:221: SyntaxWarning: invalid escape sequence '\i'
<unknown>:35: SyntaxWarning: invalid escape sequence '\}'
<unknown>:38: SyntaxWarning: invalid escape sequence '\d'
  2100    0.3151    0.6849   2.57e-04  (14.3 step/s)
<unknown>:3: SyntaxWarning: invalid escape sequence '\ '
<unknown>:25: SyntaxWarning: invalid escape sequence '\d'
<unknown>:33: SyntaxWarning: invalid escape sequence '\D'
<unknown>:2: SyntaxWarning: invalid escape sequence '\@'
  2200    0.3076    0.6924   2.53e-04  (14.3 step/s)
<unknown>:1587: SyntaxWarning: invalid escape sequence '\}'
<unknown>:15: SyntaxWarning: invalid escape sequence '\e'
<unknown>:17: SyntaxWarning: invalid escape sequence '\.'
<unknown>:124: SyntaxWarning: invalid escape sequence '\_'
<unknown>:46: SyntaxWarning: invalid escape sequence '\$'
<unknown>:185: SyntaxWarning: invalid escape sequence '\.'
<unknown>:222: SyntaxWarning: invalid escape sequence '\.'
<unknown>:459: SyntaxWarning: invalid escape sequence '\.'
<unknown>:714: SyntaxWarning: invalid escape sequence '\.'
<unknown>:129: SyntaxWarning: invalid escape sequence '\d'
<unknown>:140: SyntaxWarning: invalid escape sequence '\['
<unknown>:168: SyntaxWarning: invalid escape sequence '\['
<unknown>:202: SyntaxWarning: invalid escape sequence '\d'
<unknown>:213: SyntaxWarning: invalid escape sequence '\['
<unknown>:226: SyntaxWarning: invalid escape sequence '\d'
<unknown>:161: SyntaxWarning: invalid escape sequence '\s'
  2300    0.2965    0.7035   2.49e-04  (14.6 step/s)
<unknown>:32: SyntaxWarning: invalid escape sequence '\d'
<unknown>:60: SyntaxWarning: invalid escape sequence '\.'
<unknown>:9158: SyntaxWarning: invalid escape sequence '\d'
<unknown>:82: SyntaxWarning: invalid escape sequence '\s'
<unknown>:202: SyntaxWarning: invalid escape sequence '\s'
<unknown>:236: SyntaxWarning: invalid escape sequence '\['
<unknown>:444: SyntaxWarning: invalid escape sequence '\['
<unknown>:510: SyntaxWarning: invalid escape sequence '\s'
<unknown>:563: SyntaxWarning: invalid escape sequence '\s'
<unknown>:617: SyntaxWarning: invalid escape sequence '\s'
  2400    0.3051    0.6949   2.44e-04  (12.4 step/s)
<unknown>:140: SyntaxWarning: invalid escape sequence '\d'
<unknown>:59: SyntaxWarning: invalid escape sequence '\('
<unknown>:67: SyntaxWarning: invalid escape sequence '\('
<unknown>:71: SyntaxWarning: invalid escape sequence '\s'
<unknown>:71: SyntaxWarning: invalid escape sequence '\g'
<unknown>:72: SyntaxWarning: invalid escape sequence '\s'
<unknown>:359: SyntaxWarning: invalid escape sequence '\S'
<unknown>:361: SyntaxWarning: invalid escape sequence '\d'
<unknown>:29: SyntaxWarning: invalid escape sequence '\w'
<unknown>:214: SyntaxWarning: invalid escape sequence '\g'
<unknown>:503: SyntaxWarning: invalid escape sequence '\ '
<unknown>:28: SyntaxWarning: invalid escape sequence '\i'
<unknown>:31: SyntaxWarning: invalid escape sequence '\i'
<unknown>:34: SyntaxWarning: invalid escape sequence '\i'
<unknown>:37: SyntaxWarning: invalid escape sequence '\i'
<unknown>:188: SyntaxWarning: invalid escape sequence '\s'
<unknown>:191: SyntaxWarning: invalid escape sequence '\i'
<unknown>:194: SyntaxWarning: invalid escape sequence '\s'
<unknown>:203: SyntaxWarning: invalid escape sequence '\s'
<unknown>:206: SyntaxWarning: invalid escape sequence '\s'
<unknown>:209: SyntaxWarning: invalid escape sequence '\i'
<unknown>:212: SyntaxWarning: invalid escape sequence '\i'
  2500    0.3067    0.6933   2.40e-04  (12.6 step/s)
        VAL  cos_dist=0.3282  cos=0.6718  (50 files)
<unknown>:77: SyntaxWarning: invalid escape sequence '\w'
<unknown>:98: SyntaxWarning: invalid escape sequence '\s'
<unknown>:155: SyntaxWarning: invalid escape sequence '\d'
<unknown>:231: SyntaxWarning: invalid escape sequence '\w'
<unknown>:243: SyntaxWarning: invalid escape sequence '\w'
<unknown>:279: SyntaxWarning: invalid escape sequence '\W'
<unknown>:294: SyntaxWarning: invalid escape sequence '\W'
<unknown>:338: SyntaxWarning: invalid escape sequence '\w'
<unknown>:613: SyntaxWarning: invalid escape sequence '\('
<unknown>:18: SyntaxWarning: invalid escape sequence '\g'
<unknown>:102: SyntaxWarning: invalid escape sequence '\F'
<unknown>:36: SyntaxWarning: invalid escape sequence '\s'
<unknown>:2: SyntaxWarning: invalid escape sequence '\/'
<unknown>:49: SyntaxWarning: invalid escape sequence '\d'
  2600    0.3019    0.6981   2.36e-04  (12.6 step/s)
<unknown>:242: SyntaxWarning: invalid escape sequence '\s'
<unknown>:264: SyntaxWarning: invalid escape sequence '\s'
<unknown>:349: SyntaxWarning: invalid escape sequence '\:'
<unknown>:123: SyntaxWarning: invalid escape sequence '\W'
<unknown>:76: SyntaxWarning: invalid escape sequence '\S'
  2700    0.3097    0.6903   2.31e-04  (12.9 step/s)
<unknown>:108: SyntaxWarning: invalid escape sequence '\s'
<unknown>:135: SyntaxWarning: invalid escape sequence '\s'
<unknown>:141: SyntaxWarning: invalid escape sequence '\s'
<unknown>:19: SyntaxWarning: invalid escape sequence '\.'
<unknown>:20: SyntaxWarning: invalid escape sequence '\d'
<unknown>:232: SyntaxWarning: invalid escape sequence '\s'
<unknown>:351: SyntaxWarning: invalid escape sequence '\s'
<unknown>:41: SyntaxWarning: invalid escape sequence '\ '
<unknown>:2023: SyntaxWarning: invalid escape sequence '\*'
<unknown>:2076: SyntaxWarning: invalid escape sequence '\*'
<unknown>:384: SyntaxWarning: invalid escape sequence '\('
<unknown>:388: SyntaxWarning: invalid escape sequence '\('
<unknown>:1043: SyntaxWarning: invalid escape sequence '\('
<unknown>:1265: SyntaxWarning: invalid escape sequence '\('
<unknown>:1269: SyntaxWarning: invalid escape sequence '\('
<unknown>:1338: SyntaxWarning: invalid escape sequence '\('
<unknown>:1358: SyntaxWarning: invalid escape sequence '\('
<unknown>:1374: SyntaxWarning: invalid escape sequence '\('
<unknown>:1384: SyntaxWarning: invalid escape sequence '\('
<unknown>:1393: SyntaxWarning: invalid escape sequence '\('
<unknown>:1403: SyntaxWarning: invalid escape sequence '\('
<unknown>:1413: SyntaxWarning: invalid escape sequence '\('
<unknown>:1486: SyntaxWarning: invalid escape sequence '\('
<unknown>:1490: SyntaxWarning: invalid escape sequence '\('
<unknown>:1494: SyntaxWarning: invalid escape sequence '\('
<unknown>:1501: SyntaxWarning: invalid escape sequence '\('
<unknown>:1505: SyntaxWarning: invalid escape sequence '\('
<unknown>:1509: SyntaxWarning: invalid escape sequence '\('
<unknown>:1516: SyntaxWarning: invalid escape sequence '\('
<unknown>:1520: SyntaxWarning: invalid escape sequence '\('
<unknown>:1524: SyntaxWarning: invalid escape sequence '\('
<unknown>:1532: SyntaxWarning: invalid escape sequence '\('
<unknown>:1536: SyntaxWarning: invalid escape sequence '\('
<unknown>:1540: SyntaxWarning: invalid escape sequence '\('
<unknown>:1604: SyntaxWarning: invalid escape sequence '\('
<unknown>:1607: SyntaxWarning: invalid escape sequence '\('
<unknown>:1610: SyntaxWarning: invalid escape sequence '\('
<unknown>:1620: SyntaxWarning: invalid escape sequence '\('
<unknown>:1626: SyntaxWarning: invalid escape sequence '\('
<unknown>:1632: SyntaxWarning: invalid escape sequence '\('
<unknown>:1700: SyntaxWarning: invalid escape sequence '\('
<unknown>:1703: SyntaxWarning: invalid escape sequence '\('
<unknown>:2042: SyntaxWarning: invalid escape sequence '\.'
<unknown>:2112: SyntaxWarning: invalid escape sequence '\('
<unknown>:2116: SyntaxWarning: invalid escape sequence '\('
  2800    0.3232    0.6768   2.26e-04  (12.9 step/s)
<unknown>:149: SyntaxWarning: invalid escape sequence '\m'
<unknown>:22: SyntaxWarning: invalid escape sequence '\.'
<unknown>:32: SyntaxWarning: invalid escape sequence '\+'
<unknown>:321: SyntaxWarning: invalid escape sequence '\S'
<unknown>:229: SyntaxWarning: invalid escape sequence '\m'
<unknown>:236: SyntaxWarning: invalid escape sequence '\m'
<unknown>:488: SyntaxWarning: invalid escape sequence '\m'
<unknown>:45: SyntaxWarning: invalid escape sequence '\('
  2900    0.2917    0.7083   2.22e-04  (13.0 step/s)
<unknown>:31: SyntaxWarning: invalid escape sequence '\ '
<unknown>:514: SyntaxWarning: invalid escape sequence '\ '
<unknown>:102: SyntaxWarning: invalid escape sequence '\*'
<unknown>:3: SyntaxWarning: invalid escape sequence '\c'
  3000    0.3074    0.6926   2.17e-04  (13.2 step/s)
        VAL  cos_dist=0.3259  cos=0.6741  (50 files)
<unknown>:49: SyntaxWarning: invalid escape sequence '\s'
<unknown>:80: SyntaxWarning: invalid escape sequence '\/'
  3100    0.3040    0.6960   2.12e-04  (13.4 step/s)
<unknown>:38: SyntaxWarning: invalid escape sequence '\('
<unknown>:82: SyntaxWarning: invalid escape sequence '\D'
  3200    0.3017    0.6983   2.07e-04  (13.6 step/s)
<unknown>:76: SyntaxWarning: invalid escape sequence '\W'
<unknown>:76: SyntaxWarning: invalid escape sequence '\W'
<unknown>:97: SyntaxWarning: invalid escape sequence '\.'
<unknown>:105: SyntaxWarning: invalid escape sequence '\D'
<unknown>:265: SyntaxWarning: invalid escape sequence '\W'
<unknown>:267: SyntaxWarning: invalid escape sequence '\W'
<unknown>:268: SyntaxWarning: invalid escape sequence '\W'
<unknown>:270: SyntaxWarning: invalid escape sequence '\W'
<unknown>:272: SyntaxWarning: invalid escape sequence '\['
<unknown>:272: SyntaxWarning: invalid escape sequence '\d'
<unknown>:95: SyntaxWarning: invalid escape sequence '\{'
<unknown>:430: SyntaxWarning: invalid escape sequence '\*'
<unknown>:433: SyntaxWarning: invalid escape sequence '\9'
<unknown>:434: SyntaxWarning: invalid escape sequence '\*'
<unknown>:435: SyntaxWarning: invalid escape sequence '\*'
<unknown>:1: SyntaxWarning: invalid escape sequence '\s'
<unknown>:118: SyntaxWarning: invalid escape sequence '\m'
<unknown>:17: SyntaxWarning: invalid escape sequence '\e'
<unknown>:40: SyntaxWarning: invalid escape sequence '\ '
<unknown>:79: SyntaxWarning: invalid escape sequence '\E'
  3300    0.3068    0.6932   2.02e-04  (13.8 step/s)
<unknown>:17: SyntaxWarning: invalid escape sequence '\d'
<unknown>:71: SyntaxWarning: invalid escape sequence '\W'
<unknown>:129: SyntaxWarning: invalid escape sequence '\S'
<unknown>:1369: SyntaxWarning: invalid escape sequence '\d'
<unknown>:19: SyntaxWarning: invalid escape sequence '\A'
<unknown>:72: SyntaxWarning: invalid escape sequence '\['
<unknown>:73: SyntaxWarning: invalid escape sequence '\]'
<unknown>:33: SyntaxWarning: invalid escape sequence '\.'
<unknown>:34: SyntaxWarning: invalid escape sequence '\d'
<unknown>:4057: SyntaxWarning: invalid escape sequence '\>'
  3400    0.2966    0.7034   1.97e-04  (13.4 step/s)
  3500    0.2942    0.7058   1.91e-04  (13.6 step/s)
        VAL  cos_dist=0.3200  cos=0.6800  (50 files)
<unknown>:1184: SyntaxWarning: invalid escape sequence '\*'
<unknown>:1812: SyntaxWarning: invalid escape sequence '\d'
<unknown>:138: SyntaxWarning: invalid escape sequence '\.'
<unknown>:153: SyntaxWarning: invalid escape sequence '\.'
<unknown>:97: SyntaxWarning: invalid escape sequence '\d'
<unknown>:71: SyntaxWarning: invalid escape sequence '\d'
  3600    0.3057    0.6943   1.86e-04  (13.6 step/s)
<unknown>:44: SyntaxWarning: invalid escape sequence '\d'
<unknown>:76: SyntaxWarning: invalid escape sequence '\.'
<unknown>:108: SyntaxWarning: invalid escape sequence '\s'
<unknown>:110: SyntaxWarning: invalid escape sequence '\d'
<unknown>:111: SyntaxWarning: invalid escape sequence '\s'
<unknown>:112: SyntaxWarning: invalid escape sequence '\s'
<unknown>:50: SyntaxWarning: invalid escape sequence '\w'
<unknown>:48: SyntaxWarning: invalid escape sequence '\*'
<unknown>:49: SyntaxWarning: invalid escape sequence '\}'
<unknown>:50: SyntaxWarning: invalid escape sequence '\}'
<unknown>:51: SyntaxWarning: invalid escape sequence '\-'
<unknown>:52: SyntaxWarning: invalid escape sequence '\-'
<unknown>:19: SyntaxWarning: invalid escape sequence '\('
<unknown>:20: SyntaxWarning: invalid escape sequence '\('
<unknown>:23: SyntaxWarning: invalid escape sequence '\('
<unknown>:24: SyntaxWarning: invalid escape sequence '\('
  3700    0.3064    0.6936   1.81e-04  (13.7 step/s)
<unknown>:181: SyntaxWarning: invalid escape sequence '\d'
<unknown>:134: SyntaxWarning: invalid escape sequence '\.'
<unknown>:104: SyntaxWarning: invalid escape sequence '\s'
  3800    0.2963    0.7037   1.76e-04  (13.9 step/s)
<unknown>:10: SyntaxWarning: invalid escape sequence '\l'
<unknown>:19: SyntaxWarning: invalid escape sequence '\s'
<unknown>:20: SyntaxWarning: invalid escape sequence '\s'
<unknown>:156: SyntaxWarning: invalid escape sequence '\d'
<unknown>:173: SyntaxWarning: invalid escape sequence '\('
<unknown>:389: SyntaxWarning: invalid escape sequence '\_'
  3900    0.3065    0.6935   1.70e-04  (14.1 step/s)
<unknown>:228: SyntaxWarning: invalid escape sequence '\w'
<unknown>:1404: SyntaxWarning: invalid escape sequence '\w'
<unknown>:92: SyntaxWarning: invalid escape sequence '\g'
<unknown>:26: SyntaxWarning: invalid escape sequence '\)'
<unknown>:38: SyntaxWarning: invalid escape sequence '\?'
<unknown>:38: SyntaxWarning: invalid escape sequence '\?'
<unknown>:43: SyntaxWarning: invalid escape sequence '\['
<unknown>:44: SyntaxWarning: invalid escape sequence '\{'
<unknown>:45: SyntaxWarning: invalid escape sequence '\('
<unknown>:52: SyntaxWarning: invalid escape sequence '\['
<unknown>:127: SyntaxWarning: invalid escape sequence '\%'
<unknown>:127: SyntaxWarning: invalid escape sequence '\<'
<unknown>:127: SyntaxWarning: invalid escape sequence '\>'
<unknown>:158: SyntaxWarning: invalid escape sequence '\<'
<unknown>:158: SyntaxWarning: invalid escape sequence '\>'
  4000    0.2877    0.7123   1.65e-04  (14.2 step/s)
        VAL  cos_dist=0.3186  cos=0.6814  (50 files)
<unknown>:163: SyntaxWarning: invalid escape sequence '\w'
<unknown>:164: SyntaxWarning: invalid escape sequence '\w'
<unknown>:165: SyntaxWarning: invalid escape sequence '\.'
<unknown>:166: SyntaxWarning: invalid escape sequence '\s'
<unknown>:168: SyntaxWarning: invalid escape sequence '\s'
<unknown>:169: SyntaxWarning: invalid escape sequence '\d'
<unknown>:172: SyntaxWarning: invalid escape sequence '\('
<unknown>:173: SyntaxWarning: invalid escape sequence '\d'
<unknown>:174: SyntaxWarning: invalid escape sequence '\d'
<unknown>:22: SyntaxWarning: invalid escape sequence '\('
<unknown>:25: SyntaxWarning: invalid escape sequence '\['
<unknown>:114: SyntaxWarning: invalid escape sequence '\s'
<unknown>:27: SyntaxWarning: invalid escape sequence '\w'
<unknown>:127: SyntaxWarning: invalid escape sequence '\w'
<unknown>:24: SyntaxWarning: invalid escape sequence '\i'
  4100    0.3096    0.6904   1.60e-04  (14.3 step/s)
<unknown>:43: SyntaxWarning: invalid escape sequence '\w'
<unknown>:15: SyntaxWarning: invalid escape sequence '\.'
<unknown>:63: SyntaxWarning: invalid escape sequence '\['
<unknown>:114: SyntaxWarning: invalid escape sequence '\*'
<unknown>:184: SyntaxWarning: invalid escape sequence '\*'
<unknown>:246: SyntaxWarning: invalid escape sequence '\*'
<unknown>:384: SyntaxWarning: invalid escape sequence '\*'
<unknown>:183: SyntaxWarning: invalid escape sequence '\('
  4200    0.2984    0.7016   1.54e-04  (14.5 step/s)
<unknown>:8: SyntaxWarning: invalid escape sequence '\.'
<unknown>:10: SyntaxWarning: invalid escape sequence '\('
<unknown>:292: SyntaxWarning: invalid escape sequence '\d'
<unknown>:2: SyntaxWarning: invalid escape sequence '\p'
<unknown>:14: SyntaxWarning: invalid escape sequence '\i'
  4300    0.2994    0.7006   1.49e-04  (14.6 step/s)
<unknown>:16: SyntaxWarning: invalid escape sequence '\s'
<unknown>:20: SyntaxWarning: invalid escape sequence '\s'
<unknown>:205: SyntaxWarning: invalid escape sequence '\s'
<unknown>:777: SyntaxWarning: invalid escape sequence '\d'
<unknown>:778: SyntaxWarning: invalid escape sequence '\s'
<unknown>:52: SyntaxWarning: invalid escape sequence '\['
<unknown>:53: SyntaxWarning: invalid escape sequence '\['
<unknown>:54: SyntaxWarning: invalid escape sequence '\['
<unknown>:55: SyntaxWarning: invalid escape sequence '\['
<unknown>:56: SyntaxWarning: invalid escape sequence '\['
<unknown>:57: SyntaxWarning: invalid escape sequence '\['
<unknown>:58: SyntaxWarning: invalid escape sequence '\['
<unknown>:60: SyntaxWarning: invalid escape sequence '\.'
<unknown>:61: SyntaxWarning: invalid escape sequence '\.'
<unknown>:785: SyntaxWarning: invalid escape sequence '\('
  4400    0.3025    0.6975   1.44e-04  (14.8 step/s)
<unknown>:94: SyntaxWarning: invalid escape sequence '\:'
<unknown>:95: SyntaxWarning: invalid escape sequence '\:'
<unknown>:115: SyntaxWarning: invalid escape sequence '\:'
<unknown>:116: SyntaxWarning: invalid escape sequence '\:'
<unknown>:1286: SyntaxWarning: invalid escape sequence '\.'
<unknown>:12: SyntaxWarning: invalid escape sequence '\d'
<unknown>:83: SyntaxWarning: invalid escape sequence '\$'
<unknown>:24: SyntaxWarning: invalid escape sequence '\E'
  4500    0.2943    0.7057   1.39e-04  (14.9 step/s)
        VAL  cos_dist=0.3156  cos=0.6844  (50 files)
<unknown>:45: SyntaxWarning: invalid escape sequence '\s'
<unknown>:169: SyntaxWarning: invalid escape sequence '\.'
<unknown>:257: SyntaxWarning: invalid escape sequence '\.'
<unknown>:97: SyntaxWarning: invalid escape sequence '\e'
<unknown>:1894: SyntaxWarning: invalid escape sequence '\d'
<unknown>:82: SyntaxWarning: invalid escape sequence '\d'
<unknown>:84: SyntaxWarning: invalid escape sequence '\d'
<unknown>:125: SyntaxWarning: invalid escape sequence '\d'
<unknown>:143: SyntaxWarning: invalid escape sequence '\d'
<unknown>:158: SyntaxWarning: invalid escape sequence '\d'
<unknown>:179: SyntaxWarning: invalid escape sequence '\d'
<unknown>:194: SyntaxWarning: invalid escape sequence '\d'
<unknown>:228: SyntaxWarning: invalid escape sequence '\d'
<unknown>:210: SyntaxWarning: invalid escape sequence '\P'
  4600    0.2927    0.7073   1.33e-04  (15.0 step/s)
<unknown>:290: SyntaxWarning: invalid escape sequence '\d'
<unknown>:291: SyntaxWarning: invalid escape sequence '\.'
  4700    0.2945    0.7055   1.28e-04  (15.2 step/s)
<unknown>:238: SyntaxWarning: invalid escape sequence '\s'
<unknown>:56: SyntaxWarning: invalid escape sequence '\.'
<unknown>:980: SyntaxWarning: invalid escape sequence '\D'
<unknown>:43: SyntaxWarning: invalid escape sequence '\D'
<unknown>:320: SyntaxWarning: invalid escape sequence '\('
<unknown>:343: SyntaxWarning: invalid escape sequence '\_'
<unknown>:766: SyntaxWarning: invalid escape sequence '\_'
<unknown>:767: SyntaxWarning: invalid escape sequence '\_'
<unknown>:743: SyntaxWarning: invalid escape sequence '\*'
<unknown>:12: SyntaxWarning: invalid escape sequence '\ '
<unknown>:13: SyntaxWarning: invalid escape sequence '\('
<unknown>:14: SyntaxWarning: invalid escape sequence '\_'
  4800    0.2859    0.7141   1.23e-04  (15.1 step/s)
<unknown>:6: SyntaxWarning: invalid escape sequence '\d'
<unknown>:39: SyntaxWarning: invalid escape sequence '\w'
<unknown>:49: SyntaxWarning: invalid escape sequence '\s'
<unknown>:50: SyntaxWarning: invalid escape sequence '\s'
<unknown>:58: SyntaxWarning: invalid escape sequence '\.'
<unknown>:295: SyntaxWarning: invalid escape sequence '\w'
<unknown>:313: SyntaxWarning: invalid escape sequence '\{'
<unknown>:313: SyntaxWarning: invalid escape sequence '\]'
<unknown>:20: SyntaxWarning: invalid escape sequence '\s'
<unknown>:47: SyntaxWarning: invalid escape sequence '\?'
<unknown>:48: SyntaxWarning: invalid escape sequence '\/'
<unknown>:71: SyntaxWarning: invalid escape sequence '\/'
<unknown>:81: SyntaxWarning: invalid escape sequence '\/'
<unknown>:727: SyntaxWarning: invalid escape sequence '\ '
<unknown>:28: SyntaxWarning: invalid escape sequence '\s'
<unknown>:30: SyntaxWarning: invalid escape sequence '\s'
  4900    0.2873    0.7127   1.18e-04  (15.3 step/s)
<unknown>:114: SyntaxWarning: invalid escape sequence '\m'
<unknown>:66: SyntaxWarning: invalid escape sequence '\d'
<unknown>:60: SyntaxWarning: invalid escape sequence '\)'
<unknown>:250: SyntaxWarning: invalid escape sequence '\)'
<unknown>:252: SyntaxWarning: invalid escape sequence '\)'
<unknown>:252: SyntaxWarning: invalid escape sequence '\)'
<unknown>:253: SyntaxWarning: invalid escape sequence '\)'
<unknown>:253: SyntaxWarning: invalid escape sequence '\)'
  5000    0.2952    0.7048   1.13e-04  (15.4 step/s)
        VAL  cos_dist=0.3135  cos=0.6865  (50 files)
<unknown>:1: SyntaxWarning: invalid escape sequence '\ '
<unknown>:73: SyntaxWarning: invalid escape sequence '\A'
<unknown>:74: SyntaxWarning: invalid escape sequence '\A'
<unknown>:29: SyntaxWarning: invalid escape sequence '\d'
  5100    0.2833    0.7167   1.08e-04  (15.1 step/s)
<unknown>:385: SyntaxWarning: invalid escape sequence '\('
<unknown>:386: SyntaxWarning: invalid escape sequence '\('
<unknown>:388: SyntaxWarning: invalid escape sequence '\('
<unknown>:439: SyntaxWarning: invalid escape sequence '\s'
<unknown>:439: SyntaxWarning: invalid escape sequence '\g'
<unknown>:17: SyntaxWarning: invalid escape sequence '\('
<unknown>:18: SyntaxWarning: invalid escape sequence '\s'
<unknown>:193: SyntaxWarning: invalid escape sequence '\('
<unknown>:391: SyntaxWarning: invalid escape sequence '\d'
  5200    0.3022    0.6978   1.04e-04  (15.3 step/s)
<unknown>:106: SyntaxWarning: invalid escape sequence '\;'
<unknown>:129: SyntaxWarning: invalid escape sequence '\;'
<unknown>:174: SyntaxWarning: invalid escape sequence '\;'
<unknown>:175: SyntaxWarning: invalid escape sequence '\s'
<unknown>:1828: SyntaxWarning: invalid escape sequence '\B'
<unknown>:45: SyntaxWarning: invalid escape sequence '\m'
<unknown>:57: SyntaxWarning: invalid escape sequence '\m'
  5300    0.2943    0.7057   9.90e-05  (15.3 step/s)
<unknown>:421: SyntaxWarning: invalid escape sequence '\('
<unknown>:42: SyntaxWarning: invalid escape sequence '\.'
<unknown>:13: SyntaxWarning: invalid escape sequence '\c'
<unknown>:51: SyntaxWarning: invalid escape sequence '\d'
<unknown>:156: SyntaxWarning: invalid escape sequence '\S'
  5400    0.2988    0.7012   9.45e-05  (15.4 step/s)
<unknown>:62: SyntaxWarning: invalid escape sequence '\d'
<unknown>:25: SyntaxWarning: invalid escape sequence '\}'
<unknown>:31: SyntaxWarning: invalid escape sequence '\('
  5500    0.2837    0.7163   9.00e-05  (15.5 step/s)
        VAL  cos_dist=0.3124  cos=0.6876  (50 files)
<unknown>:7: SyntaxWarning: invalid escape sequence '\/'
<unknown>:41: SyntaxWarning: invalid escape sequence '\P'
<unknown>:42: SyntaxWarning: invalid escape sequence '\P'
<unknown>:43: SyntaxWarning: invalid escape sequence '\P'
<unknown>:75: SyntaxWarning: invalid escape sequence '\P'
<unknown>:313: SyntaxWarning: invalid escape sequence '\i'
<unknown>:333: SyntaxWarning: invalid escape sequence '\i'
<unknown>:42: SyntaxWarning: invalid escape sequence '\s'
<unknown>:62: SyntaxWarning: invalid escape sequence '\w'
<unknown>:84: SyntaxWarning: invalid escape sequence '\-'
<unknown>:31: SyntaxWarning: invalid escape sequence '\.'
<unknown>:34: SyntaxWarning: invalid escape sequence '\.'
<unknown>:69: SyntaxWarning: invalid escape sequence '\.'
<unknown>:70: SyntaxWarning: invalid escape sequence '\.'
<unknown>:27: SyntaxWarning: invalid escape sequence '\('
<unknown>:29: SyntaxWarning: invalid escape sequence '\('
<unknown>:31: SyntaxWarning: invalid escape sequence '\('
<unknown>:33: SyntaxWarning: invalid escape sequence '\('
<unknown>:50: SyntaxWarning: invalid escape sequence '\('
<unknown>:51: SyntaxWarning: invalid escape sequence '\('
<unknown>:228: SyntaxWarning: invalid escape sequence '\('
  5600    0.2983    0.7017   8.56e-05  (15.5 step/s)
<unknown>:565: SyntaxWarning: invalid escape sequence '\('
<unknown>:53: SyntaxWarning: invalid escape sequence '\.'
<unknown>:83: SyntaxWarning: invalid escape sequence '\.'
<unknown>:83: SyntaxWarning: invalid escape sequence '\.'
<unknown>:635: SyntaxWarning: invalid escape sequence '\_'
<unknown>:658: SyntaxWarning: invalid escape sequence '\_'
<unknown>:46: SyntaxWarning: invalid escape sequence '\?'
<unknown>:48: SyntaxWarning: invalid escape sequence '\s'
<unknown>:82: SyntaxWarning: invalid escape sequence '\d'
<unknown>:23: SyntaxWarning: invalid escape sequence '\['
<unknown>:24: SyntaxWarning: invalid escape sequence '\['
<unknown>:26: SyntaxWarning: invalid escape sequence '\s'
<unknown>:92: SyntaxWarning: invalid escape sequence '\d'
<unknown>:25: SyntaxWarning: invalid escape sequence '\/'
  5700    0.3021    0.6979   8.14e-05  (15.6 step/s)
<unknown>:96: SyntaxWarning: invalid escape sequence '\['
<unknown>:196: SyntaxWarning: invalid escape sequence '\W'
<unknown>:196: SyntaxWarning: invalid escape sequence '\W'
<unknown>:55: SyntaxWarning: invalid escape sequence '\E'
<unknown>:198: SyntaxWarning: invalid escape sequence '\-'
<unknown>:215: SyntaxWarning: invalid escape sequence '\s'
<unknown>:219: SyntaxWarning: invalid escape sequence '\s'
<unknown>:231: SyntaxWarning: invalid escape sequence '\-'
<unknown>:244: SyntaxWarning: invalid escape sequence '\d'
<unknown>:251: SyntaxWarning: invalid escape sequence '\['
<unknown>:267: SyntaxWarning: invalid escape sequence '\s'
<unknown>:268: SyntaxWarning: invalid escape sequence '\s'
<unknown>:269: SyntaxWarning: invalid escape sequence '\s'
<unknown>:270: SyntaxWarning: invalid escape sequence '\s'
<unknown>:271: SyntaxWarning: invalid escape sequence '\s'
<unknown>:272: SyntaxWarning: invalid escape sequence '\s'
<unknown>:273: SyntaxWarning: invalid escape sequence '\s'
<unknown>:298: SyntaxWarning: invalid escape sequence '\{'
<unknown>:303: SyntaxWarning: invalid escape sequence '\s'
<unknown>:277: SyntaxWarning: invalid escape sequence '\d'
<unknown>:51: SyntaxWarning: invalid escape sequence '\?'
<unknown>:54: SyntaxWarning: invalid escape sequence '\s'
<unknown>:72: SyntaxWarning: invalid escape sequence '\s'
<unknown>:73: SyntaxWarning: invalid escape sequence '\s'
<unknown>:74: SyntaxWarning: invalid escape sequence '\s'
<unknown>:75: SyntaxWarning: invalid escape sequence '\s'
<unknown>:79: SyntaxWarning: invalid escape sequence '\s'
  5800    0.2969    0.7031   7.73e-05  (15.8 step/s)
<unknown>:14: SyntaxWarning: invalid escape sequence '\s'
<unknown>:16: SyntaxWarning: invalid escape sequence '\s'
<unknown>:23: SyntaxWarning: invalid escape sequence '\s'
<unknown>:26: SyntaxWarning: invalid escape sequence '\s'
<unknown>:30: SyntaxWarning: invalid escape sequence '\s'
<unknown>:32: SyntaxWarning: invalid escape sequence '\('
<unknown>:42: SyntaxWarning: invalid escape sequence '\.'
<unknown>:42: SyntaxWarning: invalid escape sequence '\^'
<unknown>:11: SyntaxWarning: invalid escape sequence '\.'
<unknown>:46: SyntaxWarning: invalid escape sequence '\l'
<unknown>:98: SyntaxWarning: invalid escape sequence '\$'
  5900    0.2996    0.7004   7.34e-05  (15.8 step/s)
<unknown>:862: SyntaxWarning: invalid escape sequence '\('
<unknown>:204: SyntaxWarning: invalid escape sequence '\S'
  6000    0.2942    0.7058   6.95e-05  (15.9 step/s)
        VAL  cos_dist=0.3091  cos=0.6909  (50 files)
<unknown>:15: SyntaxWarning: invalid escape sequence '\p'
<unknown>:488: SyntaxWarning: invalid escape sequence '\.'
<unknown>:495: SyntaxWarning: invalid escape sequence '\.'
<unknown>:163: SyntaxWarning: invalid escape sequence '\d'
<unknown>:357: SyntaxWarning: invalid escape sequence '\d'
<unknown>:120: SyntaxWarning: invalid escape sequence '\s'
<unknown>:121: SyntaxWarning: invalid escape sequence '\s'
<unknown>:169: SyntaxWarning: invalid escape sequence '\d'
<unknown>:67: SyntaxWarning: invalid escape sequence '\F'
  6100    0.2860    0.7140   6.59e-05  (16.0 step/s)
<unknown>:216: SyntaxWarning: invalid escape sequence '\.'
<unknown>:359: SyntaxWarning: invalid escape sequence '\d'
<unknown>:999: SyntaxWarning: invalid escape sequence '\['
<unknown>:79: SyntaxWarning: invalid escape sequence '\m'
<unknown>:84: SyntaxWarning: invalid escape sequence '\j'
<unknown>:2167: SyntaxWarning: invalid escape sequence '\d'
<unknown>:550: SyntaxWarning: invalid escape sequence '\ '
<unknown>:95: SyntaxWarning: invalid escape sequence '\_'
  6200    0.2921    0.7079   6.23e-05  (15.6 step/s)
<unknown>:46: SyntaxWarning: invalid escape sequence '\['
<unknown>:47: SyntaxWarning: invalid escape sequence '\s'
<unknown>:50: SyntaxWarning: invalid escape sequence '\['
<unknown>:51: SyntaxWarning: invalid escape sequence '\s'
<unknown>:55: SyntaxWarning: invalid escape sequence '\['
<unknown>:56: SyntaxWarning: invalid escape sequence '\s'
<unknown>:59: SyntaxWarning: invalid escape sequence '\['
<unknown>:60: SyntaxWarning: invalid escape sequence '\d'
<unknown>:67: SyntaxWarning: invalid escape sequence '\['
<unknown>:68: SyntaxWarning: invalid escape sequence '\s'
<unknown>:69: SyntaxWarning: invalid escape sequence '\d'
<unknown>:72: SyntaxWarning: invalid escape sequence '\['
<unknown>:73: SyntaxWarning: invalid escape sequence '\w'
<unknown>:82: SyntaxWarning: invalid escape sequence '\s'
<unknown>:84: SyntaxWarning: invalid escape sequence '\d'
<unknown>:85: SyntaxWarning: invalid escape sequence '\s'
<unknown>:88: SyntaxWarning: invalid escape sequence '\s'
<unknown>:215: SyntaxWarning: invalid escape sequence '\w'
  6300    0.2817    0.7183   5.90e-05  (15.7 step/s)
<unknown>:182: SyntaxWarning: invalid escape sequence '\d'
<unknown>:191: SyntaxWarning: invalid escape sequence '\d'
<unknown>:313: SyntaxWarning: invalid escape sequence '\d'
<unknown>:314: SyntaxWarning: invalid escape sequence '\d'
<unknown>:331: SyntaxWarning: invalid escape sequence '\d'
<unknown>:383: SyntaxWarning: invalid escape sequence '\S'
<unknown>:384: SyntaxWarning: invalid escape sequence '\d'
<unknown>:55: SyntaxWarning: invalid escape sequence '\d'
<unknown>:85: SyntaxWarning: invalid escape sequence '\w'
<unknown>:43: SyntaxWarning: invalid escape sequence '\L'
<unknown>:75: SyntaxWarning: invalid escape sequence '\g'
  6400    0.2964    0.7036   5.58e-05  (15.9 step/s)
<unknown>:22: SyntaxWarning: invalid escape sequence '\w'
<unknown>:85: SyntaxWarning: invalid escape sequence '\('
<unknown>:120: SyntaxWarning: invalid escape sequence '\p'
<unknown>:14: SyntaxWarning: invalid escape sequence '\('
<unknown>:135: SyntaxWarning: invalid escape sequence '\e'
<unknown>:140: SyntaxWarning: invalid escape sequence '\m'
<unknown>:155: SyntaxWarning: invalid escape sequence '\e'
<unknown>:160: SyntaxWarning: invalid escape sequence '\m'
<unknown>:177: SyntaxWarning: invalid escape sequence '\e'
<unknown>:182: SyntaxWarning: invalid escape sequence '\m'
<unknown>:63: SyntaxWarning: invalid escape sequence '\.'
<unknown>:1: SyntaxWarning: invalid escape sequence '\D'
  6500    0.2899    0.7101   5.28e-05  (16.0 step/s)
        VAL  cos_dist=0.3085  cos=0.6915  (50 files)
<unknown>:87: SyntaxWarning: invalid escape sequence '\s'
<unknown>:88: SyntaxWarning: invalid escape sequence '\s'
<unknown>:90: SyntaxWarning: invalid escape sequence '\s'
  6600    0.3016    0.6984   4.99e-05  (16.1 step/s)
<unknown>:719: SyntaxWarning: invalid escape sequence '\_'
<unknown>:239: SyntaxWarning: invalid escape sequence '\d'
<unknown>:844: SyntaxWarning: invalid escape sequence '\ '
<unknown>:944: SyntaxWarning: invalid escape sequence '\ '
<unknown>:1023: SyntaxWarning: invalid escape sequence '\ '
<unknown>:21: SyntaxWarning: invalid escape sequence '\d'
<unknown>:264: SyntaxWarning: invalid escape sequence '\w'
<unknown>:365: SyntaxWarning: invalid escape sequence '\('
<unknown>:516: SyntaxWarning: invalid escape sequence '\$'
  6700    0.2803    0.7197   4.72e-05  (16.1 step/s)
<unknown>:14: SyntaxWarning: invalid escape sequence '\d'
<unknown>:16: SyntaxWarning: invalid escape sequence '\d'
  6800    0.2922    0.7078   4.47e-05  (16.2 step/s)
<unknown>:50: SyntaxWarning: invalid escape sequence '\.'
<unknown>:72: SyntaxWarning: invalid escape sequence '\.'
<unknown>:77: SyntaxWarning: invalid escape sequence '\s'
<unknown>:78: SyntaxWarning: invalid escape sequence '\s'
<unknown>:1666: SyntaxWarning: invalid escape sequence '\s'
<unknown>:1681: SyntaxWarning: invalid escape sequence '\s'
<unknown>:44: SyntaxWarning: invalid escape sequence '\i'
<unknown>:132: SyntaxWarning: invalid escape sequence '\.'
<unknown>:137: SyntaxWarning: invalid escape sequence '\.'
<unknown>:141: SyntaxWarning: invalid escape sequence '\.'
<unknown>:145: SyntaxWarning: invalid escape sequence '\.'
  6900    0.2916    0.7084   4.24e-05  (16.3 step/s)
<unknown>:22: SyntaxWarning: invalid escape sequence '\ '
<unknown>:27: SyntaxWarning: invalid escape sequence '\ '
<unknown>:32: SyntaxWarning: invalid escape sequence '\ '
<unknown>:92: SyntaxWarning: invalid escape sequence '\|'
<unknown>:11: SyntaxWarning: invalid escape sequence '\s'
<unknown>:77: SyntaxWarning: invalid escape sequence '\s'
<unknown>:78: SyntaxWarning: invalid escape sequence '\s'
<unknown>:79: SyntaxWarning: invalid escape sequence '\s'
<unknown>:180: SyntaxWarning: invalid escape sequence '\d'
<unknown>:370: SyntaxWarning: invalid escape sequence '\_'
  7000    0.2852    0.7148   4.03e-05  (16.2 step/s)
        VAL  cos_dist=0.3061  cos=0.6939  (50 files)
  7100    0.2884    0.7116   3.83e-05  (15.7 step/s)
<unknown>:44: SyntaxWarning: invalid escape sequence '\>'
<unknown>:1073: SyntaxWarning: invalid escape sequence '\d'
<unknown>:13: SyntaxWarning: invalid escape sequence '\.'
<unknown>:21: SyntaxWarning: invalid escape sequence '\<'
<unknown>:397: SyntaxWarning: invalid escape sequence '\d'
<unknown>:22: SyntaxWarning: invalid escape sequence '\d'
<unknown>:23: SyntaxWarning: invalid escape sequence '\d'
<unknown>:47: SyntaxWarning: invalid escape sequence '\.'
<unknown>:162: SyntaxWarning: invalid escape sequence '\E'
<unknown>:186: SyntaxWarning: invalid escape sequence '\s'
<unknown>:87: SyntaxWarning: invalid escape sequence '\['
<unknown>:88: SyntaxWarning: invalid escape sequence '\['
<unknown>:315: SyntaxWarning: invalid escape sequence '\w'
<unknown>:30: SyntaxWarning: invalid escape sequence '\ '
  7200    0.2792    0.7208   3.66e-05  (15.7 step/s)
<unknown>:94: SyntaxWarning: invalid escape sequence '\S'
<unknown>:659: SyntaxWarning: invalid escape sequence '\d'
<unknown>:686: SyntaxWarning: invalid escape sequence '\['
<unknown>:695: SyntaxWarning: invalid escape sequence '\s'
<unknown>:668: SyntaxWarning: invalid escape sequence '\/'
<unknown>:669: SyntaxWarning: invalid escape sequence '\/'
<unknown>:670: SyntaxWarning: invalid escape sequence '\/'
<unknown>:47: SyntaxWarning: invalid escape sequence '\('
<unknown>:55: SyntaxWarning: invalid escape sequence '\['
<unknown>:1006: SyntaxWarning: invalid escape sequence '\s'
<unknown>:1009: SyntaxWarning: invalid escape sequence '\s'
<unknown>:1012: SyntaxWarning: invalid escape sequence '\s'
  7300    0.2874    0.7126   3.51e-05  (15.8 step/s)
<unknown>:83: SyntaxWarning: invalid escape sequence '\.'
<unknown>:60: SyntaxWarning: invalid escape sequence '\d'
<unknown>:9: SyntaxWarning: invalid escape sequence '\d'
<unknown>:78: SyntaxWarning: invalid escape sequence '\s'
<unknown>:51: SyntaxWarning: invalid escape sequence '\d'
<unknown>:66: SyntaxWarning: invalid escape sequence '\ '
<unknown>:38: SyntaxWarning: invalid escape sequence '\.'
  7400    0.2777    0.7223   3.37e-05  (15.8 step/s)
<unknown>:79: SyntaxWarning: invalid escape sequence '\d'
<unknown>:137: SyntaxWarning: invalid escape sequence '\d'
<unknown>:145: SyntaxWarning: invalid escape sequence '\d'
<unknown>:28: SyntaxWarning: invalid escape sequence '\.'
<unknown>:49: SyntaxWarning: invalid escape sequence '\['
<unknown>:45: SyntaxWarning: invalid escape sequence '\.'
<unknown>:24: SyntaxWarning: invalid escape sequence '\('
<unknown>:27: SyntaxWarning: invalid escape sequence '\('
<unknown>:86: SyntaxWarning: invalid escape sequence '\.'
<unknown>:28: SyntaxWarning: invalid escape sequence '\p'
<unknown>:4: SyntaxWarning: invalid escape sequence '\-'
  7500    0.2857    0.7143   3.26e-05  (15.9 step/s)
        VAL  cos_dist=0.3056  cos=0.6944  (50 files)
<unknown>:66: SyntaxWarning: invalid escape sequence '\.'
<unknown>:167: SyntaxWarning: invalid escape sequence '\('
  7600    0.2916    0.7084   3.17e-05  (15.8 step/s)
<unknown>:794: SyntaxWarning: invalid escape sequence '\['
<unknown>:794: SyntaxWarning: invalid escape sequence '\]'
<unknown>:482: SyntaxWarning: invalid escape sequence '\o'
<unknown>:655: SyntaxWarning: invalid escape sequence '\B'
<unknown>:101: SyntaxWarning: invalid escape sequence '\p'
<unknown>:132: SyntaxWarning: invalid escape sequence '\p'
<unknown>:69: SyntaxWarning: invalid escape sequence '\s'
<unknown>:85: SyntaxWarning: invalid escape sequence '\s'
<unknown>:1409: SyntaxWarning: invalid escape sequence '\m'
  7700    0.2873    0.7127   3.09e-05  (15.8 step/s)
<unknown>:30: SyntaxWarning: invalid escape sequence '\S'
<unknown>:36: SyntaxWarning: invalid escape sequence '\S'
<unknown>:63: SyntaxWarning: invalid escape sequence '\d'
<unknown>:318: SyntaxWarning: invalid escape sequence '\.'
<unknown>:215: SyntaxWarning: invalid escape sequence '\s'
<unknown>:216: SyntaxWarning: invalid escape sequence '\g'
<unknown>:161: SyntaxWarning: invalid escape sequence '\s'
<unknown>:187: SyntaxWarning: invalid escape sequence '\s'
<unknown>:189: SyntaxWarning: invalid escape sequence '\s'
<unknown>:205: SyntaxWarning: invalid escape sequence '\s'
<unknown>:217: SyntaxWarning: invalid escape sequence '\s'
<unknown>:218: SyntaxWarning: invalid escape sequence '\s'
<unknown>:232: SyntaxWarning: invalid escape sequence '\s'
<unknown>:241: SyntaxWarning: invalid escape sequence '\s'
<unknown>:253: SyntaxWarning: invalid escape sequence '\.'
<unknown>:305: SyntaxWarning: invalid escape sequence '\.'
<unknown>:100: SyntaxWarning: invalid escape sequence '\w'
  7800    0.2785    0.7215   3.04e-05  (15.9 step/s)
<unknown>:163: SyntaxWarning: invalid escape sequence '\.'
<unknown>:282: SyntaxWarning: invalid escape sequence '\s'
<unknown>:399: SyntaxWarning: invalid escape sequence '\s'
<unknown>:402: SyntaxWarning: invalid escape sequence '\s'
<unknown>:8: SyntaxWarning: invalid escape sequence '\s'
<unknown>:53: SyntaxWarning: invalid escape sequence '\('
  7900    0.2858    0.7142   3.01e-05  (15.9 step/s)
<unknown>:70: SyntaxWarning: invalid escape sequence '\:'
<unknown>:69: SyntaxWarning: invalid escape sequence '\s'
<unknown>:73: SyntaxWarning: invalid escape sequence '\s'
<unknown>:116: SyntaxWarning: invalid escape sequence '\d'
<unknown>:168: SyntaxWarning: invalid escape sequence '\d'
<unknown>:261: SyntaxWarning: invalid escape sequence '\d'
  8000    0.2840    0.7160   3.00e-05  (16.0 step/s)
        VAL  cos_dist=0.3049  cos=0.6951  (50 files)

Oracle checkpoint saved to /home/knielsen/ml/parallel-ss-dep/checkpoints/oracle_predictive_head_217M.pt

--- Validation gate: surprise distribution + top/bottom-10 ---
surprise distribution (n=1217, min=0.0360, max=0.9105, mean=0.3037, std=0.1681):
    0.0360 –   0.0797 |     37 █████████
    0.0797 –   0.1234 |    101 ████████████████████████
    0.1234 –   0.1671 |    127 ███████████████████████████████
    0.1671 –   0.2109 |    143 ███████████████████████████████████
    0.2109 –   0.2546 |    163 ████████████████████████████████████████
    0.2546 –   0.2983 |    129 ███████████████████████████████
    0.2983 –   0.3420 |    108 ██████████████████████████
    0.3420 –   0.3858 |     86 █████████████████████
    0.3858 –   0.4295 |     70 █████████████████
    0.4295 –   0.4732 |     56 █████████████
    0.4732 –   0.5169 |     48 ███████████
    0.5169 –   0.5607 |     37 █████████
    0.5607 –   0.6044 |     28 ██████
    0.6044 –   0.6481 |     21 █████
    0.6481 –   0.6918 |     23 █████
    0.6918 –   0.7356 |     14 ███
    0.7356 –   0.7793 |     12 ██
    0.7793 –   0.8230 |     10 ██
    0.8230 –   0.8667 |      0 
    0.8667 –   0.9105 |      4 

Top-10 most-surprising statements:
  surp=0.9105  kind=Assign          file= 36  'self.turned_off_filtering = True'
  surp=0.9030  kind=Expr            file= 45  "'''\\n        To be implemented by subclcass\\n        :return:\\n        '''"
  surp=0.8699  kind=Try             file= 30  'try:'
  surp=0.8673  kind=If              file=  2  "if __name__ == '__main__':"
  surp=0.8147  kind=Assign          file= 10  'expected = [\\n        "ProgramContext \'<EOF>\'",\\n        "+-SourceElementsContext",\\n        "+-+-SourceElementContext",\\n        "+-+-+-Sta'
  surp=0.8071  kind=Try             file= 32  'try:'
  surp=0.8015  kind=ClassDef        file= 40  'class Config:'
  surp=0.7952  kind=Expr            file=  7  '"""Convert the quota object to a result dict"""'
  surp=0.7947  kind=Return          file= 45  'return []'
  surp=0.7944  kind=Assign          file= 13  'BLUE = "\\033[34m"'

Bottom-10 least-surprising statements:
  surp=0.0360  kind=ImportFrom      file= 28  'from tensorflow.python.framework import tensor_shape'
  surp=0.0369  kind=ImportFrom      file= 28  'from tensorflow.python.keras._impl.keras.utils import generic_utils'
  surp=0.0388  kind=ImportFrom      file=  7  'from nova.api.openstack import extensions'
  surp=0.0421  kind=ImportFrom      file= 28  'from tensorflow.python.keras._impl.keras.utils.layer_utils import print_summary as print_layer_summary'
  surp=0.0435  kind=ImportFrom      file= 28  'from tensorflow.python.keras._impl.keras.engine import saving'
  surp=0.0446  kind=Assign          file=  0  'self.lineWidth = self.width - 30'
  surp=0.0453  kind=ImportFrom      file= 28  'from tensorflow.python.util import tf_inspect'
  surp=0.0484  kind=ImportFrom      file= 42  'from apps.landmatrix.tests.mixins import ElasticSearchFixtureMixin'
  surp=0.0492  kind=ImportFrom      file= 42  'from apps.grid.forms.deal_spatial_form import DealSpatialForm'
  surp=0.0493  kind=ImportFrom      file= 41  'from grr_response_core.lib.rdfvalues import paths as rdf_paths'

Inspection written to /home/knielsen/ml/parallel-ss-dep/surprise_inspection.txt

Total time: 503s
