GPU: NVIDIA GeForce RTX 5090  arch=deltanet
Loading tokeniser HuggingFaceTB/SmolLM2-135M ...
  vocab size: 49152
Loading dataset codeparrot/codeparrot-clean (streaming) ...
  no val/test split — using shuffled train tail as validation
  params: 708.9M  aux_dim=0  feedback=film@d=1
Loading frozen encoder for L_sem: /home/knielsen/ml/parallel-ss-dep/checkpoints/dn_36L_708M_muon.pt
  encoder: 705.8M params (uniform L_sem; oracle skipped)
  semantic_loss_beta = 1.0 (uniform-weight)
  optimizer split: 291 Muon params (607.7M), 220 AdamW params (101.2M)

  step     tok/s     tloss        ce      lsem   nstmt         lr
[transformers] Token indices sequence length is longer than the specified maximum sequence length for this model (93413 > 8192). Running this sequence through the model will result in indexing errors
<unknown>:119: SyntaxWarning: invalid escape sequence '\.'
<unknown>:281: SyntaxWarning: invalid escape sequence '\d'
<unknown>:292: SyntaxWarning: invalid escape sequence '\d'
<unknown>:91: SyntaxWarning: invalid escape sequence '\/'
<unknown>:112: SyntaxWarning: invalid escape sequence '\d'
[transformers] Token indices sequence length is longer than the specified maximum sequence length for this model (45285 > 8192). Running this sequence through the model will result in indexing errors
<unknown>:724: SyntaxWarning: invalid escape sequence '\s'
<unknown>:489: SyntaxWarning: invalid escape sequence '\*'
<unknown>:377: SyntaxWarning: invalid escape sequence '\/'
<unknown>:562: SyntaxWarning: invalid escape sequence '\S'
<unknown>:1547: SyntaxWarning: invalid escape sequence '\.'
<unknown>:1798: SyntaxWarning: invalid escape sequence '\.'
<unknown>:1803: SyntaxWarning: invalid escape sequence '\.'
<unknown>:1810: SyntaxWarning: invalid escape sequence '\.'
<unknown>:85: SyntaxWarning: invalid escape sequence '\.'
<unknown>:29: SyntaxWarning: invalid escape sequence '\w'
<unknown>:242: SyntaxWarning: invalid escape sequence '\s'
<unknown>:29: SyntaxWarning: invalid escape sequence '\d'
<unknown>:1111: SyntaxWarning: invalid escape sequence '\s'
<unknown>:1558: SyntaxWarning: invalid escape sequence '\>'
<unknown>:164: SyntaxWarning: invalid escape sequence '\w'
<unknown>:166: SyntaxWarning: invalid escape sequence '\w'
<unknown>:172: SyntaxWarning: invalid escape sequence '\s'
<unknown>:174: SyntaxWarning: invalid escape sequence '\s'
<unknown>:180: SyntaxWarning: invalid escape sequence '\s'
<unknown>:182: SyntaxWarning: invalid escape sequence '\s'
<unknown>:188: SyntaxWarning: invalid escape sequence '\s'
<unknown>:190: SyntaxWarning: invalid escape sequence '\s'
<unknown>:196: SyntaxWarning: invalid escape sequence '\s'
<unknown>:201: SyntaxWarning: invalid escape sequence '\s'
<unknown>:24: SyntaxWarning: invalid escape sequence '\.'
<unknown>:33: SyntaxWarning: invalid escape sequence '\s'
<unknown>:48: SyntaxWarning: invalid escape sequence '\d'
<unknown>:121: SyntaxWarning: invalid escape sequence '\w'
<unknown>:148: SyntaxWarning: invalid escape sequence '\d'
<unknown>:152: SyntaxWarning: invalid escape sequence '\d'
<unknown>:154: SyntaxWarning: invalid escape sequence '\d'
<unknown>:156: SyntaxWarning: invalid escape sequence '\w'
<unknown>:160: SyntaxWarning: invalid escape sequence '\w'
<unknown>:161: SyntaxWarning: invalid escape sequence '\w'
<unknown>:163: SyntaxWarning: invalid escape sequence '\d'
<unknown>:166: SyntaxWarning: invalid escape sequence '\d'
<unknown>:168: SyntaxWarning: invalid escape sequence '\d'
<unknown>:212: SyntaxWarning: invalid escape sequence '\d'
<unknown>:183: SyntaxWarning: invalid escape sequence '\s'
<unknown>:43: SyntaxWarning: invalid escape sequence '\d'
<unknown>:40: SyntaxWarning: invalid escape sequence '\s'
   500      4153    6.4268    6.4268    0.5150    63.2   9.98e-04  α=[2<-34:-0.012]
<unknown>:245: SyntaxWarning: invalid escape sequence '\('
<unknown>:448: SyntaxWarning: invalid escape sequence '\w'
<unknown>:538: SyntaxWarning: invalid escape sequence '\s'
<unknown>:539: SyntaxWarning: invalid escape sequence '\s'
<unknown>:540: SyntaxWarning: invalid escape sequence '\s'
<unknown>:541: SyntaxWarning: invalid escape sequence '\s'
<unknown>:542: SyntaxWarning: invalid escape sequence '\*'
<unknown>:544: SyntaxWarning: invalid escape sequence '\s'
<unknown>:545: SyntaxWarning: invalid escape sequence '\s'
<unknown>:546: SyntaxWarning: invalid escape sequence '\s'
<unknown>:547: SyntaxWarning: invalid escape sequence '\s'
<unknown>:548: SyntaxWarning: invalid escape sequence '\s'
<unknown>:549: SyntaxWarning: invalid escape sequence '\s'
<unknown>:636: SyntaxWarning: invalid escape sequence '\s'
<unknown>:637: SyntaxWarning: invalid escape sequence '\s'
<unknown>:638: SyntaxWarning: invalid escape sequence '\s'
<unknown>:639: SyntaxWarning: invalid escape sequence '\s'
<unknown>:640: SyntaxWarning: invalid escape sequence '\*'
<unknown>:642: SyntaxWarning: invalid escape sequence '\s'
<unknown>:643: SyntaxWarning: invalid escape sequence '\s'
<unknown>:644: SyntaxWarning: invalid escape sequence '\s'
<unknown>:645: SyntaxWarning: invalid escape sequence '\s'
<unknown>:646: SyntaxWarning: invalid escape sequence '\s'
<unknown>:647: SyntaxWarning: invalid escape sequence '\s'
<unknown>:1026: SyntaxWarning: invalid escape sequence '\['
<unknown>:1036: SyntaxWarning: invalid escape sequence '\['
<unknown>:1046: SyntaxWarning: invalid escape sequence '\['
<unknown>:29: SyntaxWarning: invalid escape sequence '\w'
<unknown>:20: SyntaxWarning: invalid escape sequence '\.'
<unknown>:400: SyntaxWarning: invalid escape sequence '\h'
<unknown>:422: SyntaxWarning: invalid escape sequence '\h'
<unknown>:224: SyntaxWarning: invalid escape sequence '\d'
<unknown>:272: SyntaxWarning: invalid escape sequence '\d'
<unknown>:284: SyntaxWarning: invalid escape sequence '\d'
<unknown>:318: SyntaxWarning: invalid escape sequence '\d'
<unknown>:331: SyntaxWarning: invalid escape sequence '\d'
<unknown>:1: SyntaxWarning: invalid escape sequence '\*'
<unknown>:123: SyntaxWarning: invalid escape sequence '\p'
<unknown>:129: SyntaxWarning: invalid escape sequence '\p'
<unknown>:147: SyntaxWarning: invalid escape sequence '\p'
<unknown>:153: SyntaxWarning: invalid escape sequence '\p'
<unknown>:231: SyntaxWarning: invalid escape sequence '\p'
<unknown>:237: SyntaxWarning: invalid escape sequence '\p'
<unknown>:500: SyntaxWarning: invalid escape sequence '\,'
<unknown>:1185: SyntaxWarning: invalid escape sequence '\,'
<unknown>:1193: SyntaxWarning: invalid escape sequence '\,'
<unknown>:1277: SyntaxWarning: invalid escape sequence '\p'
<unknown>:1285: SyntaxWarning: invalid escape sequence '\p'
<unknown>:1294: SyntaxWarning: invalid escape sequence '\p'
<unknown>:1302: SyntaxWarning: invalid escape sequence '\p'
<unknown>:1477: SyntaxWarning: invalid escape sequence '\p'
<unknown>:1564: SyntaxWarning: invalid escape sequence '\m'
<unknown>:42: SyntaxWarning: invalid escape sequence '\d'
<unknown>:16: SyntaxWarning: invalid escape sequence '\d'
<unknown>:55: SyntaxWarning: invalid escape sequence '\d'
<unknown>:43: SyntaxWarning: invalid escape sequence '\('
<unknown>:44: SyntaxWarning: invalid escape sequence '\('
<unknown>:46: SyntaxWarning: invalid escape sequence '\)'
  1000      4063    5.0389    5.0389    0.4062    67.2   9.90e-04  α=[2<-34:-0.027]
<unknown>:56: SyntaxWarning: invalid escape sequence '\.'
<unknown>:25: SyntaxWarning: invalid escape sequence '\d'
<unknown>:398: SyntaxWarning: invalid escape sequence '\s'
<unknown>:698: SyntaxWarning: invalid escape sequence '\d'
<unknown>:1291: SyntaxWarning: invalid escape sequence '\d'
<unknown>:87: SyntaxWarning: invalid escape sequence '\l'
<unknown>:50: SyntaxWarning: invalid escape sequence '\d'
<unknown>:68: SyntaxWarning: invalid escape sequence '\/'
<unknown>:121: SyntaxWarning: invalid escape sequence '\/'
<unknown>:143: SyntaxWarning: invalid escape sequence '\S'
<unknown>:226: SyntaxWarning: invalid escape sequence '\S'
<unknown>:231: SyntaxWarning: invalid escape sequence '\S'
<unknown>:237: SyntaxWarning: invalid escape sequence '\S'
<unknown>:246: SyntaxWarning: invalid escape sequence '\S'
<unknown>:255: SyntaxWarning: invalid escape sequence '\S'
<unknown>:53: SyntaxWarning: invalid escape sequence '\-'
<unknown>:56: SyntaxWarning: invalid escape sequence '\s'
<unknown>:274: SyntaxWarning: invalid escape sequence '\*'
<unknown>:17: SyntaxWarning: invalid escape sequence '\.'
<unknown>:102: SyntaxWarning: invalid escape sequence '\s'
<unknown>:157: SyntaxWarning: invalid escape sequence '\s'
<unknown>:268: SyntaxWarning: invalid escape sequence '\s'
<unknown>:288: SyntaxWarning: invalid escape sequence '\s'
<unknown>:319: SyntaxWarning: invalid escape sequence '\s'
<unknown>:321: SyntaxWarning: invalid escape sequence '\d'
<unknown>:123: SyntaxWarning: invalid escape sequence '\w'
<unknown>:124: SyntaxWarning: invalid escape sequence '\w'
<unknown>:130: SyntaxWarning: invalid escape sequence '\w'
<unknown>:131: SyntaxWarning: invalid escape sequence '\w'
<unknown>:122: SyntaxWarning: invalid escape sequence '\s'
<unknown>:218: SyntaxWarning: invalid escape sequence '\-'
<unknown>:237: SyntaxWarning: invalid escape sequence '\-'
<unknown>:485: SyntaxWarning: invalid escape sequence '\w'
<unknown>:24: SyntaxWarning: invalid escape sequence '\d'
<unknown>:165: SyntaxWarning: invalid escape sequence '\S'
<unknown>:166: SyntaxWarning: invalid escape sequence '\['
<unknown>:207: SyntaxWarning: invalid escape sequence '\['
<unknown>:456: SyntaxWarning: invalid escape sequence '\S'
<unknown>:184: SyntaxWarning: invalid escape sequence '\.'
<unknown>:28: SyntaxWarning: invalid escape sequence '\w'
<unknown>:29: SyntaxWarning: invalid escape sequence '\.'
<unknown>:271: SyntaxWarning: invalid escape sequence '\('
<unknown>:292: SyntaxWarning: invalid escape sequence '\('
<unknown>:293: SyntaxWarning: invalid escape sequence '\('
<unknown>:294: SyntaxWarning: invalid escape sequence '\w'
<unknown>:295: SyntaxWarning: invalid escape sequence '\S'
<unknown>:296: SyntaxWarning: invalid escape sequence '\w'
<unknown>:410: SyntaxWarning: invalid escape sequence '\('
<unknown>:411: SyntaxWarning: invalid escape sequence '\s'
<unknown>:412: SyntaxWarning: invalid escape sequence '\s'
<unknown>:413: SyntaxWarning: invalid escape sequence '\s'
<unknown>:414: SyntaxWarning: invalid escape sequence '\s'
<unknown>:463: SyntaxWarning: invalid escape sequence '\S'
<unknown>:464: SyntaxWarning: invalid escape sequence '\('
<unknown>:480: SyntaxWarning: invalid escape sequence '\('
  1500      4142    4.6543    4.6543    0.3228    63.6   9.78e-04  α=[2<-34:-0.034]
<unknown>:325: SyntaxWarning: invalid escape sequence '\w'
<unknown>:476: SyntaxWarning: invalid escape sequence '\.'
<unknown>:84: SyntaxWarning: invalid escape sequence '\:'
<unknown>:114: SyntaxWarning: invalid escape sequence '\s'
<unknown>:119: SyntaxWarning: invalid escape sequence '\w'
<unknown>:64: SyntaxWarning: invalid escape sequence '\s'
<unknown>:261: SyntaxWarning: invalid escape sequence '\d'
<unknown>:73: SyntaxWarning: invalid escape sequence '\s'
<unknown>:114: SyntaxWarning: invalid escape sequence '\/'
<unknown>:115: SyntaxWarning: invalid escape sequence '\/'
<unknown>:116: SyntaxWarning: invalid escape sequence '\e'
<unknown>:466: SyntaxWarning: invalid escape sequence '\*'
<unknown>:476: SyntaxWarning: invalid escape sequence '\*'
<unknown>:486: SyntaxWarning: invalid escape sequence '\*'
<unknown>:496: SyntaxWarning: invalid escape sequence '\*'
<unknown>:507: SyntaxWarning: invalid escape sequence '\*'
<unknown>:517: SyntaxWarning: invalid escape sequence '\*'
<unknown>:527: SyntaxWarning: invalid escape sequence '\*'
<unknown>:388: SyntaxWarning: invalid escape sequence '\ '
<unknown>:17: SyntaxWarning: invalid escape sequence '\-'
<unknown>:116: SyntaxWarning: invalid escape sequence '\+'
<unknown>:117: SyntaxWarning: invalid escape sequence '\-'
<unknown>:77: SyntaxWarning: invalid escape sequence '\]'
  2000      4143    4.5365    4.5365    0.2813    69.9   9.61e-04  α=[2<-34:-0.042]
<unknown>:60: SyntaxWarning: invalid escape sequence '\.'
<unknown>:61: SyntaxWarning: invalid escape sequence '\('
<unknown>:1775: SyntaxWarning: invalid escape sequence '\['
<unknown>:400: SyntaxWarning: invalid escape sequence '\h'
<unknown>:422: SyntaxWarning: invalid escape sequence '\h'
<unknown>:83: SyntaxWarning: invalid escape sequence '\.'
<unknown>:131: SyntaxWarning: invalid escape sequence '\@'
<unknown>:140: SyntaxWarning: invalid escape sequence '\.'
<unknown>:28: SyntaxWarning: invalid escape sequence '\*'
<unknown>:118: SyntaxWarning: invalid escape sequence '\_'
<unknown>:643: SyntaxWarning: invalid escape sequence '\_'
<unknown>:2599: SyntaxWarning: invalid escape sequence '\*'
<unknown>:16: SyntaxWarning: invalid escape sequence '\d'
<unknown>:19: SyntaxWarning: invalid escape sequence '\s'
<unknown>:25: SyntaxWarning: invalid escape sequence '\d'
<unknown>:28: SyntaxWarning: invalid escape sequence '\|'
<unknown>:109: SyntaxWarning: invalid escape sequence '\/'
<unknown>:197: SyntaxWarning: invalid escape sequence '\w'
<unknown>:240: SyntaxWarning: invalid escape sequence '\d'
<unknown>:241: SyntaxWarning: invalid escape sequence '\d'
<unknown>:55: SyntaxWarning: invalid escape sequence '\s'
<unknown>:58: SyntaxWarning: invalid escape sequence '\s'
<unknown>:48: SyntaxWarning: invalid escape sequence '\d'
<unknown>:48: SyntaxWarning: invalid escape sequence '\g'
<unknown>:24: SyntaxWarning: invalid escape sequence '\.'
<unknown>:34: SyntaxWarning: invalid escape sequence '\.'
<unknown>:44: SyntaxWarning: invalid escape sequence '\.'
<unknown>:54: SyntaxWarning: invalid escape sequence '\.'
<unknown>:272: SyntaxWarning: invalid escape sequence '\:'
<unknown>:344: SyntaxWarning: invalid escape sequence '\:'
<unknown>:189: SyntaxWarning: invalid escape sequence '\d'
  2500      4133    4.3618    4.3618    0.2535    66.3   9.40e-04  α=[2<-34:-0.052]
[transformers] Token indices sequence length is longer than the specified maximum sequence length for this model (23199 > 8192). Running this sequence through the model will result in indexing errors
<unknown>:1120: SyntaxWarning: invalid escape sequence '\h'
<unknown>:56: SyntaxWarning: invalid escape sequence '\P'
        VAL  loss=4.7371  ppl=114.10
<unknown>:19: SyntaxWarning: invalid escape sequence '\('
<unknown>:25: SyntaxWarning: invalid escape sequence '\('
<unknown>:45: SyntaxWarning: invalid escape sequence '\('
<unknown>:334: SyntaxWarning: invalid escape sequence '\d'
<unknown>:336: SyntaxWarning: invalid escape sequence '\d'
<unknown>:337: SyntaxWarning: invalid escape sequence '\s'
<unknown>:338: SyntaxWarning: invalid escape sequence '\d'
<unknown>:339: SyntaxWarning: invalid escape sequence '\d'
<unknown>:340: SyntaxWarning: invalid escape sequence '\.'
<unknown>:516: SyntaxWarning: invalid escape sequence '\*'
<unknown>:1262: SyntaxWarning: invalid escape sequence '\*'
<unknown>:1509: SyntaxWarning: invalid escape sequence '\d'
<unknown>:1717: SyntaxWarning: invalid escape sequence '\s'
<unknown>:1721: SyntaxWarning: invalid escape sequence '\s'
<unknown>:66: SyntaxWarning: invalid escape sequence '\.'
<unknown>:67: SyntaxWarning: invalid escape sequence '\('
<unknown>:68: SyntaxWarning: invalid escape sequence '\['
<unknown>:69: SyntaxWarning: invalid escape sequence '\{'
<unknown>:70: SyntaxWarning: invalid escape sequence '\s'
<unknown>:179: SyntaxWarning: invalid escape sequence '\d'
<unknown>:187: SyntaxWarning: invalid escape sequence '\d'
<unknown>:67: SyntaxWarning: invalid escape sequence '\s'
<unknown>:146: SyntaxWarning: invalid escape sequence '\('
<unknown>:53: SyntaxWarning: invalid escape sequence '\O'
<unknown>:53: SyntaxWarning: invalid escape sequence '\O'
<unknown>:140: SyntaxWarning: invalid escape sequence '\d'
<unknown>:28: SyntaxWarning: invalid escape sequence '\.'
<unknown>:47: SyntaxWarning: invalid escape sequence '\.'
  3000      4052    3.7648    3.7648    0.2224    64.2   9.14e-04  α=[2<-34:-0.060]
<unknown>:46: SyntaxWarning: invalid escape sequence '\*'
<unknown>:16: SyntaxWarning: invalid escape sequence '\W'
<unknown>:25: SyntaxWarning: invalid escape sequence '\S'
<unknown>:517: SyntaxWarning: invalid escape sequence '\-'
<unknown>:1672: SyntaxWarning: invalid escape sequence '\s'
<unknown>:895: SyntaxWarning: invalid escape sequence '\*'
<unknown>:1126: SyntaxWarning: invalid escape sequence '\*'
<unknown>:1391: SyntaxWarning: invalid escape sequence '\ '
<unknown>:396: SyntaxWarning: invalid escape sequence '\.'
<unknown>:36: SyntaxWarning: invalid escape sequence '\d'
<unknown>:141: SyntaxWarning: invalid escape sequence '\|'
<unknown>:42: SyntaxWarning: invalid escape sequence '\['
<unknown>:54: SyntaxWarning: invalid escape sequence '\D'
<unknown>:122: SyntaxWarning: invalid escape sequence '\D'
<unknown>:178: SyntaxWarning: invalid escape sequence '\D'
<unknown>:203: SyntaxWarning: invalid escape sequence '\D'
<unknown>:24: SyntaxWarning: invalid escape sequence '\.'
<unknown>:33: SyntaxWarning: invalid escape sequence '\d'
<unknown>:425: SyntaxWarning: invalid escape sequence '\w'
<unknown>:20: SyntaxWarning: invalid escape sequence '\d'
<unknown>:33: SyntaxWarning: invalid escape sequence '\.'
<unknown>:45: SyntaxWarning: invalid escape sequence '\.'
<unknown>:55: SyntaxWarning: invalid escape sequence '\.'
<unknown>:64: SyntaxWarning: invalid escape sequence '\.'
<unknown>:75: SyntaxWarning: invalid escape sequence '\.'
<unknown>:47: SyntaxWarning: invalid escape sequence '\<'
<unknown>:190: SyntaxWarning: invalid escape sequence '\s'
<unknown>:278: SyntaxWarning: invalid escape sequence '\s'
<unknown>:302: SyntaxWarning: invalid escape sequence '\s'
<unknown>:24: SyntaxWarning: invalid escape sequence '\.'
  3500      4139    4.1465    4.1465    0.2075    64.4   8.84e-04  α=[2<-34:-0.064]
<unknown>:39: SyntaxWarning: invalid escape sequence '\.'
<unknown>:46: SyntaxWarning: invalid escape sequence '\s'
<unknown>:201: SyntaxWarning: invalid escape sequence '\d'
<unknown>:272: SyntaxWarning: invalid escape sequence '\k'
<unknown>:70: SyntaxWarning: invalid escape sequence '\('
<unknown>:88: SyntaxWarning: invalid escape sequence '\('
<unknown>:177: SyntaxWarning: invalid escape sequence '\d'
<unknown>:581: SyntaxWarning: invalid escape sequence '\$'
<unknown>:22: SyntaxWarning: invalid escape sequence '\.'
<unknown>:3719: SyntaxWarning: invalid escape sequence '\.'
<unknown>:3: SyntaxWarning: invalid escape sequence '\.'
<unknown>:213: SyntaxWarning: invalid escape sequence '\s'
<unknown>:289: SyntaxWarning: invalid escape sequence '\('
<unknown>:362: SyntaxWarning: invalid escape sequence '\s'
<unknown>:380: SyntaxWarning: invalid escape sequence '\w'
  4000      4143    3.9938    3.9938    0.1991    69.6   8.51e-04  α=[2<-34:-0.075]
<unknown>:72: SyntaxWarning: invalid escape sequence '\['
<unknown>:110: SyntaxWarning: invalid escape sequence '\d'
<unknown>:169: SyntaxWarning: invalid escape sequence '\d'
<unknown>:172: SyntaxWarning: invalid escape sequence '\d'
<unknown>:1203: SyntaxWarning: invalid escape sequence '\ '
<unknown>:3: SyntaxWarning: invalid escape sequence '\ '
<unknown>:59: SyntaxWarning: invalid escape sequence '\d'
<unknown>:60: SyntaxWarning: invalid escape sequence '\d'
<unknown>:61: SyntaxWarning: invalid escape sequence '\d'
<unknown>:62: SyntaxWarning: invalid escape sequence '\;'
<unknown>:81: SyntaxWarning: invalid escape sequence '\d'
<unknown>:223: SyntaxWarning: invalid escape sequence '\+'
<unknown>:224: SyntaxWarning: invalid escape sequence '\+'
<unknown>:226: SyntaxWarning: invalid escape sequence '\+'
<unknown>:146: SyntaxWarning: invalid escape sequence '\d'
<unknown>:155: SyntaxWarning: invalid escape sequence '\d'
<unknown>:132: SyntaxWarning: invalid escape sequence '\d'
  4500      4145    3.8035    3.8035    0.1526    56.5   8.15e-04  α=[2<-34:-0.081]
<unknown>:64: SyntaxWarning: invalid escape sequence '\ '
<unknown>:26: SyntaxWarning: invalid escape sequence '\w'
<unknown>:166: SyntaxWarning: invalid escape sequence '\.'
<unknown>:591: SyntaxWarning: invalid escape sequence '\s'
<unknown>:221: SyntaxWarning: invalid escape sequence '\s'
<unknown>:543: SyntaxWarning: invalid escape sequence '\w'
<unknown>:69: SyntaxWarning: invalid escape sequence '\g'
<unknown>:101: SyntaxWarning: invalid escape sequence '\-'
<unknown>:282: SyntaxWarning: invalid escape sequence '\s'
<unknown>:2116: SyntaxWarning: invalid escape sequence '\u'
<unknown>:46: SyntaxWarning: invalid escape sequence '\|'
<unknown>:187: SyntaxWarning: invalid escape sequence '\o'
<unknown>:204: SyntaxWarning: invalid escape sequence '\.'
<unknown>:75: SyntaxWarning: invalid escape sequence '\('
<unknown>:77: SyntaxWarning: invalid escape sequence '\s'
<unknown>:53: SyntaxWarning: invalid escape sequence '\d'
<unknown>:62: SyntaxWarning: invalid escape sequence '\.'
  5000      4132    3.7783    3.7783    0.1817    77.8   7.75e-04  α=[2<-34:-0.093]
[transformers] Token indices sequence length is longer than the specified maximum sequence length for this model (23199 > 8192). Running this sequence through the model will result in indexing errors
<unknown>:1120: SyntaxWarning: invalid escape sequence '\h'
<unknown>:56: SyntaxWarning: invalid escape sequence '\P'
        VAL  loss=4.2507  ppl=70.16
<unknown>:73: SyntaxWarning: invalid escape sequence '\_'
<unknown>:26: SyntaxWarning: invalid escape sequence '\.'
<unknown>:429: SyntaxWarning: invalid escape sequence '\h'
<unknown>:451: SyntaxWarning: invalid escape sequence '\h'
<unknown>:64: SyntaxWarning: invalid escape sequence '\['
<unknown>:52: SyntaxWarning: invalid escape sequence '\('
<unknown>:86: SyntaxWarning: invalid escape sequence '\w'
<unknown>:272: SyntaxWarning: invalid escape sequence '\g'
<unknown>:124: SyntaxWarning: invalid escape sequence '\?'
<unknown>:17: SyntaxWarning: invalid escape sequence '\/'
<unknown>:1191: SyntaxWarning: invalid escape sequence '\s'
<unknown>:26: SyntaxWarning: invalid escape sequence '\.'
<unknown>:38: SyntaxWarning: invalid escape sequence '\.'
<unknown>:64: SyntaxWarning: invalid escape sequence '\d'
<unknown>:65: SyntaxWarning: invalid escape sequence '\s'
<unknown>:66: SyntaxWarning: invalid escape sequence '\s'
<unknown>:20: SyntaxWarning: invalid escape sequence '\?'
<unknown>:105: SyntaxWarning: invalid escape sequence '\*'
<unknown>:454: SyntaxWarning: invalid escape sequence '\*'
<unknown>:842: SyntaxWarning: invalid escape sequence '\*'
<unknown>:276: SyntaxWarning: invalid escape sequence '\ '
<unknown>:277: SyntaxWarning: invalid escape sequence '\ '
<unknown>:280: SyntaxWarning: invalid escape sequence '\ '
<unknown>:281: SyntaxWarning: invalid escape sequence '\ '
<unknown>:282: SyntaxWarning: invalid escape sequence '\ '
<unknown>:284: SyntaxWarning: invalid escape sequence '\_'
<unknown>:16: SyntaxWarning: invalid escape sequence '\s'
<unknown>:54: SyntaxWarning: invalid escape sequence '\#'
<unknown>:97: SyntaxWarning: invalid escape sequence '\/'
<unknown>:25: SyntaxWarning: invalid escape sequence '\*'
<unknown>:81: SyntaxWarning: invalid escape sequence '\('
  5500      3825    3.5325    3.5325    0.1529    71.8   7.33e-04  α=[2<-34:-0.100]
<unknown>:482: SyntaxWarning: invalid escape sequence '\$'
<unknown>:140: SyntaxWarning: invalid escape sequence '\d'
<unknown>:279: SyntaxWarning: invalid escape sequence '\d'
<unknown>:60: SyntaxWarning: invalid escape sequence '\d'
<unknown>:81: SyntaxWarning: invalid escape sequence '\d'
<unknown>:188: SyntaxWarning: invalid escape sequence '\w'
<unknown>:191: SyntaxWarning: invalid escape sequence '\w'
<unknown>:1017: SyntaxWarning: invalid escape sequence '\w'
<unknown>:107: SyntaxWarning: invalid escape sequence '\W'
<unknown>:108: SyntaxWarning: invalid escape sequence '\s'
<unknown>:207: SyntaxWarning: invalid escape sequence '\M'
<unknown>:57: SyntaxWarning: invalid escape sequence '\W'
<unknown>:106: SyntaxWarning: invalid escape sequence '\s'
<unknown>:39: SyntaxWarning: invalid escape sequence '\*'
<unknown>:66: SyntaxWarning: invalid escape sequence '\s'
<unknown>:72: SyntaxWarning: invalid escape sequence '\s'
<unknown>:96: SyntaxWarning: invalid escape sequence '\s'
<unknown>:137: SyntaxWarning: invalid escape sequence '\s'
<unknown>:219: SyntaxWarning: invalid escape sequence '\s'
<unknown>:258: SyntaxWarning: invalid escape sequence '\s'
<unknown>:267: SyntaxWarning: invalid escape sequence '\s'
<unknown>:1780: SyntaxWarning: invalid escape sequence '\_'
<unknown>:2160: SyntaxWarning: invalid escape sequence '\d'
<unknown>:13: SyntaxWarning: invalid escape sequence '\.'
<unknown>:29: SyntaxWarning: invalid escape sequence '\ '
<unknown>:38: SyntaxWarning: invalid escape sequence '\.'
<unknown>:212: SyntaxWarning: invalid escape sequence '\w'
<unknown>:431: SyntaxWarning: invalid escape sequence '\.'
<unknown>:1: SyntaxWarning: invalid escape sequence '\:'
<unknown>:126: SyntaxWarning: invalid escape sequence '\s'
<unknown>:127: SyntaxWarning: invalid escape sequence '\s'
<unknown>:500: SyntaxWarning: invalid escape sequence '\s'
  6000      3999    3.5052    3.5052    0.1544    74.9   6.89e-04  α=[2<-34:-0.108]
<unknown>:30: SyntaxWarning: invalid escape sequence '\.'
<unknown>:40: SyntaxWarning: invalid escape sequence '\s'
<unknown>:26: SyntaxWarning: invalid escape sequence '\.'
<unknown>:301: SyntaxWarning: invalid escape sequence '\l'
<unknown>:353: SyntaxWarning: invalid escape sequence '\s'
<unknown>:499: SyntaxWarning: invalid escape sequence '\s'
<unknown>:503: SyntaxWarning: invalid escape sequence '\s'
<unknown>:531: SyntaxWarning: invalid escape sequence '\o'
<unknown>:129: SyntaxWarning: invalid escape sequence '\s'
<unknown>:143: SyntaxWarning: invalid escape sequence '\S'
<unknown>:17: SyntaxWarning: invalid escape sequence '\p'
<unknown>:18: SyntaxWarning: invalid escape sequence '\p'
<unknown>:19: SyntaxWarning: invalid escape sequence '\p'
<unknown>:497: SyntaxWarning: invalid escape sequence '\w'
<unknown>:641: SyntaxWarning: invalid escape sequence '\d'
<unknown>:144: SyntaxWarning: invalid escape sequence '\s'
<unknown>:256: SyntaxWarning: invalid escape sequence '\s'
<unknown>:263: SyntaxWarning: invalid escape sequence '\d'
<unknown>:1: SyntaxWarning: invalid escape sequence '\s'
<unknown>:231: SyntaxWarning: invalid escape sequence '\*'
<unknown>:322: SyntaxWarning: invalid escape sequence '\w'
<unknown>:93: SyntaxWarning: invalid escape sequence '\d'
<unknown>:5: SyntaxWarning: invalid escape sequence '\P'
<unknown>:623: SyntaxWarning: invalid escape sequence '\d'
<unknown>:232: SyntaxWarning: invalid escape sequence '\ '
<unknown>:233: SyntaxWarning: invalid escape sequence '\ '
<unknown>:31: SyntaxWarning: invalid escape sequence '\e'
<unknown>:34: SyntaxWarning: invalid escape sequence '\.'
<unknown>:811: SyntaxWarning: invalid escape sequence '\s'
<unknown>:1027: SyntaxWarning: invalid escape sequence '\s'
<unknown>:202: SyntaxWarning: invalid escape sequence '\d'
  6500      4091    3.3494    3.3494    0.1541    75.5   6.44e-04  α=[2<-34:-0.114]
<unknown>:207: SyntaxWarning: invalid escape sequence '\W'
<unknown>:15: SyntaxWarning: invalid escape sequence '\d'
<unknown>:29: SyntaxWarning: invalid escape sequence '\{'
<unknown>:36: SyntaxWarning: invalid escape sequence '\{'
<unknown>:250: SyntaxWarning: invalid escape sequence '\*'
<unknown>:60: SyntaxWarning: invalid escape sequence '\S'
<unknown>:170: SyntaxWarning: invalid escape sequence '\w'
<unknown>:29: SyntaxWarning: invalid escape sequence '\D'
<unknown>:74: SyntaxWarning: invalid escape sequence '\*'
<unknown>:45: SyntaxWarning: invalid escape sequence '\('
<unknown>:45: SyntaxWarning: invalid escape sequence '\)'
<unknown>:67: SyntaxWarning: invalid escape sequence '\s'
<unknown>:25: SyntaxWarning: invalid escape sequence '\e'
<unknown>:81: SyntaxWarning: invalid escape sequence '\.'
<unknown>:81: SyntaxWarning: invalid escape sequence '\d'
<unknown>:61: SyntaxWarning: invalid escape sequence '\['
<unknown>:22: SyntaxWarning: invalid escape sequence '\.'
<unknown>:41: SyntaxWarning: invalid escape sequence '\.'
<unknown>:16: SyntaxWarning: invalid escape sequence '\d'
  7000      4135    3.4175    3.4175    0.1317    66.3   5.97e-04  α=[2<-34:-0.124]
<unknown>:38: SyntaxWarning: invalid escape sequence '\M'
<unknown>:70: SyntaxWarning: invalid escape sequence '\M'
<unknown>:347: SyntaxWarning: invalid escape sequence '\s'
<unknown>:51: SyntaxWarning: invalid escape sequence '\s'
<unknown>:105: SyntaxWarning: invalid escape sequence '\s'
<unknown>:111: SyntaxWarning: invalid escape sequence '\s'
<unknown>:112: SyntaxWarning: invalid escape sequence '\s'
<unknown>:117: SyntaxWarning: invalid escape sequence '\s'
<unknown>:121: SyntaxWarning: invalid escape sequence '\w'
<unknown>:141: SyntaxWarning: invalid escape sequence '\('
<unknown>:142: SyntaxWarning: invalid escape sequence '\('
<unknown>:143: SyntaxWarning: invalid escape sequence '\('
<unknown>:144: SyntaxWarning: invalid escape sequence '\('
<unknown>:145: SyntaxWarning: invalid escape sequence '\('
<unknown>:146: SyntaxWarning: invalid escape sequence '\('
<unknown>:192: SyntaxWarning: invalid escape sequence '\w'
<unknown>:192: SyntaxWarning: invalid escape sequence '\w'
<unknown>:18: SyntaxWarning: invalid escape sequence '\.'
<unknown>:694: SyntaxWarning: invalid escape sequence '\s'
<unknown>:41: SyntaxWarning: invalid escape sequence '\%'
<unknown>:45: SyntaxWarning: invalid escape sequence '\;'
<unknown>:104: SyntaxWarning: invalid escape sequence '\d'
<unknown>:67: SyntaxWarning: invalid escape sequence '\w'
<unknown>:196: SyntaxWarning: invalid escape sequence '\w'
<unknown>:155: SyntaxWarning: invalid escape sequence '\_'
<unknown>:156: SyntaxWarning: invalid escape sequence '\_'
<unknown>:157: SyntaxWarning: invalid escape sequence '\_'
<unknown>:29: SyntaxWarning: invalid escape sequence '\`'
<unknown>:156: SyntaxWarning: invalid escape sequence '\^'
<unknown>:157: SyntaxWarning: invalid escape sequence '\?'
<unknown>:49: SyntaxWarning: invalid escape sequence '\w'
<unknown>:59: SyntaxWarning: invalid escape sequence '\w'
<unknown>:70: SyntaxWarning: invalid escape sequence '\w'
<unknown>:81: SyntaxWarning: invalid escape sequence '\w'
<unknown>:96: SyntaxWarning: invalid escape sequence '\w'
<unknown>:118: SyntaxWarning: invalid escape sequence '\w'
  7500      4135    3.3031    3.3031    0.1391    69.0   5.50e-04  α=[2<-34:-0.134]
[transformers] Token indices sequence length is longer than the specified maximum sequence length for this model (23199 > 8192). Running this sequence through the model will result in indexing errors
<unknown>:1120: SyntaxWarning: invalid escape sequence '\h'
<unknown>:56: SyntaxWarning: invalid escape sequence '\P'
        VAL  loss=3.8933  ppl=49.07
<unknown>:23: SyntaxWarning: invalid escape sequence '\`'
<unknown>:46: SyntaxWarning: invalid escape sequence '\w'
<unknown>:63: SyntaxWarning: invalid escape sequence '\#'
<unknown>:64: SyntaxWarning: invalid escape sequence '\#'
<unknown>:65: SyntaxWarning: invalid escape sequence '\#'
<unknown>:21: SyntaxWarning: invalid escape sequence '\.'
<unknown>:404: SyntaxWarning: invalid escape sequence '\s'
<unknown>:54: SyntaxWarning: invalid escape sequence '\D'
<unknown>:122: SyntaxWarning: invalid escape sequence '\D'
<unknown>:178: SyntaxWarning: invalid escape sequence '\D'
<unknown>:203: SyntaxWarning: invalid escape sequence '\D'
<unknown>:20: SyntaxWarning: invalid escape sequence '\s'
<unknown>:76: SyntaxWarning: invalid escape sequence '\d'
<unknown>:78: SyntaxWarning: invalid escape sequence '\w'
<unknown>:79: SyntaxWarning: invalid escape sequence '\d'
<unknown>:80: SyntaxWarning: invalid escape sequence '\d'
<unknown>:82: SyntaxWarning: invalid escape sequence '\d'
<unknown>:428: SyntaxWarning: invalid escape sequence '\%'
<unknown>:428: SyntaxWarning: invalid escape sequence '\_'
<unknown>:498: SyntaxWarning: invalid escape sequence '\c'
<unknown>:801: SyntaxWarning: invalid escape sequence '\*'
<unknown>:863: SyntaxWarning: invalid escape sequence '\*'
<unknown>:2041: SyntaxWarning: invalid escape sequence '\ '
<unknown>:2304: SyntaxWarning: invalid escape sequence '\*'
<unknown>:26: SyntaxWarning: invalid escape sequence '\%'
<unknown>:27: SyntaxWarning: invalid escape sequence '\:'
<unknown>:28: SyntaxWarning: invalid escape sequence '\?'
<unknown>:161: SyntaxWarning: invalid escape sequence '\|'
<unknown>:85: SyntaxWarning: invalid escape sequence '\|'
<unknown>:54: SyntaxWarning: invalid escape sequence '\_'
<unknown>:53: SyntaxWarning: invalid escape sequence '\|'
<unknown>:637: SyntaxWarning: invalid escape sequence '\d'
<unknown>:121: SyntaxWarning: invalid escape sequence '\_'
<unknown>:701: SyntaxWarning: invalid escape sequence '\_'
<unknown>:2878: SyntaxWarning: invalid escape sequence '\*'
<unknown>:83: SyntaxWarning: invalid escape sequence '\s'
<unknown>:102: SyntaxWarning: invalid escape sequence '\{'
<unknown>:2346: SyntaxWarning: invalid escape sequence '\^'
<unknown>:4568: SyntaxWarning: invalid escape sequence '\%'
<unknown>:4614: SyntaxWarning: invalid escape sequence '\%'
  8000      4019    3.4922    3.4922    0.1343    73.6   5.03e-04  α=[2<-34:-0.142]
<unknown>:56: SyntaxWarning: invalid escape sequence '\-'
<unknown>:18: SyntaxWarning: invalid escape sequence '\.'
<unknown>:428: SyntaxWarning: invalid escape sequence '\s'
<unknown>:451: SyntaxWarning: invalid escape sequence '\['
<unknown>:456: SyntaxWarning: invalid escape sequence '\d'
<unknown>:62: SyntaxWarning: invalid escape sequence '\s'
<unknown>:65: SyntaxWarning: invalid escape sequence '\.'
<unknown>:67: SyntaxWarning: invalid escape sequence '\s'
<unknown>:69: SyntaxWarning: invalid escape sequence '\s'
<unknown>:71: SyntaxWarning: invalid escape sequence '\d'
<unknown>:76: SyntaxWarning: invalid escape sequence '\.'
<unknown>:77: SyntaxWarning: invalid escape sequence '\d'
<unknown>:78: SyntaxWarning: invalid escape sequence '\d'
<unknown>:79: SyntaxWarning: invalid escape sequence '\d'
<unknown>:105: SyntaxWarning: invalid escape sequence '\.'
<unknown>:161: SyntaxWarning: invalid escape sequence '\d'
<unknown>:214: SyntaxWarning: invalid escape sequence '\d'
<unknown>:215: SyntaxWarning: invalid escape sequence '\d'
<unknown>:286: SyntaxWarning: invalid escape sequence '\d'
<unknown>:287: SyntaxWarning: invalid escape sequence '\d'
<unknown>:359: SyntaxWarning: invalid escape sequence '\d'
<unknown>:454: SyntaxWarning: invalid escape sequence '\d'
<unknown>:456: SyntaxWarning: invalid escape sequence '\+'
<unknown>:79: SyntaxWarning: invalid escape sequence '\/'
<unknown>:142: SyntaxWarning: invalid escape sequence '\d'
<unknown>:112: SyntaxWarning: invalid escape sequence '\s'
<unknown>:63: SyntaxWarning: invalid escape sequence '\d'
<unknown>:76: SyntaxWarning: invalid escape sequence '\d'
<unknown>:146: SyntaxWarning: invalid escape sequence '\s'
<unknown>:79: SyntaxWarning: invalid escape sequence '\-'
<unknown>:160: SyntaxWarning: invalid escape sequence '\w'
<unknown>:165: SyntaxWarning: invalid escape sequence '\d'
<unknown>:368: SyntaxWarning: invalid escape sequence '\_'
<unknown>:505: SyntaxWarning: invalid escape sequence '\/'
<unknown>:41: SyntaxWarning: invalid escape sequence '\s'
<unknown>:49: SyntaxWarning: invalid escape sequence '\ '
<unknown>:92: SyntaxWarning: invalid escape sequence '\d'
<unknown>:105: SyntaxWarning: invalid escape sequence '\d'
<unknown>:209: SyntaxWarning: invalid escape sequence '\|'
<unknown>:40: SyntaxWarning: invalid escape sequence '\+'
<unknown>:41: SyntaxWarning: invalid escape sequence '\s'
<unknown>:42: SyntaxWarning: invalid escape sequence '\+'
<unknown>:43: SyntaxWarning: invalid escape sequence '\s'
<unknown>:403: SyntaxWarning: invalid escape sequence '\]'
<unknown>:631: SyntaxWarning: invalid escape sequence '\d'
<unknown>:73: SyntaxWarning: invalid escape sequence '\d'
  8500      4141    2.8794    2.8794    0.0983    54.6   4.56e-04  α=[2<-34:-0.149]
<unknown>:695: SyntaxWarning: invalid escape sequence '\s'
<unknown>:144: SyntaxWarning: invalid escape sequence '\s'
<unknown>:147: SyntaxWarning: invalid escape sequence '\='
<unknown>:148: SyntaxWarning: invalid escape sequence '\s'
<unknown>:149: SyntaxWarning: invalid escape sequence '\s'
<unknown>:150: SyntaxWarning: invalid escape sequence '\s'
<unknown>:155: SyntaxWarning: invalid escape sequence '\/'
<unknown>:159: SyntaxWarning: invalid escape sequence '\$'
<unknown>:1012: SyntaxWarning: invalid escape sequence '\s'
<unknown>:1510: SyntaxWarning: invalid escape sequence '\%'
<unknown>:79: SyntaxWarning: invalid escape sequence '\*'
<unknown>:95: SyntaxWarning: invalid escape sequence '\*'
<unknown>:111: SyntaxWarning: invalid escape sequence '\*'
<unknown>:127: SyntaxWarning: invalid escape sequence '\*'
<unknown>:62: SyntaxWarning: invalid escape sequence '\-'
<unknown>:781: SyntaxWarning: invalid escape sequence '\s'
  9000      4111    3.2220    3.2220    0.1077    57.3   4.11e-04  α=[2<-34:-0.155]
<unknown>:18: SyntaxWarning: invalid escape sequence '\)'
<unknown>:153: SyntaxWarning: invalid escape sequence '\]'
<unknown>:569: SyntaxWarning: invalid escape sequence '\_'
<unknown>:592: SyntaxWarning: invalid escape sequence '\_'
<unknown>:332: SyntaxWarning: invalid escape sequence '\_'
<unknown>:335: SyntaxWarning: invalid escape sequence '\_'
<unknown>:336: SyntaxWarning: invalid escape sequence '\_'
<unknown>:337: SyntaxWarning: invalid escape sequence '\_'
<unknown>:338: SyntaxWarning: invalid escape sequence '\['
<unknown>:342: SyntaxWarning: invalid escape sequence '\['
<unknown>:343: SyntaxWarning: invalid escape sequence '\_'
<unknown>:344: SyntaxWarning: invalid escape sequence '\:'
<unknown>:345: SyntaxWarning: invalid escape sequence '\/'
<unknown>:346: SyntaxWarning: invalid escape sequence '\s'
<unknown>:347: SyntaxWarning: invalid escape sequence '\s'
<unknown>:358: SyntaxWarning: invalid escape sequence '\['
<unknown>:438: SyntaxWarning: invalid escape sequence '\.'
<unknown>:45: SyntaxWarning: invalid escape sequence '\('
<unknown>:45: SyntaxWarning: invalid escape sequence '\s'
<unknown>:183: SyntaxWarning: invalid escape sequence '\s'
<unknown>:206: SyntaxWarning: invalid escape sequence '\d'
<unknown>:266: SyntaxWarning: invalid escape sequence '\/'
<unknown>:326: SyntaxWarning: invalid escape sequence '\('
<unknown>:484: SyntaxWarning: invalid escape sequence '\w'
<unknown>:497: SyntaxWarning: invalid escape sequence '\)'
<unknown>:516: SyntaxWarning: invalid escape sequence '\w'
<unknown>:538: SyntaxWarning: invalid escape sequence '\w'
<unknown>:601: SyntaxWarning: invalid escape sequence '\s'
<unknown>:622: SyntaxWarning: invalid escape sequence '\w'
<unknown>:623: SyntaxWarning: invalid escape sequence '\w'
<unknown>:631: SyntaxWarning: invalid escape sequence '\s'
<unknown>:687: SyntaxWarning: invalid escape sequence '\w'
<unknown>:709: SyntaxWarning: invalid escape sequence '\w'
<unknown>:740: SyntaxWarning: invalid escape sequence '\s'
<unknown>:777: SyntaxWarning: invalid escape sequence '\d'
<unknown>:778: SyntaxWarning: invalid escape sequence '\d'
<unknown>:805: SyntaxWarning: invalid escape sequence '\d'
<unknown>:808: SyntaxWarning: invalid escape sequence '\d'
<unknown>:833: SyntaxWarning: invalid escape sequence '\d'
<unknown>:834: SyntaxWarning: invalid escape sequence '\d'
<unknown>:864: SyntaxWarning: invalid escape sequence '\w'
<unknown>:894: SyntaxWarning: invalid escape sequence '\w'
<unknown>:910: SyntaxWarning: invalid escape sequence '\)'
<unknown>:941: SyntaxWarning: invalid escape sequence '\s'
<unknown>:959: SyntaxWarning: invalid escape sequence '\w'
<unknown>:964: SyntaxWarning: invalid escape sequence '\)'
<unknown>:1021: SyntaxWarning: invalid escape sequence '\s'
<unknown>:1035: SyntaxWarning: invalid escape sequence '\d'
<unknown>:1071: SyntaxWarning: invalid escape sequence '\w'
<unknown>:1079: SyntaxWarning: invalid escape sequence '\)'
<unknown>:1098: SyntaxWarning: invalid escape sequence '\w'
<unknown>:1119: SyntaxWarning: invalid escape sequence '\w'
<unknown>:1133: SyntaxWarning: invalid escape sequence '\)'
<unknown>:1154: SyntaxWarning: invalid escape sequence '\w'
<unknown>:1239: SyntaxWarning: invalid escape sequence '\s'
<unknown>:1290: SyntaxWarning: invalid escape sequence '\)'
<unknown>:1333: SyntaxWarning: invalid escape sequence '\w'
<unknown>:1411: SyntaxWarning: invalid escape sequence '\w'
<unknown>:1443: SyntaxWarning: invalid escape sequence '\w'
<unknown>:1465: SyntaxWarning: invalid escape sequence '\w'
<unknown>:1470: SyntaxWarning: invalid escape sequence '\)'
<unknown>:1489: SyntaxWarning: invalid escape sequence '\w'
<unknown>:1496: SyntaxWarning: invalid escape sequence '\['
<unknown>:1517: SyntaxWarning: invalid escape sequence '\)'
<unknown>:1536: SyntaxWarning: invalid escape sequence '\w'
<unknown>:1544: SyntaxWarning: invalid escape sequence '\)'
<unknown>:1659: SyntaxWarning: invalid escape sequence '\s'
<unknown>:1728: SyntaxWarning: invalid escape sequence '\w'
<unknown>:1750: SyntaxWarning: invalid escape sequence '\w'
<unknown>:1776: SyntaxWarning: invalid escape sequence '\w'
<unknown>:1781: SyntaxWarning: invalid escape sequence '\)'
<unknown>:1802: SyntaxWarning: invalid escape sequence '\['
<unknown>:1882: SyntaxWarning: invalid escape sequence '\w'
<unknown>:1941: SyntaxWarning: invalid escape sequence '\w'
<unknown>:1946: SyntaxWarning: invalid escape sequence '\)'
<unknown>:1993: SyntaxWarning: invalid escape sequence '\w'
<unknown>:1998: SyntaxWarning: invalid escape sequence '\)'
<unknown>:16: SyntaxWarning: invalid escape sequence '\.'
<unknown>:1529: SyntaxWarning: invalid escape sequence '\p'
<unknown>:1572: SyntaxWarning: invalid escape sequence '\l'
<unknown>:1620: SyntaxWarning: invalid escape sequence '\s'
<unknown>:1686: SyntaxWarning: invalid escape sequence '\p'
<unknown>:1783: SyntaxWarning: invalid escape sequence '\s'
<unknown>:72: SyntaxWarning: invalid escape sequence '\d'
<unknown>:86: SyntaxWarning: invalid escape sequence '\.'
<unknown>:31: SyntaxWarning: invalid escape sequence '\.'
<unknown>:44: SyntaxWarning: invalid escape sequence '\.'
<unknown>:73: SyntaxWarning: invalid escape sequence '\.'
<unknown>:124: SyntaxWarning: invalid escape sequence '\.'
<unknown>:317: SyntaxWarning: invalid escape sequence '\{'
  9500      4142    3.2348    3.2348    0.1182    71.9   3.67e-04  α=[2<-34:-0.159]
<unknown>:36: SyntaxWarning: invalid escape sequence '\$'
<unknown>:39: SyntaxWarning: invalid escape sequence '\.'
<unknown>:328: SyntaxWarning: invalid escape sequence '\*'
<unknown>:935: SyntaxWarning: invalid escape sequence '\S'
<unknown>:89: SyntaxWarning: invalid escape sequence '\d'
<unknown>:496: SyntaxWarning: invalid escape sequence '\#'
<unknown>:88: SyntaxWarning: invalid escape sequence '\s'
<unknown>:228: SyntaxWarning: invalid escape sequence '\e'
<unknown>:31: SyntaxWarning: invalid escape sequence '\Z'
<unknown>:28: SyntaxWarning: invalid escape sequence '\|'
<unknown>:1552: SyntaxWarning: invalid escape sequence '\$'
<unknown>:70: SyntaxWarning: invalid escape sequence '\s'
<unknown>:71: SyntaxWarning: invalid escape sequence '\s'
<unknown>:72: SyntaxWarning: invalid escape sequence '\s'
<unknown>:73: SyntaxWarning: invalid escape sequence '\s'
<unknown>:74: SyntaxWarning: invalid escape sequence '\s'
<unknown>:75: SyntaxWarning: invalid escape sequence '\s'
<unknown>:76: SyntaxWarning: invalid escape sequence '\s'
<unknown>:77: SyntaxWarning: invalid escape sequence '\s'
<unknown>:69: SyntaxWarning: invalid escape sequence '\d'
<unknown>:18: SyntaxWarning: invalid escape sequence '\d'
<unknown>:25: SyntaxWarning: invalid escape sequence '\s'
<unknown>:10: SyntaxWarning: invalid escape sequence '\.'
<unknown>:474: SyntaxWarning: invalid escape sequence '\*'
<unknown>:484: SyntaxWarning: invalid escape sequence '\*'
<unknown>:494: SyntaxWarning: invalid escape sequence '\*'
<unknown>:504: SyntaxWarning: invalid escape sequence '\*'
<unknown>:515: SyntaxWarning: invalid escape sequence '\*'
<unknown>:525: SyntaxWarning: invalid escape sequence '\*'
<unknown>:535: SyntaxWarning: invalid escape sequence '\*'
 10000      4140    3.1798    3.1798    0.1061    66.9   3.25e-04  α=[2<-34:-0.168]
[transformers] Token indices sequence length is longer than the specified maximum sequence length for this model (23199 > 8192). Running this sequence through the model will result in indexing errors
<unknown>:1120: SyntaxWarning: invalid escape sequence '\h'
<unknown>:56: SyntaxWarning: invalid escape sequence '\P'
        VAL  loss=3.6600  ppl=38.86
<unknown>:209: SyntaxWarning: invalid escape sequence '\+'
<unknown>:219: SyntaxWarning: invalid escape sequence '\['
<unknown>:220: SyntaxWarning: invalid escape sequence '\['
<unknown>:221: SyntaxWarning: invalid escape sequence '\['
<unknown>:225: SyntaxWarning: invalid escape sequence '\['
<unknown>:226: SyntaxWarning: invalid escape sequence '\['
<unknown>:227: SyntaxWarning: invalid escape sequence '\['
<unknown>:232: SyntaxWarning: invalid escape sequence '\+'
<unknown>:233: SyntaxWarning: invalid escape sequence '\+'
<unknown>:32: SyntaxWarning: invalid escape sequence '\d'
<unknown>:54: SyntaxWarning: invalid escape sequence '\d'
<unknown>:19: SyntaxWarning: invalid escape sequence '\.'
<unknown>:20: SyntaxWarning: invalid escape sequence '\.'
<unknown>:21: SyntaxWarning: invalid escape sequence '\+'
<unknown>:26: SyntaxWarning: invalid escape sequence '\.'
<unknown>:27: SyntaxWarning: invalid escape sequence '\.'
<unknown>:28: SyntaxWarning: invalid escape sequence '\+'
<unknown>:387: SyntaxWarning: invalid escape sequence '\('
<unknown>:407: SyntaxWarning: invalid escape sequence '\ '
<unknown>:42: SyntaxWarning: invalid escape sequence '\('
<unknown>:44: SyntaxWarning: invalid escape sequence '\('
<unknown>:89: SyntaxWarning: invalid escape sequence '\:'
<unknown>:90: SyntaxWarning: invalid escape sequence '\:'
<unknown>:91: SyntaxWarning: invalid escape sequence '\('
<unknown>:19: SyntaxWarning: invalid escape sequence '\.'
<unknown>:20: SyntaxWarning: invalid escape sequence '\.'
<unknown>:41: SyntaxWarning: invalid escape sequence '\/'
<unknown>:76: SyntaxWarning: invalid escape sequence '\d'
<unknown>:98: SyntaxWarning: invalid escape sequence '\d'
<unknown>:121: SyntaxWarning: invalid escape sequence '\d'
<unknown>:144: SyntaxWarning: invalid escape sequence '\?'
<unknown>:148: SyntaxWarning: invalid escape sequence '\?'
<unknown>:156: SyntaxWarning: invalid escape sequence '\d'
<unknown>:168: SyntaxWarning: invalid escape sequence '\s'
<unknown>:169: SyntaxWarning: invalid escape sequence '\s'
<unknown>:61: SyntaxWarning: invalid escape sequence '\.'
<unknown>:1: SyntaxWarning: invalid escape sequence '\i'
<unknown>:52: SyntaxWarning: invalid escape sequence '\S'
<unknown>:55: SyntaxWarning: invalid escape sequence '\s'
<unknown>:94: SyntaxWarning: invalid escape sequence '\s'
<unknown>:96: SyntaxWarning: invalid escape sequence '\g'
<unknown>:98: SyntaxWarning: invalid escape sequence '\g'
<unknown>:98: SyntaxWarning: invalid escape sequence '\('
<unknown>:94: SyntaxWarning: invalid escape sequence '\w'
<unknown>:95: SyntaxWarning: invalid escape sequence '\w'
<unknown>:37: SyntaxWarning: invalid escape sequence '\d'
<unknown>:38: SyntaxWarning: invalid escape sequence '\d'
<unknown>:39: SyntaxWarning: invalid escape sequence '\d'
<unknown>:40: SyntaxWarning: invalid escape sequence '\d'
<unknown>:41: SyntaxWarning: invalid escape sequence '\d'
<unknown>:557: SyntaxWarning: invalid escape sequence '\['
<unknown>:58: SyntaxWarning: invalid escape sequence '\.'
<unknown>:42: SyntaxWarning: invalid escape sequence '\G'
<unknown>:44: SyntaxWarning: invalid escape sequence '\G'
<unknown>:44: SyntaxWarning: invalid escape sequence '\G'
<unknown>:47: SyntaxWarning: invalid escape sequence '\G'
<unknown>:48: SyntaxWarning: invalid escape sequence '\G'
<unknown>:542: SyntaxWarning: invalid escape sequence '\S'
<unknown>:548: SyntaxWarning: invalid escape sequence '\S'
<unknown>:16: SyntaxWarning: invalid escape sequence '\.'
<unknown>:17: SyntaxWarning: invalid escape sequence '\.'
<unknown>:100: SyntaxWarning: invalid escape sequence '\.'
<unknown>:43: SyntaxWarning: invalid escape sequence '\w'
<unknown>:15: SyntaxWarning: invalid escape sequence '\.'
<unknown>:16: SyntaxWarning: invalid escape sequence '\W'
<unknown>:17: SyntaxWarning: invalid escape sequence '\W'
<unknown>:19: SyntaxWarning: invalid escape sequence '\W'
<unknown>:22: SyntaxWarning: invalid escape sequence '\W'
<unknown>:23: SyntaxWarning: invalid escape sequence '\s'
<unknown>:27: SyntaxWarning: invalid escape sequence '\/'
<unknown>:28: SyntaxWarning: invalid escape sequence '\/'
<unknown>:29: SyntaxWarning: invalid escape sequence '\{'
<unknown>:30: SyntaxWarning: invalid escape sequence '\$'
<unknown>:31: SyntaxWarning: invalid escape sequence '\d'
<unknown>:32: SyntaxWarning: invalid escape sequence '\d'
<unknown>:35: SyntaxWarning: invalid escape sequence '\$'
<unknown>:36: SyntaxWarning: invalid escape sequence '\%'
<unknown>:37: SyntaxWarning: invalid escape sequence '\{'
<unknown>:38: SyntaxWarning: invalid escape sequence '\+'
<unknown>:39: SyntaxWarning: invalid escape sequence '\d'
<unknown>:45: SyntaxWarning: invalid escape sequence '\+'
<unknown>:46: SyntaxWarning: invalid escape sequence '\+'
<unknown>:48: SyntaxWarning: invalid escape sequence '\w'
<unknown>:133: SyntaxWarning: invalid escape sequence '\g'
 10500      4075    3.1480    3.1480    0.1195    75.8   2.85e-04  α=[2<-34:-0.173]
<unknown>:1879: SyntaxWarning: invalid escape sequence '\_'
<unknown>:215: SyntaxWarning: invalid escape sequence '\.'
<unknown>:377: SyntaxWarning: invalid escape sequence '\.'
<unknown>:158: SyntaxWarning: invalid escape sequence '\.'
<unknown>:3001: SyntaxWarning: invalid escape sequence '\B'
<unknown>:703: SyntaxWarning: invalid escape sequence '\s'
<unknown>:86: SyntaxWarning: invalid escape sequence '\_'
<unknown>:136: SyntaxWarning: invalid escape sequence '\/'
<unknown>:61: SyntaxWarning: invalid escape sequence '\s'
<unknown>:82: SyntaxWarning: invalid escape sequence '\d'
<unknown>:157: SyntaxWarning: invalid escape sequence '\('
<unknown>:142: SyntaxWarning: invalid escape sequence '\*'
<unknown>:143: SyntaxWarning: invalid escape sequence '\*'
<unknown>:638: SyntaxWarning: invalid escape sequence '\.'
<unknown>:645: SyntaxWarning: invalid escape sequence '\.'
<unknown>:243: SyntaxWarning: invalid escape sequence '\('
<unknown>:245: SyntaxWarning: invalid escape sequence '\('
<unknown>:259: SyntaxWarning: invalid escape sequence '\.'
<unknown>:147: SyntaxWarning: invalid escape sequence '\ '
 11000      4115    3.1096    3.1096    0.1111    72.5   2.49e-04  α=[2<-34:-0.179]
<unknown>:3: SyntaxWarning: invalid escape sequence '\D'
<unknown>:75: SyntaxWarning: invalid escape sequence '\d'
<unknown>:94: SyntaxWarning: invalid escape sequence '\d'
<unknown>:106: SyntaxWarning: invalid escape sequence '\d'
<unknown>:114: SyntaxWarning: invalid escape sequence '\d'
<unknown>:135: SyntaxWarning: invalid escape sequence '\d'
<unknown>:153: SyntaxWarning: invalid escape sequence '\d'
<unknown>:419: SyntaxWarning: invalid escape sequence '\-'
<unknown>:703: SyntaxWarning: invalid escape sequence '\d'
<unknown>:690: SyntaxWarning: invalid escape sequence '\('
<unknown>:42: SyntaxWarning: invalid escape sequence '\s'
<unknown>:43: SyntaxWarning: invalid escape sequence '\w'
<unknown>:45: SyntaxWarning: invalid escape sequence '\s'
<unknown>:263: SyntaxWarning: invalid escape sequence '\-'
<unknown>:109: SyntaxWarning: invalid escape sequence '\s'
<unknown>:22: SyntaxWarning: invalid escape sequence '\s'
<unknown>:63: SyntaxWarning: invalid escape sequence '\d'
<unknown>:19: SyntaxWarning: invalid escape sequence '\.'
<unknown>:25: SyntaxWarning: invalid escape sequence '\.'
<unknown>:28: SyntaxWarning: invalid escape sequence '\.'
<unknown>:31: SyntaxWarning: invalid escape sequence '\.'
<unknown>:34: SyntaxWarning: invalid escape sequence '\.'
<unknown>:37: SyntaxWarning: invalid escape sequence '\.'
<unknown>:40: SyntaxWarning: invalid escape sequence '\.'
<unknown>:45: SyntaxWarning: invalid escape sequence '\.'
<unknown>:922: SyntaxWarning: invalid escape sequence '\w'
<unknown>:62: SyntaxWarning: invalid escape sequence '\d'
<unknown>:32: SyntaxWarning: invalid escape sequence '\s'
<unknown>:53: SyntaxWarning: invalid escape sequence '\p'
<unknown>:33: SyntaxWarning: invalid escape sequence '\['
<unknown>:384: SyntaxWarning: invalid escape sequence '\.'
<unknown>:636: SyntaxWarning: invalid escape sequence '\.'
<unknown>:11: SyntaxWarning: invalid escape sequence '\('
<unknown>:65: SyntaxWarning: invalid escape sequence '\+'
<unknown>:88: SyntaxWarning: invalid escape sequence '\+'
<unknown>:110: SyntaxWarning: invalid escape sequence '\.'
<unknown>:195: SyntaxWarning: invalid escape sequence '\s'
<unknown>:249: SyntaxWarning: invalid escape sequence '\.'
<unknown>:87: SyntaxWarning: invalid escape sequence '\.'
<unknown>:784: SyntaxWarning: invalid escape sequence '\='
<unknown>:86: SyntaxWarning: invalid escape sequence '\.'
 11500      4133    2.9968    2.9968    0.1097    71.5   2.16e-04  α=[2<-34:-0.183]
<unknown>:92: SyntaxWarning: invalid escape sequence '\$'
<unknown>:93: SyntaxWarning: invalid escape sequence '\{'
<unknown>:22: SyntaxWarning: invalid escape sequence '\.'
<unknown>:145: SyntaxWarning: invalid escape sequence '\('
<unknown>:540: SyntaxWarning: invalid escape sequence '\:'
<unknown>:206: SyntaxWarning: invalid escape sequence '\s'
<unknown>:77: SyntaxWarning: invalid escape sequence '\w'
<unknown>:342: SyntaxWarning: invalid escape sequence '\|'
<unknown>:480: SyntaxWarning: invalid escape sequence '\*'
<unknown>:491: SyntaxWarning: invalid escape sequence '\*'
<unknown>:502: SyntaxWarning: invalid escape sequence '\*'
<unknown>:513: SyntaxWarning: invalid escape sequence '\*'
<unknown>:525: SyntaxWarning: invalid escape sequence '\*'
<unknown>:536: SyntaxWarning: invalid escape sequence '\*'
<unknown>:547: SyntaxWarning: invalid escape sequence '\*'
<unknown>:117: SyntaxWarning: invalid escape sequence '\ '
<unknown>:118: SyntaxWarning: invalid escape sequence '\ '
<unknown>:72: SyntaxWarning: invalid escape sequence '\.'
<unknown>:38: SyntaxWarning: invalid escape sequence '\D'
<unknown>:101: SyntaxWarning: invalid escape sequence '\D'
<unknown>:153: SyntaxWarning: invalid escape sequence '\D'
<unknown>:174: SyntaxWarning: invalid escape sequence '\D'
 12000      4139    3.1016    3.1016    0.1059    70.7   1.86e-04  α=[2<-34:-0.186]
<unknown>:108: SyntaxWarning: invalid escape sequence '\c'
<unknown>:378: SyntaxWarning: invalid escape sequence '\i'
<unknown>:416: SyntaxWarning: invalid escape sequence '\*'
<unknown>:77: SyntaxWarning: invalid escape sequence '\['
<unknown>:387: SyntaxWarning: invalid escape sequence '\*'
<unknown>:397: SyntaxWarning: invalid escape sequence '\*'
<unknown>:407: SyntaxWarning: invalid escape sequence '\*'
<unknown>:417: SyntaxWarning: invalid escape sequence '\*'
<unknown>:427: SyntaxWarning: invalid escape sequence '\*'
<unknown>:437: SyntaxWarning: invalid escape sequence '\*'
<unknown>:447: SyntaxWarning: invalid escape sequence '\*'
<unknown>:113: SyntaxWarning: invalid escape sequence '\['
<unknown>:101: SyntaxWarning: invalid escape sequence '\D'
<unknown>:207: SyntaxWarning: invalid escape sequence '\P'
<unknown>:70: SyntaxWarning: invalid escape sequence '\s'
<unknown>:71: SyntaxWarning: invalid escape sequence '\s'
<unknown>:72: SyntaxWarning: invalid escape sequence '\s'
<unknown>:80: SyntaxWarning: invalid escape sequence '\s'
<unknown>:82: SyntaxWarning: invalid escape sequence '\s'
<unknown>:84: SyntaxWarning: invalid escape sequence '\s'
<unknown>:27: SyntaxWarning: invalid escape sequence '\.'
<unknown>:38: SyntaxWarning: invalid escape sequence '\s'
<unknown>:66: SyntaxWarning: invalid escape sequence '\*'
<unknown>:1: SyntaxWarning: invalid escape sequence '\-'
<unknown>:29: SyntaxWarning: invalid escape sequence '\-'
<unknown>:50: SyntaxWarning: invalid escape sequence '\-'
<unknown>:73: SyntaxWarning: invalid escape sequence '\:'
<unknown>:104: SyntaxWarning: invalid escape sequence '\:'
<unknown>:133: SyntaxWarning: invalid escape sequence '\:'
<unknown>:155: SyntaxWarning: invalid escape sequence '\:'
<unknown>:178: SyntaxWarning: invalid escape sequence '\:'
<unknown>:288: SyntaxWarning: invalid escape sequence '\:'
<unknown>:310: SyntaxWarning: invalid escape sequence '\:'
<unknown>:333: SyntaxWarning: invalid escape sequence '\:'
 12500      4137    3.0359    3.0359    0.1060    76.8   1.60e-04  α=[2<-34:-0.188]
[transformers] Token indices sequence length is longer than the specified maximum sequence length for this model (23199 > 8192). Running this sequence through the model will result in indexing errors
<unknown>:1120: SyntaxWarning: invalid escape sequence '\h'
<unknown>:56: SyntaxWarning: invalid escape sequence '\P'
        VAL  loss=3.5124  ppl=33.53
<unknown>:280: SyntaxWarning: invalid escape sequence '\.'
<unknown>:163: SyntaxWarning: invalid escape sequence '\d'
<unknown>:18: SyntaxWarning: invalid escape sequence '\w'
<unknown>:27: SyntaxWarning: invalid escape sequence '\.'
<unknown>:37: SyntaxWarning: invalid escape sequence '\.'
<unknown>:47: SyntaxWarning: invalid escape sequence '\.'
<unknown>:192: SyntaxWarning: invalid escape sequence '\('
<unknown>:78: SyntaxWarning: invalid escape sequence '\d'
<unknown>:100: SyntaxWarning: invalid escape sequence '\$'
<unknown>:174: SyntaxWarning: invalid escape sequence '\['
<unknown>:167: SyntaxWarning: invalid escape sequence '\P'
<unknown>:28: SyntaxWarning: invalid escape sequence '\w'
<unknown>:29: SyntaxWarning: invalid escape sequence '\w'
<unknown>:396: SyntaxWarning: invalid escape sequence '\-'
<unknown>:193: SyntaxWarning: invalid escape sequence '\.'
<unknown>:63: SyntaxWarning: invalid escape sequence '\d'
<unknown>:375: SyntaxWarning: invalid escape sequence '\['
<unknown>:375: SyntaxWarning: invalid escape sequence '\]'
<unknown>:376: SyntaxWarning: invalid escape sequence '\s'
<unknown>:578: SyntaxWarning: invalid escape sequence '\['
<unknown>:578: SyntaxWarning: invalid escape sequence '\]'
<unknown>:579: SyntaxWarning: invalid escape sequence '\s'
<unknown>:831: SyntaxWarning: invalid escape sequence '\s'
<unknown>:94: SyntaxWarning: invalid escape sequence '\.'
<unknown>:105: SyntaxWarning: invalid escape sequence '\.'
<unknown>:51: SyntaxWarning: invalid escape sequence '\w'
<unknown>:206: SyntaxWarning: invalid escape sequence '\w'
<unknown>:112: SyntaxWarning: invalid escape sequence '\.'
 13000      4074    2.9106    2.9106    0.0916    66.4   1.39e-04  α=[2<-34:-0.192]
<unknown>:132: SyntaxWarning: invalid escape sequence '\_'
<unknown>:129: SyntaxWarning: invalid escape sequence '\s'
<unknown>:229: SyntaxWarning: invalid escape sequence '\s'
<unknown>:6: SyntaxWarning: invalid escape sequence '\.'
<unknown>:150: SyntaxWarning: invalid escape sequence '\c'
<unknown>:183: SyntaxWarning: invalid escape sequence '\.'
<unknown>:80: SyntaxWarning: invalid escape sequence '\g'
<unknown>:81: SyntaxWarning: invalid escape sequence '\g'
<unknown>:82: SyntaxWarning: invalid escape sequence '\g'
<unknown>:83: SyntaxWarning: invalid escape sequence '\g'
<unknown>:91: SyntaxWarning: invalid escape sequence '\s'
<unknown>:95: SyntaxWarning: invalid escape sequence '\g'
<unknown>:200: SyntaxWarning: invalid escape sequence '\g'
<unknown>:201: SyntaxWarning: invalid escape sequence '\g'
<unknown>:202: SyntaxWarning: invalid escape sequence '\g'
<unknown>:203: SyntaxWarning: invalid escape sequence '\g'
<unknown>:204: SyntaxWarning: invalid escape sequence '\g'
<unknown>:205: SyntaxWarning: invalid escape sequence '\g'
<unknown>:206: SyntaxWarning: invalid escape sequence '\g'
<unknown>:207: SyntaxWarning: invalid escape sequence '\g'
<unknown>:209: SyntaxWarning: invalid escape sequence '\g'
<unknown>:286: SyntaxWarning: invalid escape sequence '\('
<unknown>:288: SyntaxWarning: invalid escape sequence '\('
<unknown>:290: SyntaxWarning: invalid escape sequence '\('
<unknown>:291: SyntaxWarning: invalid escape sequence '\('
<unknown>:335: SyntaxWarning: invalid escape sequence '\w'
<unknown>:336: SyntaxWarning: invalid escape sequence '\w'
<unknown>:337: SyntaxWarning: invalid escape sequence '\w'
<unknown>:338: SyntaxWarning: invalid escape sequence '\w'
<unknown>:340: SyntaxWarning: invalid escape sequence '\w'
<unknown>:341: SyntaxWarning: invalid escape sequence '\w'
<unknown>:342: SyntaxWarning: invalid escape sequence '\w'
<unknown>:343: SyntaxWarning: invalid escape sequence '\w'
<unknown>:344: SyntaxWarning: invalid escape sequence '\w'
<unknown>:345: SyntaxWarning: invalid escape sequence '\w'
<unknown>:346: SyntaxWarning: invalid escape sequence '\w'
<unknown>:347: SyntaxWarning: invalid escape sequence '\w'
<unknown>:455: SyntaxWarning: invalid escape sequence '\s'
<unknown>:456: SyntaxWarning: invalid escape sequence '\s'
<unknown>:457: SyntaxWarning: invalid escape sequence '\s'
<unknown>:458: SyntaxWarning: invalid escape sequence '\s'
<unknown>:493: SyntaxWarning: invalid escape sequence '\s'
<unknown>:494: SyntaxWarning: invalid escape sequence '\s'
<unknown>:497: SyntaxWarning: invalid escape sequence '\s'
<unknown>:498: SyntaxWarning: invalid escape sequence '\s'
<unknown>:833: SyntaxWarning: invalid escape sequence '\d'
<unknown>:842: SyntaxWarning: invalid escape sequence '\d'
<unknown>:911: SyntaxWarning: invalid escape sequence '\w'
<unknown>:917: SyntaxWarning: invalid escape sequence '\w'
<unknown>:919: SyntaxWarning: invalid escape sequence '\w'
<unknown>:925: SyntaxWarning: invalid escape sequence '\w'
<unknown>:928: SyntaxWarning: invalid escape sequence '\w'
<unknown>:929: SyntaxWarning: invalid escape sequence '\w'
<unknown>:930: SyntaxWarning: invalid escape sequence '\w'
<unknown>:931: SyntaxWarning: invalid escape sequence '\w'
<unknown>:932: SyntaxWarning: invalid escape sequence '\w'
<unknown>:933: SyntaxWarning: invalid escape sequence '\w'
<unknown>:938: SyntaxWarning: invalid escape sequence '\w'
<unknown>:946: SyntaxWarning: invalid escape sequence '\w'
<unknown>:1053: SyntaxWarning: invalid escape sequence '\?'
<unknown>:76: SyntaxWarning: invalid escape sequence '\.'
<unknown>:62: SyntaxWarning: invalid escape sequence '\.'
<unknown>:171: SyntaxWarning: invalid escape sequence '\.'
<unknown>:75: SyntaxWarning: invalid escape sequence '\('
<unknown>:77: SyntaxWarning: invalid escape sequence '\s'
<unknown>:1346: SyntaxWarning: invalid escape sequence '\d'
<unknown>:14: SyntaxWarning: invalid escape sequence '\s'
 13500      4121    2.7820    2.7820    0.1117    69.2   1.22e-04  α=[2<-34:-0.196]
<unknown>:200: SyntaxWarning: invalid escape sequence '\d'
<unknown>:204: SyntaxWarning: invalid escape sequence '\d'
<unknown>:73: SyntaxWarning: invalid escape sequence '\_'
<unknown>:92: SyntaxWarning: invalid escape sequence '\_'
<unknown>:128: SyntaxWarning: invalid escape sequence '\w'
<unknown>:198: SyntaxWarning: invalid escape sequence '\w'
<unknown>:268: SyntaxWarning: invalid escape sequence '\w'
<unknown>:365: SyntaxWarning: invalid escape sequence '\w'
<unknown>:451: SyntaxWarning: invalid escape sequence '\w'
<unknown>:522: SyntaxWarning: invalid escape sequence '\w'
<unknown>:587: SyntaxWarning: invalid escape sequence '\w'
<unknown>:654: SyntaxWarning: invalid escape sequence '\w'
<unknown>:720: SyntaxWarning: invalid escape sequence '\w'
<unknown>:795: SyntaxWarning: invalid escape sequence '\w'
<unknown>:871: SyntaxWarning: invalid escape sequence '\w'
<unknown>:942: SyntaxWarning: invalid escape sequence '\w'
<unknown>:1010: SyntaxWarning: invalid escape sequence '\w'
<unknown>:1109: SyntaxWarning: invalid escape sequence '\w'
<unknown>:1189: SyntaxWarning: invalid escape sequence '\w'
<unknown>:1266: SyntaxWarning: invalid escape sequence '\w'
<unknown>:1353: SyntaxWarning: invalid escape sequence '\w'
<unknown>:1434: SyntaxWarning: invalid escape sequence '\w'
<unknown>:1505: SyntaxWarning: invalid escape sequence '\w'
<unknown>:1575: SyntaxWarning: invalid escape sequence '\w'
<unknown>:1639: SyntaxWarning: invalid escape sequence '\w'
<unknown>:1697: SyntaxWarning: invalid escape sequence '\w'
<unknown>:1769: SyntaxWarning: invalid escape sequence '\w'
<unknown>:1843: SyntaxWarning: invalid escape sequence '\w'
<unknown>:1916: SyntaxWarning: invalid escape sequence '\w'
<unknown>:1994: SyntaxWarning: invalid escape sequence '\w'
<unknown>:2068: SyntaxWarning: invalid escape sequence '\w'
<unknown>:2141: SyntaxWarning: invalid escape sequence '\w'
<unknown>:2212: SyntaxWarning: invalid escape sequence '\w'
<unknown>:2314: SyntaxWarning: invalid escape sequence '\w'
<unknown>:2403: SyntaxWarning: invalid escape sequence '\w'
<unknown>:2483: SyntaxWarning: invalid escape sequence '\w'
<unknown>:2569: SyntaxWarning: invalid escape sequence '\w'
<unknown>:2647: SyntaxWarning: invalid escape sequence '\w'
<unknown>:2721: SyntaxWarning: invalid escape sequence '\w'
<unknown>:241: SyntaxWarning: invalid escape sequence '\?'
<unknown>:242: SyntaxWarning: invalid escape sequence '\?'
<unknown>:244: SyntaxWarning: invalid escape sequence '\d'
<unknown>:32: SyntaxWarning: invalid escape sequence '\.'
<unknown>:70: SyntaxWarning: invalid escape sequence '\d'
<unknown>:936: SyntaxWarning: invalid escape sequence '\{'
<unknown>:938: SyntaxWarning: invalid escape sequence '\{'
<unknown>:42: SyntaxWarning: invalid escape sequence '\w'
<unknown>:145: SyntaxWarning: invalid escape sequence '\+'
 14000      4075    2.6441    2.6441    0.0868    49.2   1.10e-04  α=[2<-34:-0.200]
<unknown>:94: SyntaxWarning: invalid escape sequence '\s'
<unknown>:12: SyntaxWarning: invalid escape sequence '\w'
<unknown>:139: SyntaxWarning: invalid escape sequence '\S'
<unknown>:57: SyntaxWarning: invalid escape sequence '\('
<unknown>:80: SyntaxWarning: invalid escape sequence '\?'
<unknown>:100: SyntaxWarning: invalid escape sequence '\:'
<unknown>:237: SyntaxWarning: invalid escape sequence '\d'
<unknown>:217: SyntaxWarning: invalid escape sequence '\w'
<unknown>:218: SyntaxWarning: invalid escape sequence '\s'
<unknown>:241: SyntaxWarning: invalid escape sequence '\d'
<unknown>:370: SyntaxWarning: invalid escape sequence '\('
<unknown>:23: SyntaxWarning: invalid escape sequence '\d'
<unknown>:24: SyntaxWarning: invalid escape sequence '\-'
<unknown>:7: SyntaxWarning: invalid escape sequence '\['
<unknown>:8: SyntaxWarning: invalid escape sequence '\/'
<unknown>:9: SyntaxWarning: invalid escape sequence '\`'
<unknown>:16: SyntaxWarning: invalid escape sequence '\o'
<unknown>:18: SyntaxWarning: invalid escape sequence '\8'
<unknown>:29: SyntaxWarning: invalid escape sequence '\P'
<unknown>:24: SyntaxWarning: invalid escape sequence '\*'
<unknown>:88: SyntaxWarning: invalid escape sequence '\s'
<unknown>:149: SyntaxWarning: invalid escape sequence '\s'
<unknown>:36: SyntaxWarning: invalid escape sequence '\s'
<unknown>:37: SyntaxWarning: invalid escape sequence '\s'
<unknown>:38: SyntaxWarning: invalid escape sequence '\s'
<unknown>:39: SyntaxWarning: invalid escape sequence '\s'
<unknown>:24: SyntaxWarning: invalid escape sequence '\.'
<unknown>:34: SyntaxWarning: invalid escape sequence '\.'
<unknown>:44: SyntaxWarning: invalid escape sequence '\.'
<unknown>:54: SyntaxWarning: invalid escape sequence '\.'
 14500      4099    2.3210    2.3210    0.0918    55.1   1.02e-04  α=[2<-34:-0.201]
<unknown>:34: SyntaxWarning: invalid escape sequence '\('
<unknown>:365: SyntaxWarning: invalid escape sequence '\S'
<unknown>:371: SyntaxWarning: invalid escape sequence '\S'
<unknown>:378: SyntaxWarning: invalid escape sequence '\S'
<unknown>:69: SyntaxWarning: invalid escape sequence '\%'
<unknown>:73: SyntaxWarning: invalid escape sequence '\%'
<unknown>:172: SyntaxWarning: invalid escape sequence '\%'
<unknown>:199: SyntaxWarning: invalid escape sequence '\%'
<unknown>:206: SyntaxWarning: invalid escape sequence '\%'
<unknown>:207: SyntaxWarning: invalid escape sequence '\%'
<unknown>:233: SyntaxWarning: invalid escape sequence '\%'
<unknown>:255: SyntaxWarning: invalid escape sequence '\%'
<unknown>:318: SyntaxWarning: invalid escape sequence '\%'
<unknown>:30: SyntaxWarning: invalid escape sequence '\?'
<unknown>:11: SyntaxWarning: invalid escape sequence '\l'
<unknown>:37: SyntaxWarning: invalid escape sequence '\d'
<unknown>:50: SyntaxWarning: invalid escape sequence '\d'
<unknown>:86: SyntaxWarning: invalid escape sequence '\w'
<unknown>:7: SyntaxWarning: invalid escape sequence '\/'
<unknown>:53: SyntaxWarning: invalid escape sequence '\.'
<unknown>:36: SyntaxWarning: invalid escape sequence '\w'
<unknown>:522: SyntaxWarning: invalid escape sequence '\s'
<unknown>:5: SyntaxWarning: invalid escape sequence '\s'
 15000      4094    2.9079    2.9079    0.0976    74.4   1.00e-04  α=[2<-34:-0.203]
[transformers] Token indices sequence length is longer than the specified maximum sequence length for this model (23199 > 8192). Running this sequence through the model will result in indexing errors
<unknown>:1120: SyntaxWarning: invalid escape sequence '\h'
<unknown>:56: SyntaxWarning: invalid escape sequence '\P'
        VAL  loss=3.4614  ppl=31.86

Done in 7496s (500 ms/step avg).
Checkpoint saved to /home/knielsen/ml/parallel-ss-dep/checkpoints/film_self_k3_lsem_uniform_b10_708M_muon.pt
